=========================================================================================================== 
BIOMASS VALITDATION STEP: 1
TIME:
summary.ground_biomass_total:
summary.Biomass_GROUND_MAX:
summary.Biomass_GROUND_MIN:
----------------------------------------------------------------------------------------------------------
=========================================================================================================== 
BIOMASS VALITDATION STEP: 2
TIME:
summary.ground_biomass_total:
summary.Biomass_GROUND_MAX:
summary.Biomass_GROUND_MIN:
----------------------------------------------------------------------------------------------------------
=========================================================================================================== 
BIOMASS VALITDATION STEP: 3
TIME:
summary.ground_biomass_total:
summary.Biomass_GROUND_MAX:
summary.Biomass_GROUND_MIN:
----------------------------------------------------------------------------------------------------------
=========================================================================================================== 
BIOMASS VALITDATION STEP: 4
TIME:
summary.ground_biomass_total:
summary.Biomass_GROUND_MAX:
summary.Biomass_GROUND_MIN:
----------------------------------------------------------------------------------------------------------
=========================================================================================================== 
BIOMASS VALITDATION STEP: 5
TIME:
summary.ground_biomass_total:
summary.Biomass_GROUND_MAX:
summary.Biomass_GROUND_MIN:
----------------------------------------------------------------------------------------------------------
=========================================================================================================== 
BIOMASS VALITDATION STEP: 6
TIME:
summary.ground_biomass_total:
summary.Biomass_GROUND_MAX:
summary.Biomass_GROUND_MIN:
----------------------------------------------------------------------------------------------------------
=========================================================================================================== 
BIOMASS VALITDATION STEP: 7
TIME:
summary.ground_biomass_total:
summary.Biomass_GROUND_MAX:
summary.Biomass_GROUND_MIN:
----------------------------------------------------------------------------------------------------------
=========================================================================================================== 
BIOMASS VALITDATION STEP: 8
TIME:
summary.ground_biomass_total:
summary.Biomass_GROUND_MAX:
summary.Biomass_GROUND_MIN:
----------------------------------------------------------------------------------------------------------
=========================================================================================================== 
BIOMASS VALITDATION STEP: 9
TIME:
summary.ground_biomass_total:
summary.Biomass_GROUND_MAX:
summary.Biomass_GROUND_MIN:
----------------------------------------------------------------------------------------------------------
=========================================================================================================== 
BIOMASS VALITDATION STEP: 10
TIME:
summary.ground_biomass_total:
summary.Biomass_GROUND_MAX:
summary.Biomass_GROUND_MIN:
----------------------------------------------------------------------------------------------------------
=========================================================================================================== 
BIOMASS VALITDATION STEP: 11
TIME:
summary.ground_biomass_total:
summary.Biomass_GROUND_MAX:
summary.Biomass_GROUND_MIN:
----------------------------------------------------------------------------------------------------------
=========================================================================================================== 
BIOMASS VALITDATION STEP: 12
TIME:
summary.ground_biomass_total:
summary.Biomass_GROUND_MAX:
summary.Biomass_GROUND_MIN:
----------------------------------------------------------------------------------------------------------
=========================================================================================================== 
BIOMASS VALITDATION STEP: 13
TIME:
summary.ground_biomass_total:
summary.Biomass_GROUND_MAX:
summary.Biomass_GROUND_MIN:
----------------------------------------------------------------------------------------------------------
=========================================================================================================== 
BIOMASS VALITDATION STEP: 14
TIME:
summary.ground_biomass_total:
summary.Biomass_GROUND_MAX:
summary.Biomass_GROUND_MIN:
----------------------------------------------------------------------------------------------------------
=========================================================================================================== 
BIOMASS VALITDATION STEP: 15
TIME:
summary.ground_biomass_total:
summary.Biomass_GROUND_MAX:
summary.Biomass_GROUND_MIN:
----------------------------------------------------------------------------------------------------------
=========================================================================================================== 
BIOMASS VALITDATION STEP: 16
TIME:
summary.ground_biomass_total:
summary.Biomass_GROUND_MAX:
summary.Biomass_GROUND_MIN:
----------------------------------------------------------------------------------------------------------
=========================================================================================================== 
BIOMASS VALITDATION STEP: 17
TIME:
summary.ground_biomass_total:
summary.Biomass_GROUND_MAX:
summary.Biomass_GROUND_MIN:
----------------------------------------------------------------------------------------------------------
=========================================================================================================== 
BIOMASS VALITDATION STEP: 18
TIME:
summary.ground_biomass_total:
summary.Biomass_GROUND_MAX:
summary.Biomass_GROUND_MIN:
----------------------------------------------------------------------------------------------------------
=========================================================================================================== 
BIOMASS VALITDATION STEP: 19
TIME:
summary.ground_biomass_total:
summary.Biomass_GROUND_MAX:
summary.Biomass_GROUND_MIN:
----------------------------------------------------------------------------------------------------------
=========================================================================================================== 
BIOMASS VALITDATION STEP: 20
TIME:
summary.ground_biomass_total:
summary.Biomass_GROUND_MAX:
summary.Biomass_GROUND_MIN:
----------------------------------------------------------------------------------------------------------
=========================================================================================================== 
BIOMASS VALITDATION STEP: 21
TIME:
summary.ground_biomass_total:
summary.Biomass_GROUND_MAX:
summary.Biomass_GROUND_MIN:
----------------------------------------------------------------------------------------------------------
=========================================================================================================== 
BIOMASS VALITDATION STEP: 22
TIME:
summary.ground_biomass_total:
summary.Biomass_GROUND_MAX:
summary.Biomass_GROUND_MIN:
----------------------------------------------------------------------------------------------------------
=========================================================================================================== 
BIOMASS VALITDATION STEP: 23
TIME:
summary.ground_biomass_total:
summary.Biomass_GROUND_MAX:
summary.Biomass_GROUND_MIN:
----------------------------------------------------------------------------------------------------------
=========================================================================================================== 
BIOMASS VALITDATION STEP: 24
TIME:
summary.ground_biomass_total:
summary.Biomass_GROUND_MAX:
summary.Biomass_GROUND_MIN:
----------------------------------------------------------------------------------------------------------
=========================================================================================================== 
BIOMASS VALITDATION STEP: 25
TIME:
summary.ground_biomass_total:
summary.Biomass_GROUND_MAX:
summary.Biomass_GROUND_MIN:
----------------------------------------------------------------------------------------------------------
=========================================================================================================== 
BIOMASS VALITDATION STEP: 26
TIME:
summary.ground_biomass_total:
summary.Biomass_GROUND_MAX:
summary.Biomass_GROUND_MIN:
----------------------------------------------------------------------------------------------------------
=========================================================================================================== 
BIOMASS VALITDATION STEP: 27
TIME:
summary.ground_biomass_total:
summary.Biomass_GROUND_MAX:
summary.Biomass_GROUND_MIN:
----------------------------------------------------------------------------------------------------------
=========================================================================================================== 
BIOMASS VALITDATION STEP: 28
TIME:
summary.ground_biomass_total:
summary.Biomass_GROUND_MAX:
summary.Biomass_GROUND_MIN:
----------------------------------------------------------------------------------------------------------
=========================================================================================================== 
BIOMASS VALITDATION STEP: 29
TIME:
summary.ground_biomass_total:
summary.Biomass_GROUND_MAX:
summary.Biomass_GROUND_MIN:
----------------------------------------------------------------------------------------------------------
=========================================================================================================== 
BIOMASS VALITDATION STEP: 30
TIME:
summary.ground_biomass_total:
summary.Biomass_GROUND_MAX:
summary.Biomass_GROUND_MIN:
----------------------------------------------------------------------------------------------------------
=========================================================================================================== 
BIOMASS VALITDATION STEP: 31
TIME:
summary.ground_biomass_total:
summary.Biomass_GROUND_MAX:
summary.Biomass_GROUND_MIN:
----------------------------------------------------------------------------------------------------------
=========================================================================================================== 
BIOMASS VALITDATION STEP: 32
TIME:
summary.ground_biomass_total:
summary.Biomass_GROUND_MAX:
summary.Biomass_GROUND_MIN:
----------------------------------------------------------------------------------------------------------
=========================================================================================================== 
BIOMASS VALITDATION STEP: 33
TIME:
summary.ground_biomass_total:
summary.Biomass_GROUND_MAX:
summary.Biomass_GROUND_MIN:
----------------------------------------------------------------------------------------------------------
=========================================================================================================== 
BIOMASS VALITDATION STEP: 34
TIME:
summary.ground_biomass_total:
summary.Biomass_GROUND_MAX:
summary.Biomass_GROUND_MIN:
----------------------------------------------------------------------------------------------------------
=========================================================================================================== 
BIOMASS VALITDATION STEP: 35
TIME:
summary.ground_biomass_total:
summary.Biomass_GROUND_MAX:
summary.Biomass_GROUND_MIN:
----------------------------------------------------------------------------------------------------------
=========================================================================================================== 
BIOMASS VALITDATION STEP: 36
TIME:
summary.ground_biomass_total:
summary.Biomass_GROUND_MAX:
summary.Biomass_GROUND_MIN:
----------------------------------------------------------------------------------------------------------
=========================================================================================================== 
BIOMASS VALITDATION STEP: 37
TIME:
summary.ground_biomass_total:
summary.Biomass_GROUND_MAX:
summary.Biomass_GROUND_MIN:
----------------------------------------------------------------------------------------------------------
=========================================================================================================== 
BIOMASS VALITDATION STEP: 38
TIME:
summary.ground_biomass_total:
summary.Biomass_GROUND_MAX:
summary.Biomass_GROUND_MIN:
----------------------------------------------------------------------------------------------------------
=========================================================================================================== 
BIOMASS VALITDATION STEP: 39
TIME:
summary.ground_biomass_total:
summary.Biomass_GROUND_MAX:
summary.Biomass_GROUND_MIN:
----------------------------------------------------------------------------------------------------------
=========================================================================================================== 
BIOMASS VALITDATION STEP: 40
TIME:
summary.ground_biomass_total:
summary.Biomass_GROUND_MAX:
summary.Biomass_GROUND_MIN:
----------------------------------------------------------------------------------------------------------
=========================================================================================================== 
BIOMASS VALITDATION STEP: 41
TIME:
summary.ground_biomass_total:
summary.Biomass_GROUND_MAX:
summary.Biomass_GROUND_MIN:
----------------------------------------------------------------------------------------------------------
=========================================================================================================== 
BIOMASS VALITDATION STEP: 42
TIME:
summary.ground_biomass_total:
summary.Biomass_GROUND_MAX:
summary.Biomass_GROUND_MIN:
----------------------------------------------------------------------------------------------------------
=========================================================================================================== 
BIOMASS VALITDATION STEP: 43
TIME:
summary.ground_biomass_total:
summary.Biomass_GROUND_MAX:
summary.Biomass_GROUND_MIN:
----------------------------------------------------------------------------------------------------------
=========================================================================================================== 
BIOMASS VALITDATION STEP: 44
TIME:
summary.ground_biomass_total:
summary.Biomass_GROUND_MAX:
summary.Biomass_GROUND_MIN:
----------------------------------------------------------------------------------------------------------
=========================================================================================================== 
BIOMASS VALITDATION STEP: 45
TIME:
summary.ground_biomass_total:
summary.Biomass_GROUND_MAX:
summary.Biomass_GROUND_MIN:
----------------------------------------------------------------------------------------------------------
=========================================================================================================== 
BIOMASS VALITDATION STEP: 46
TIME:
summary.ground_biomass_total:
summary.Biomass_GROUND_MAX:
summary.Biomass_GROUND_MIN:
----------------------------------------------------------------------------------------------------------
=========================================================================================================== 
BIOMASS VALITDATION STEP: 47
TIME:
summary.ground_biomass_total:
summary.Biomass_GROUND_MAX:
summary.Biomass_GROUND_MIN:
----------------------------------------------------------------------------------------------------------
=========================================================================================================== 
BIOMASS VALITDATION STEP: 48
TIME:
summary.ground_biomass_total:
summary.Biomass_GROUND_MAX:
summary.Biomass_GROUND_MIN:
----------------------------------------------------------------------------------------------------------
=========================================================================================================== 
BIOMASS VALITDATION STEP: 49
TIME:
summary.ground_biomass_total:
summary.Biomass_GROUND_MAX:
summary.Biomass_GROUND_MIN:
----------------------------------------------------------------------------------------------------------
=========================================================================================================== 
BIOMASS VALITDATION STEP: 50
TIME:
summary.ground_biomass_total:
summary.Biomass_GROUND_MAX:
summary.Biomass_GROUND_MIN:
----------------------------------------------------------------------------------------------------------
