TIME:
summary.eggsTotal:
summary.m1TotalEggsDeath:
summary.larvasTotal:
summary.m2TotalLarvasDeath:
summary.pulpsTotal:
summary.m3TotalPulpsDeath:
summary.mosquitosTotal
summary.m4TotalMosquitosDeath:
TIME:
summary.eggsTotal:
summary.m1TotalEggsDeath:
summary.larvasTotal:
summary.m2TotalLarvasDeath:
summary.pulpsTotal:
summary.m3TotalPulpsDeath:
summary.mosquitosTotal
summary.m4TotalMosquitosDeath:
TIME:
summary.eggsTotal:
summary.m1TotalEggsDeath:
summary.larvasTotal:
summary.m2TotalLarvasDeath:
summary.pulpsTotal:
summary.m3TotalPulpsDeath:
summary.mosquitosTotal
summary.m4TotalMosquitosDeath:
TIME:
summary.eggsTotal:
summary.m1TotalEggsDeath:
summary.larvasTotal:
summary.m2TotalLarvasDeath:
summary.pulpsTotal:
summary.m3TotalPulpsDeath:
summary.mosquitosTotal
summary.m4TotalMosquitosDeath:
TIME:
summary.eggsTotal:
summary.m1TotalEggsDeath:
summary.larvasTotal:
summary.m2TotalLarvasDeath:
summary.pulpsTotal:
summary.m3TotalPulpsDeath:
summary.mosquitosTotal
summary.m4TotalMosquitosDeath:
TIME:
summary.eggsTotal:
summary.m1TotalEggsDeath:
summary.larvasTotal:
summary.m2TotalLarvasDeath:
summary.pulpsTotal:
summary.m3TotalPulpsDeath:
summary.mosquitosTotal
summary.m4TotalMosquitosDeath:
TIME:
summary.eggsTotal:
summary.m1TotalEggsDeath:
summary.larvasTotal:
summary.m2TotalLarvasDeath:
summary.pulpsTotal:
summary.m3TotalPulpsDeath:
summary.mosquitosTotal
summary.m4TotalMosquitosDeath:
TIME:
summary.eggsTotal:
summary.m1TotalEggsDeath:
summary.larvasTotal:
summary.m2TotalLarvasDeath:
summary.pulpsTotal:
summary.m3TotalPulpsDeath:
summary.mosquitosTotal
summary.m4TotalMosquitosDeath:
TIME:
summary.eggsTotal:
summary.m1TotalEggsDeath:
summary.larvasTotal:
summary.m2TotalLarvasDeath:
summary.pulpsTotal:
summary.m3TotalPulpsDeath:
summary.mosquitosTotal
summary.m4TotalMosquitosDeath:
TIME:
summary.eggsTotal:
summary.m1TotalEggsDeath:
summary.larvasTotal:
summary.m2TotalLarvasDeath:
summary.pulpsTotal:
summary.m3TotalPulpsDeath:
summary.mosquitosTotal
summary.m4TotalMosquitosDeath:
TIME:
summary.eggsTotal:
summary.m1TotalEggsDeath:
summary.larvasTotal:
summary.m2TotalLarvasDeath:
summary.pulpsTotal:
summary.m3TotalPulpsDeath:
summary.mosquitosTotal
summary.m4TotalMosquitosDeath:
TIME:
summary.eggsTotal:
summary.m1TotalEggsDeath:
summary.larvasTotal:
summary.m2TotalLarvasDeath:
summary.pulpsTotal:
summary.m3TotalPulpsDeath:
summary.mosquitosTotal
summary.m4TotalMosquitosDeath:
TIME:
summary.eggsTotal:
summary.m1TotalEggsDeath:
summary.larvasTotal:
summary.m2TotalLarvasDeath:
summary.pulpsTotal:
summary.m3TotalPulpsDeath:
summary.mosquitosTotal
summary.m4TotalMosquitosDeath:
TIME:
summary.eggsTotal:
summary.m1TotalEggsDeath:
summary.larvasTotal:
summary.m2TotalLarvasDeath:
summary.pulpsTotal:
summary.m3TotalPulpsDeath:
summary.mosquitosTotal
summary.m4TotalMosquitosDeath:
TIME:
summary.eggsTotal:
summary.m1TotalEggsDeath:
summary.larvasTotal:
summary.m2TotalLarvasDeath:
summary.pulpsTotal:
summary.m3TotalPulpsDeath:
summary.mosquitosTotal
summary.m4TotalMosquitosDeath:
TIME:
summary.eggsTotal:
summary.m1TotalEggsDeath:
summary.larvasTotal:
summary.m2TotalLarvasDeath:
summary.pulpsTotal:
summary.m3TotalPulpsDeath:
summary.mosquitosTotal
summary.m4TotalMosquitosDeath:
TIME:
summary.eggsTotal:
summary.m1TotalEggsDeath:
summary.larvasTotal:
summary.m2TotalLarvasDeath:
summary.pulpsTotal:
summary.m3TotalPulpsDeath:
summary.mosquitosTotal
summary.m4TotalMosquitosDeath:
TIME:
summary.eggsTotal:
summary.m1TotalEggsDeath:
summary.larvasTotal:
summary.m2TotalLarvasDeath:
summary.pulpsTotal:
summary.m3TotalPulpsDeath:
summary.mosquitosTotal
summary.m4TotalMosquitosDeath:
TIME:
summary.eggsTotal:
summary.m1TotalEggsDeath:
summary.larvasTotal:
summary.m2TotalLarvasDeath:
summary.pulpsTotal:
summary.m3TotalPulpsDeath:
summary.mosquitosTotal
summary.m4TotalMosquitosDeath:
TIME:
summary.eggsTotal:
summary.m1TotalEggsDeath:
summary.larvasTotal:
summary.m2TotalLarvasDeath:
summary.pulpsTotal:
summary.m3TotalPulpsDeath:
summary.mosquitosTotal
summary.m4TotalMosquitosDeath:
TIME:
summary.eggsTotal:
summary.m1TotalEggsDeath:
summary.larvasTotal:
summary.m2TotalLarvasDeath:
summary.pulpsTotal:
summary.m3TotalPulpsDeath:
summary.mosquitosTotal
summary.m4TotalMosquitosDeath:
TIME:
summary.eggsTotal:
summary.m1TotalEggsDeath:
summary.larvasTotal:
summary.m2TotalLarvasDeath:
summary.pulpsTotal:
summary.m3TotalPulpsDeath:
summary.mosquitosTotal
summary.m4TotalMosquitosDeath:
TIME:
summary.eggsTotal:
summary.m1TotalEggsDeath:
summary.larvasTotal:
summary.m2TotalLarvasDeath:
summary.pulpsTotal:
summary.m3TotalPulpsDeath:
summary.mosquitosTotal
summary.m4TotalMosquitosDeath:
TIME:
summary.eggsTotal:
summary.m1TotalEggsDeath:
summary.larvasTotal:
summary.m2TotalLarvasDeath:
summary.pulpsTotal:
summary.m3TotalPulpsDeath:
summary.mosquitosTotal
summary.m4TotalMosquitosDeath:
TIME:
summary.eggsTotal:
summary.m1TotalEggsDeath:
summary.larvasTotal:
summary.m2TotalLarvasDeath:
summary.pulpsTotal:
summary.m3TotalPulpsDeath:
summary.mosquitosTotal
summary.m4TotalMosquitosDeath:
TIME:
summary.eggsTotal:
summary.m1TotalEggsDeath:
summary.larvasTotal:
summary.m2TotalLarvasDeath:
summary.pulpsTotal:
summary.m3TotalPulpsDeath:
summary.mosquitosTotal
summary.m4TotalMosquitosDeath:
TIME:
summary.eggsTotal:
summary.m1TotalEggsDeath:
summary.larvasTotal:
summary.m2TotalLarvasDeath:
summary.pulpsTotal:
summary.m3TotalPulpsDeath:
summary.mosquitosTotal
summary.m4TotalMosquitosDeath:
TIME:
summary.eggsTotal:
summary.m1TotalEggsDeath:
summary.larvasTotal:
summary.m2TotalLarvasDeath:
summary.pulpsTotal:
summary.m3TotalPulpsDeath:
summary.mosquitosTotal
summary.m4TotalMosquitosDeath:
TIME:
summary.eggsTotal:
summary.m1TotalEggsDeath:
summary.larvasTotal:
summary.m2TotalLarvasDeath:
summary.pulpsTotal:
summary.m3TotalPulpsDeath:
summary.mosquitosTotal
summary.m4TotalMosquitosDeath:
TIME:
summary.eggsTotal:
summary.m1TotalEggsDeath:
summary.larvasTotal:
summary.m2TotalLarvasDeath:
summary.pulpsTotal:
summary.m3TotalPulpsDeath:
summary.mosquitosTotal
summary.m4TotalMosquitosDeath:
TIME:
summary.eggsTotal:
summary.m1TotalEggsDeath:
summary.larvasTotal:
summary.m2TotalLarvasDeath:
summary.pulpsTotal:
summary.m3TotalPulpsDeath:
summary.mosquitosTotal
summary.m4TotalMosquitosDeath:
TIME:
summary.eggsTotal:
summary.m1TotalEggsDeath:
summary.larvasTotal:
summary.m2TotalLarvasDeath:
summary.pulpsTotal:
summary.m3TotalPulpsDeath:
summary.mosquitosTotal
summary.m4TotalMosquitosDeath:
TIME:
summary.eggsTotal:
summary.m1TotalEggsDeath:
summary.larvasTotal:
summary.m2TotalLarvasDeath:
summary.pulpsTotal:
summary.m3TotalPulpsDeath:
summary.mosquitosTotal
summary.m4TotalMosquitosDeath:
TIME:
summary.eggsTotal:
summary.m1TotalEggsDeath:
summary.larvasTotal:
summary.m2TotalLarvasDeath:
summary.pulpsTotal:
summary.m3TotalPulpsDeath:
summary.mosquitosTotal
summary.m4TotalMosquitosDeath:
TIME:
summary.eggsTotal:
summary.m1TotalEggsDeath:
summary.larvasTotal:
summary.m2TotalLarvasDeath:
summary.pulpsTotal:
summary.m3TotalPulpsDeath:
summary.mosquitosTotal
summary.m4TotalMosquitosDeath:
TIME:
summary.eggsTotal:
summary.m1TotalEggsDeath:
summary.larvasTotal:
summary.m2TotalLarvasDeath:
summary.pulpsTotal:
summary.m3TotalPulpsDeath:
summary.mosquitosTotal
summary.m4TotalMosquitosDeath:
TIME:
summary.eggsTotal:
summary.m1TotalEggsDeath:
summary.larvasTotal:
summary.m2TotalLarvasDeath:
summary.pulpsTotal:
summary.m3TotalPulpsDeath:
summary.mosquitosTotal
summary.m4TotalMosquitosDeath:
TIME:
summary.eggsTotal:
summary.m1TotalEggsDeath:
summary.larvasTotal:
summary.m2TotalLarvasDeath:
summary.pulpsTotal:
summary.m3TotalPulpsDeath:
summary.mosquitosTotal
summary.m4TotalMosquitosDeath:
TIME:
summary.eggsTotal:
summary.m1TotalEggsDeath:
summary.larvasTotal:
summary.m2TotalLarvasDeath:
summary.pulpsTotal:
summary.m3TotalPulpsDeath:
summary.mosquitosTotal
summary.m4TotalMosquitosDeath:
TIME:
summary.eggsTotal:
summary.m1TotalEggsDeath:
summary.larvasTotal:
summary.m2TotalLarvasDeath:
summary.pulpsTotal:
summary.m3TotalPulpsDeath:
summary.mosquitosTotal
summary.m4TotalMosquitosDeath:
