---Stock validation step: 1
exponentialGrouwth:
CsCRandom
totalStock:
maxStock:
minStock:
CsCentral
totalStock:
maxStock:
minStock:
------------------------------------------------------------------
---Stock validation step: 2
exponentialGrouwth:
CsCRandom
totalStock:
maxStock:
minStock:
CsCentral
totalStock:
maxStock:
minStock:
------------------------------------------------------------------
---Stock validation step: 3
exponentialGrouwth:
CsCRandom
totalStock:
maxStock:
minStock:
CsCentral
totalStock:
maxStock:
minStock:
------------------------------------------------------------------
---Stock validation step: 4
exponentialGrouwth:
CsCRandom
totalStock:
maxStock:
minStock:
CsCentral
totalStock:
maxStock:
minStock:
------------------------------------------------------------------
---Stock validation step: 5
exponentialGrouwth:
CsCRandom
totalStock:
maxStock:
minStock:
CsCentral
totalStock:
maxStock:
minStock:
------------------------------------------------------------------
---Stock validation step: 6
exponentialGrouwth:
CsCRandom
totalStock:
maxStock:
minStock:
CsCentral
totalStock:
maxStock:
minStock:
------------------------------------------------------------------
---Stock validation step: 7
exponentialGrouwth:
CsCRandom
totalStock:
maxStock:
minStock:
CsCentral
totalStock:
maxStock:
minStock:
------------------------------------------------------------------
---Stock validation step: 8
exponentialGrouwth:
CsCRandom
totalStock:
maxStock:
minStock:
CsCentral
totalStock:
maxStock:
minStock:
------------------------------------------------------------------
---Stock validation step: 9
exponentialGrouwth:
CsCRandom
totalStock:
maxStock:
minStock:
CsCentral
totalStock:
maxStock:
minStock:
------------------------------------------------------------------
---Stock validation step: 10
exponentialGrouwth:
CsCRandom
totalStock:
maxStock:
minStock:
CsCentral
totalStock:
maxStock:
minStock:
------------------------------------------------------------------
---Stock validation step: 11
exponentialGrouwth:
CsCRandom
totalStock:
maxStock:
minStock:
CsCentral
totalStock:
maxStock:
minStock:
------------------------------------------------------------------
---Stock validation step: 12
exponentialGrouwth:
CsCRandom
totalStock:
maxStock:
minStock:
CsCentral
totalStock:
maxStock:
minStock:
------------------------------------------------------------------
---Stock validation step: 13
exponentialGrouwth:
CsCRandom
totalStock:
maxStock:
minStock:
CsCentral
totalStock:
maxStock:
minStock:
------------------------------------------------------------------
---Stock validation step: 14
exponentialGrouwth:
CsCRandom
totalStock:
maxStock:
minStock:
CsCentral
totalStock:
maxStock:
minStock:
------------------------------------------------------------------
---Stock validation step: 15
exponentialGrouwth:
CsCRandom
totalStock:
maxStock:
minStock:
CsCentral
totalStock:
maxStock:
minStock:
------------------------------------------------------------------
---Stock validation step: 16
exponentialGrouwth:
CsCRandom
totalStock:
maxStock:
minStock:
CsCentral
totalStock:
maxStock:
minStock:
------------------------------------------------------------------
---Stock validation step: 17
exponentialGrouwth:
CsCRandom
totalStock:
maxStock:
minStock:
CsCentral
totalStock:
maxStock:
minStock:
------------------------------------------------------------------
---Stock validation step: 18
exponentialGrouwth:
CsCRandom
totalStock:
maxStock:
minStock:
CsCentral
totalStock:
maxStock:
minStock:
------------------------------------------------------------------
---Stock validation step: 19
exponentialGrouwth:
CsCRandom
totalStock:
maxStock:
minStock:
CsCentral
totalStock:
maxStock:
minStock:
------------------------------------------------------------------
---Stock validation step: 20
exponentialGrouwth:
CsCRandom
totalStock:
maxStock:
minStock:
CsCentral
totalStock:
maxStock:
minStock:
------------------------------------------------------------------
