step: 0.001953125
CsCentral
CsCentral:
step: 0.00390625
CsCentral
CsCentral:
step: 0.005859375
CsCentral
CsCentral:
step: 0.0078125
CsCentral
CsCentral:
step: 0.009765625
CsCentral
CsCentral:
step: 0.01171875
CsCentral
CsCentral:
step: 0.013671875
CsCentral
CsCentral:
step: 0.015625
CsCentral
CsCentral:
step: 0.017578125
CsCentral
CsCentral:
step: 0.01953125
CsCentral
CsCentral:
step: 0.021484375
CsCentral
CsCentral:
step: 0.0234375
CsCentral
CsCentral:
step: 0.025390625
CsCentral
CsCentral:
step: 0.02734375
CsCentral
CsCentral:
step: 0.029296875
CsCentral
CsCentral:
step: 0.03125
CsCentral
CsCentral:
step: 0.033203125
CsCentral
CsCentral:
step: 0.03515625
CsCentral
CsCentral:
step: 0.037109375
CsCentral
CsCentral:
step: 0.0390625
CsCentral
CsCentral:
step: 0.041015625
CsCentral
CsCentral:
step: 0.04296875
CsCentral
CsCentral:
step: 0.044921875
CsCentral
CsCentral:
step: 0.046875
CsCentral
CsCentral:
step: 0.048828125
CsCentral
CsCentral:
step: 0.05078125
CsCentral
CsCentral:
step: 0.052734375
CsCentral
CsCentral:
step: 0.0546875
CsCentral
CsCentral:
step: 0.056640625
CsCentral
CsCentral:
step: 0.05859375
CsCentral
CsCentral:
step: 0.060546875
CsCentral
CsCentral:
step: 0.0625
CsCentral
CsCentral:
step: 0.064453125
CsCentral
CsCentral:
step: 0.06640625
CsCentral
CsCentral:
step: 0.068359375
CsCentral
CsCentral:
step: 0.0703125
CsCentral
CsCentral:
step: 0.072265625
CsCentral
CsCentral:
step: 0.07421875
CsCentral
CsCentral:
step: 0.076171875
CsCentral
CsCentral:
step: 0.078125
CsCentral
CsCentral:
step: 0.080078125
CsCentral
CsCentral:
step: 0.08203125
CsCentral
CsCentral:
step: 0.083984375
CsCentral
CsCentral:
step: 0.0859375
CsCentral
CsCentral:
step: 0.087890625
CsCentral
CsCentral:
step: 0.08984375
CsCentral
CsCentral:
step: 0.091796875
CsCentral
CsCentral:
step: 0.09375
CsCentral
CsCentral:
step: 0.095703125
CsCentral
CsCentral:
step: 0.09765625
CsCentral
CsCentral:
step: 0.099609375
CsCentral
CsCentral:
step: 0.1015625
CsCentral
CsCentral:
step: 0.103515625
CsCentral
CsCentral:
step: 0.10546875
CsCentral
CsCentral:
step: 0.107421875
CsCentral
CsCentral:
step: 0.109375
CsCentral
CsCentral:
step: 0.111328125
CsCentral
CsCentral:
step: 0.11328125
CsCentral
CsCentral:
step: 0.115234375
CsCentral
CsCentral:
step: 0.1171875
CsCentral
CsCentral:
step: 0.119140625
CsCentral
CsCentral:
step: 0.12109375
CsCentral
CsCentral:
step: 0.123046875
CsCentral
CsCentral:
step: 0.125
CsCentral
CsCentral:
step: 0.126953125
CsCentral
CsCentral:
step: 0.12890625
CsCentral
CsCentral:
step: 0.130859375
CsCentral
CsCentral:
step: 0.1328125
CsCentral
CsCentral:
step: 0.134765625
CsCentral
CsCentral:
step: 0.13671875
CsCentral
CsCentral:
step: 0.138671875
CsCentral
CsCentral:
step: 0.140625
CsCentral
CsCentral:
step: 0.142578125
CsCentral
CsCentral:
step: 0.14453125
CsCentral
CsCentral:
step: 0.146484375
CsCentral
CsCentral:
step: 0.1484375
CsCentral
CsCentral:
step: 0.150390625
CsCentral
CsCentral:
step: 0.15234375
CsCentral
CsCentral:
step: 0.154296875
CsCentral
CsCentral:
step: 0.15625
CsCentral
CsCentral:
step: 0.158203125
CsCentral
CsCentral:
step: 0.16015625
CsCentral
CsCentral:
step: 0.162109375
CsCentral
CsCentral:
step: 0.1640625
CsCentral
CsCentral:
step: 0.166015625
CsCentral
CsCentral:
step: 0.16796875
CsCentral
CsCentral:
step: 0.169921875
CsCentral
CsCentral:
step: 0.171875
CsCentral
CsCentral:
step: 0.173828125
CsCentral
CsCentral:
step: 0.17578125
CsCentral
CsCentral:
step: 0.177734375
CsCentral
CsCentral:
step: 0.1796875
CsCentral
CsCentral:
step: 0.181640625
CsCentral
CsCentral:
step: 0.18359375
CsCentral
CsCentral:
step: 0.185546875
CsCentral
CsCentral:
step: 0.1875
CsCentral
CsCentral:
step: 0.189453125
CsCentral
CsCentral:
step: 0.19140625
CsCentral
CsCentral:
step: 0.193359375
CsCentral
CsCentral:
step: 0.1953125
CsCentral
CsCentral:
step: 0.197265625
CsCentral
CsCentral:
step: 0.19921875
CsCentral
CsCentral:
step: 0.201171875
CsCentral
CsCentral:
step: 0.203125
CsCentral
CsCentral:
step: 0.205078125
CsCentral
CsCentral:
step: 0.20703125
CsCentral
CsCentral:
step: 0.208984375
CsCentral
CsCentral:
step: 0.2109375
CsCentral
CsCentral:
step: 0.212890625
CsCentral
CsCentral:
step: 0.21484375
CsCentral
CsCentral:
step: 0.216796875
CsCentral
CsCentral:
step: 0.21875
CsCentral
CsCentral:
step: 0.220703125
CsCentral
CsCentral:
step: 0.22265625
CsCentral
CsCentral:
step: 0.224609375
CsCentral
CsCentral:
step: 0.2265625
CsCentral
CsCentral:
step: 0.228515625
CsCentral
CsCentral:
step: 0.23046875
CsCentral
CsCentral:
step: 0.232421875
CsCentral
CsCentral:
step: 0.234375
CsCentral
CsCentral:
step: 0.236328125
CsCentral
CsCentral:
step: 0.23828125
CsCentral
CsCentral:
step: 0.240234375
CsCentral
CsCentral:
step: 0.2421875
CsCentral
CsCentral:
step: 0.244140625
CsCentral
CsCentral:
step: 0.24609375
CsCentral
CsCentral:
step: 0.248046875
CsCentral
CsCentral:
step: 0.25
CsCentral
CsCentral:
step: 0.251953125
CsCentral
CsCentral:
step: 0.25390625
CsCentral
CsCentral:
step: 0.255859375
CsCentral
CsCentral:
step: 0.2578125
CsCentral
CsCentral:
step: 0.259765625
CsCentral
CsCentral:
step: 0.26171875
CsCentral
CsCentral:
step: 0.263671875
CsCentral
CsCentral:
step: 0.265625
CsCentral
CsCentral:
step: 0.267578125
CsCentral
CsCentral:
step: 0.26953125
CsCentral
CsCentral:
step: 0.271484375
CsCentral
CsCentral:
step: 0.2734375
CsCentral
CsCentral:
step: 0.275390625
CsCentral
CsCentral:
step: 0.27734375
CsCentral
CsCentral:
step: 0.279296875
CsCentral
CsCentral:
step: 0.28125
CsCentral
CsCentral:
step: 0.283203125
CsCentral
CsCentral:
step: 0.28515625
CsCentral
CsCentral:
step: 0.287109375
CsCentral
CsCentral:
step: 0.2890625
CsCentral
CsCentral:
step: 0.291015625
CsCentral
CsCentral:
step: 0.29296875
CsCentral
CsCentral:
step: 0.294921875
CsCentral
CsCentral:
step: 0.296875
CsCentral
CsCentral:
step: 0.298828125
CsCentral
CsCentral:
step: 0.30078125
CsCentral
CsCentral:
step: 0.302734375
CsCentral
CsCentral:
step: 0.3046875
CsCentral
CsCentral:
step: 0.306640625
CsCentral
CsCentral:
step: 0.30859375
CsCentral
CsCentral:
step: 0.310546875
CsCentral
CsCentral:
step: 0.3125
CsCentral
CsCentral:
step: 0.314453125
CsCentral
CsCentral:
step: 0.31640625
CsCentral
CsCentral:
step: 0.318359375
CsCentral
CsCentral:
step: 0.3203125
CsCentral
CsCentral:
step: 0.322265625
CsCentral
CsCentral:
step: 0.32421875
CsCentral
CsCentral:
step: 0.326171875
CsCentral
CsCentral:
step: 0.328125
CsCentral
CsCentral:
step: 0.330078125
CsCentral
CsCentral:
step: 0.33203125
CsCentral
CsCentral:
step: 0.333984375
CsCentral
CsCentral:
step: 0.3359375
CsCentral
CsCentral:
step: 0.337890625
CsCentral
CsCentral:
step: 0.33984375
CsCentral
CsCentral:
step: 0.341796875
CsCentral
CsCentral:
step: 0.34375
CsCentral
CsCentral:
step: 0.345703125
CsCentral
CsCentral:
step: 0.34765625
CsCentral
CsCentral:
step: 0.349609375
CsCentral
CsCentral:
step: 0.3515625
CsCentral
CsCentral:
step: 0.353515625
CsCentral
CsCentral:
step: 0.35546875
CsCentral
CsCentral:
step: 0.357421875
CsCentral
CsCentral:
step: 0.359375
CsCentral
CsCentral:
step: 0.361328125
CsCentral
CsCentral:
step: 0.36328125
CsCentral
CsCentral:
step: 0.365234375
CsCentral
CsCentral:
step: 0.3671875
CsCentral
CsCentral:
step: 0.369140625
CsCentral
CsCentral:
step: 0.37109375
CsCentral
CsCentral:
step: 0.373046875
CsCentral
CsCentral:
step: 0.375
CsCentral
CsCentral:
step: 0.376953125
CsCentral
CsCentral:
step: 0.37890625
CsCentral
CsCentral:
step: 0.380859375
CsCentral
CsCentral:
step: 0.3828125
CsCentral
CsCentral:
step: 0.384765625
CsCentral
CsCentral:
step: 0.38671875
CsCentral
CsCentral:
step: 0.388671875
CsCentral
CsCentral:
step: 0.390625
CsCentral
CsCentral:
step: 0.392578125
CsCentral
CsCentral:
step: 0.39453125
CsCentral
CsCentral:
step: 0.396484375
CsCentral
CsCentral:
step: 0.3984375
CsCentral
CsCentral:
step: 0.400390625
CsCentral
CsCentral:
step: 0.40234375
CsCentral
CsCentral:
step: 0.404296875
CsCentral
CsCentral:
step: 0.40625
CsCentral
CsCentral:
step: 0.408203125
CsCentral
CsCentral:
step: 0.41015625
CsCentral
CsCentral:
step: 0.412109375
CsCentral
CsCentral:
step: 0.4140625
CsCentral
CsCentral:
step: 0.416015625
CsCentral
CsCentral:
step: 0.41796875
CsCentral
CsCentral:
step: 0.419921875
CsCentral
CsCentral:
step: 0.421875
CsCentral
CsCentral:
step: 0.423828125
CsCentral
CsCentral:
step: 0.42578125
CsCentral
CsCentral:
step: 0.427734375
CsCentral
CsCentral:
step: 0.4296875
CsCentral
CsCentral:
step: 0.431640625
CsCentral
CsCentral:
step: 0.43359375
CsCentral
CsCentral:
step: 0.435546875
CsCentral
CsCentral:
step: 0.4375
CsCentral
CsCentral:
step: 0.439453125
CsCentral
CsCentral:
step: 0.44140625
CsCentral
CsCentral:
step: 0.443359375
CsCentral
CsCentral:
step: 0.4453125
CsCentral
CsCentral:
step: 0.447265625
CsCentral
CsCentral:
step: 0.44921875
CsCentral
CsCentral:
step: 0.451171875
CsCentral
CsCentral:
step: 0.453125
CsCentral
CsCentral:
step: 0.455078125
CsCentral
CsCentral:
step: 0.45703125
CsCentral
CsCentral:
step: 0.458984375
CsCentral
CsCentral:
step: 0.4609375
CsCentral
CsCentral:
step: 0.462890625
CsCentral
CsCentral:
step: 0.46484375
CsCentral
CsCentral:
step: 0.466796875
CsCentral
CsCentral:
step: 0.46875
CsCentral
CsCentral:
step: 0.470703125
CsCentral
CsCentral:
step: 0.47265625
CsCentral
CsCentral:
step: 0.474609375
CsCentral
CsCentral:
step: 0.4765625
CsCentral
CsCentral:
step: 0.478515625
CsCentral
CsCentral:
step: 0.48046875
CsCentral
CsCentral:
step: 0.482421875
CsCentral
CsCentral:
step: 0.484375
CsCentral
CsCentral:
step: 0.486328125
CsCentral
CsCentral:
step: 0.48828125
CsCentral
CsCentral:
step: 0.490234375
CsCentral
CsCentral:
step: 0.4921875
CsCentral
CsCentral:
step: 0.494140625
CsCentral
CsCentral:
step: 0.49609375
CsCentral
CsCentral:
step: 0.498046875
CsCentral
CsCentral:
step: 0.5
CsCentral
CsCentral:
step: 0.501953125
CsCentral
CsCentral:
step: 0.50390625
CsCentral
CsCentral:
step: 0.505859375
CsCentral
CsCentral:
step: 0.5078125
CsCentral
CsCentral:
step: 0.509765625
CsCentral
CsCentral:
step: 0.51171875
CsCentral
CsCentral:
step: 0.513671875
CsCentral
CsCentral:
step: 0.515625
CsCentral
CsCentral:
step: 0.517578125
CsCentral
CsCentral:
step: 0.51953125
CsCentral
CsCentral:
step: 0.521484375
CsCentral
CsCentral:
step: 0.5234375
CsCentral
CsCentral:
step: 0.525390625
CsCentral
CsCentral:
step: 0.52734375
CsCentral
CsCentral:
step: 0.529296875
CsCentral
CsCentral:
step: 0.53125
CsCentral
CsCentral:
step: 0.533203125
CsCentral
CsCentral:
step: 0.53515625
CsCentral
CsCentral:
step: 0.537109375
CsCentral
CsCentral:
step: 0.5390625
CsCentral
CsCentral:
step: 0.541015625
CsCentral
CsCentral:
step: 0.54296875
CsCentral
CsCentral:
step: 0.544921875
CsCentral
CsCentral:
step: 0.546875
CsCentral
CsCentral:
step: 0.548828125
CsCentral
CsCentral:
step: 0.55078125
CsCentral
CsCentral:
step: 0.552734375
CsCentral
CsCentral:
step: 0.5546875
CsCentral
CsCentral:
step: 0.556640625
CsCentral
CsCentral:
step: 0.55859375
CsCentral
CsCentral:
step: 0.560546875
CsCentral
CsCentral:
step: 0.5625
CsCentral
CsCentral:
step: 0.564453125
CsCentral
CsCentral:
step: 0.56640625
CsCentral
CsCentral:
step: 0.568359375
CsCentral
CsCentral:
step: 0.5703125
CsCentral
CsCentral:
step: 0.572265625
CsCentral
CsCentral:
step: 0.57421875
CsCentral
CsCentral:
step: 0.576171875
CsCentral
CsCentral:
step: 0.578125
CsCentral
CsCentral:
step: 0.580078125
CsCentral
CsCentral:
step: 0.58203125
CsCentral
CsCentral:
step: 0.583984375
CsCentral
CsCentral:
step: 0.5859375
CsCentral
CsCentral:
step: 0.587890625
CsCentral
CsCentral:
step: 0.58984375
CsCentral
CsCentral:
step: 0.591796875
CsCentral
CsCentral:
step: 0.59375
CsCentral
CsCentral:
step: 0.595703125
CsCentral
CsCentral:
step: 0.59765625
CsCentral
CsCentral:
step: 0.599609375
CsCentral
CsCentral:
step: 0.6015625
CsCentral
CsCentral:
step: 0.603515625
CsCentral
CsCentral:
step: 0.60546875
CsCentral
CsCentral:
step: 0.607421875
CsCentral
CsCentral:
step: 0.609375
CsCentral
CsCentral:
step: 0.611328125
CsCentral
CsCentral:
step: 0.61328125
CsCentral
CsCentral:
step: 0.615234375
CsCentral
CsCentral:
step: 0.6171875
CsCentral
CsCentral:
step: 0.619140625
CsCentral
CsCentral:
step: 0.62109375
CsCentral
CsCentral:
step: 0.623046875
CsCentral
CsCentral:
step: 0.625
CsCentral
CsCentral:
step: 0.626953125
CsCentral
CsCentral:
step: 0.62890625
CsCentral
CsCentral:
step: 0.630859375
CsCentral
CsCentral:
step: 0.6328125
CsCentral
CsCentral:
step: 0.634765625
CsCentral
CsCentral:
step: 0.63671875
CsCentral
CsCentral:
step: 0.638671875
CsCentral
CsCentral:
step: 0.640625
CsCentral
CsCentral:
step: 0.642578125
CsCentral
CsCentral:
step: 0.64453125
CsCentral
CsCentral:
step: 0.646484375
CsCentral
CsCentral:
step: 0.6484375
CsCentral
CsCentral:
step: 0.650390625
CsCentral
CsCentral:
step: 0.65234375
CsCentral
CsCentral:
step: 0.654296875
CsCentral
CsCentral:
step: 0.65625
CsCentral
CsCentral:
step: 0.658203125
CsCentral
CsCentral:
step: 0.66015625
CsCentral
CsCentral:
step: 0.662109375
CsCentral
CsCentral:
step: 0.6640625
CsCentral
CsCentral:
step: 0.666015625
CsCentral
CsCentral:
step: 0.66796875
CsCentral
CsCentral:
step: 0.669921875
CsCentral
CsCentral:
step: 0.671875
CsCentral
CsCentral:
step: 0.673828125
CsCentral
CsCentral:
step: 0.67578125
CsCentral
CsCentral:
step: 0.677734375
CsCentral
CsCentral:
step: 0.6796875
CsCentral
CsCentral:
step: 0.681640625
CsCentral
CsCentral:
step: 0.68359375
CsCentral
CsCentral:
step: 0.685546875
CsCentral
CsCentral:
step: 0.6875
CsCentral
CsCentral:
step: 0.689453125
CsCentral
CsCentral:
step: 0.69140625
CsCentral
CsCentral:
step: 0.693359375
CsCentral
CsCentral:
step: 0.6953125
CsCentral
CsCentral:
step: 0.697265625
CsCentral
CsCentral:
step: 0.69921875
CsCentral
CsCentral:
step: 0.701171875
CsCentral
CsCentral:
step: 0.703125
CsCentral
CsCentral:
step: 0.705078125
CsCentral
CsCentral:
step: 0.70703125
CsCentral
CsCentral:
step: 0.708984375
CsCentral
CsCentral:
step: 0.7109375
CsCentral
CsCentral:
step: 0.712890625
CsCentral
CsCentral:
step: 0.71484375
CsCentral
CsCentral:
step: 0.716796875
CsCentral
CsCentral:
step: 0.71875
CsCentral
CsCentral:
step: 0.720703125
CsCentral
CsCentral:
step: 0.72265625
CsCentral
CsCentral:
step: 0.724609375
CsCentral
CsCentral:
step: 0.7265625
CsCentral
CsCentral:
step: 0.728515625
CsCentral
CsCentral:
step: 0.73046875
CsCentral
CsCentral:
step: 0.732421875
CsCentral
CsCentral:
step: 0.734375
CsCentral
CsCentral:
step: 0.736328125
CsCentral
CsCentral:
step: 0.73828125
CsCentral
CsCentral:
step: 0.740234375
CsCentral
CsCentral:
step: 0.7421875
CsCentral
CsCentral:
step: 0.744140625
CsCentral
CsCentral:
step: 0.74609375
CsCentral
CsCentral:
step: 0.748046875
CsCentral
CsCentral:
step: 0.75
CsCentral
CsCentral:
step: 0.751953125
CsCentral
CsCentral:
step: 0.75390625
CsCentral
CsCentral:
step: 0.755859375
CsCentral
CsCentral:
step: 0.7578125
CsCentral
CsCentral:
step: 0.759765625
CsCentral
CsCentral:
step: 0.76171875
CsCentral
CsCentral:
step: 0.763671875
CsCentral
CsCentral:
step: 0.765625
CsCentral
CsCentral:
step: 0.767578125
CsCentral
CsCentral:
step: 0.76953125
CsCentral
CsCentral:
step: 0.771484375
CsCentral
CsCentral:
step: 0.7734375
CsCentral
CsCentral:
step: 0.775390625
CsCentral
CsCentral:
step: 0.77734375
CsCentral
CsCentral:
step: 0.779296875
CsCentral
CsCentral:
step: 0.78125
CsCentral
CsCentral:
step: 0.783203125
CsCentral
CsCentral:
step: 0.78515625
CsCentral
CsCentral:
step: 0.787109375
CsCentral
CsCentral:
step: 0.7890625
CsCentral
CsCentral:
step: 0.791015625
CsCentral
CsCentral:
step: 0.79296875
CsCentral
CsCentral:
step: 0.794921875
CsCentral
CsCentral:
step: 0.796875
CsCentral
CsCentral:
step: 0.798828125
CsCentral
CsCentral:
step: 0.80078125
CsCentral
CsCentral:
step: 0.802734375
CsCentral
CsCentral:
step: 0.8046875
CsCentral
CsCentral:
step: 0.806640625
CsCentral
CsCentral:
step: 0.80859375
CsCentral
CsCentral:
step: 0.810546875
CsCentral
CsCentral:
step: 0.8125
CsCentral
CsCentral:
step: 0.814453125
CsCentral
CsCentral:
step: 0.81640625
CsCentral
CsCentral:
step: 0.818359375
CsCentral
CsCentral:
step: 0.8203125
CsCentral
CsCentral:
step: 0.822265625
CsCentral
CsCentral:
step: 0.82421875
CsCentral
CsCentral:
step: 0.826171875
CsCentral
CsCentral:
step: 0.828125
CsCentral
CsCentral:
step: 0.830078125
CsCentral
CsCentral:
step: 0.83203125
CsCentral
CsCentral:
step: 0.833984375
CsCentral
CsCentral:
step: 0.8359375
CsCentral
CsCentral:
step: 0.837890625
CsCentral
CsCentral:
step: 0.83984375
CsCentral
CsCentral:
step: 0.841796875
CsCentral
CsCentral:
step: 0.84375
CsCentral
CsCentral:
step: 0.845703125
CsCentral
CsCentral:
step: 0.84765625
CsCentral
CsCentral:
step: 0.849609375
CsCentral
CsCentral:
step: 0.8515625
CsCentral
CsCentral:
step: 0.853515625
CsCentral
CsCentral:
step: 0.85546875
CsCentral
CsCentral:
step: 0.857421875
CsCentral
CsCentral:
step: 0.859375
CsCentral
CsCentral:
step: 0.861328125
CsCentral
CsCentral:
step: 0.86328125
CsCentral
CsCentral:
step: 0.865234375
CsCentral
CsCentral:
step: 0.8671875
CsCentral
CsCentral:
step: 0.869140625
CsCentral
CsCentral:
step: 0.87109375
CsCentral
CsCentral:
step: 0.873046875
CsCentral
CsCentral:
step: 0.875
CsCentral
CsCentral:
step: 0.876953125
CsCentral
CsCentral:
step: 0.87890625
CsCentral
CsCentral:
step: 0.880859375
CsCentral
CsCentral:
step: 0.8828125
CsCentral
CsCentral:
step: 0.884765625
CsCentral
CsCentral:
step: 0.88671875
CsCentral
CsCentral:
step: 0.888671875
CsCentral
CsCentral:
step: 0.890625
CsCentral
CsCentral:
step: 0.892578125
CsCentral
CsCentral:
step: 0.89453125
CsCentral
CsCentral:
step: 0.896484375
CsCentral
CsCentral:
step: 0.8984375
CsCentral
CsCentral:
step: 0.900390625
CsCentral
CsCentral:
step: 0.90234375
CsCentral
CsCentral:
step: 0.904296875
CsCentral
CsCentral:
step: 0.90625
CsCentral
CsCentral:
step: 0.908203125
CsCentral
CsCentral:
step: 0.91015625
CsCentral
CsCentral:
step: 0.912109375
CsCentral
CsCentral:
step: 0.9140625
CsCentral
CsCentral:
step: 0.916015625
CsCentral
CsCentral:
step: 0.91796875
CsCentral
CsCentral:
step: 0.919921875
CsCentral
CsCentral:
step: 0.921875
CsCentral
CsCentral:
step: 0.923828125
CsCentral
CsCentral:
step: 0.92578125
CsCentral
CsCentral:
step: 0.927734375
CsCentral
CsCentral:
step: 0.9296875
CsCentral
CsCentral:
step: 0.931640625
CsCentral
CsCentral:
step: 0.93359375
CsCentral
CsCentral:
step: 0.935546875
CsCentral
CsCentral:
step: 0.9375
CsCentral
CsCentral:
step: 0.939453125
CsCentral
CsCentral:
step: 0.94140625
CsCentral
CsCentral:
step: 0.943359375
CsCentral
CsCentral:
step: 0.9453125
CsCentral
CsCentral:
step: 0.947265625
CsCentral
CsCentral:
step: 0.94921875
CsCentral
CsCentral:
step: 0.951171875
CsCentral
CsCentral:
step: 0.953125
CsCentral
CsCentral:
step: 0.955078125
CsCentral
CsCentral:
step: 0.95703125
CsCentral
CsCentral:
step: 0.958984375
CsCentral
CsCentral:
step: 0.9609375
CsCentral
CsCentral:
step: 0.962890625
CsCentral
CsCentral:
step: 0.96484375
CsCentral
CsCentral:
step: 0.966796875
CsCentral
CsCentral:
step: 0.96875
CsCentral
CsCentral:
step: 0.970703125
CsCentral
CsCentral:
step: 0.97265625
CsCentral
CsCentral:
step: 0.974609375
CsCentral
CsCentral:
step: 0.9765625
CsCentral
CsCentral:
step: 0.978515625
CsCentral
CsCentral:
step: 0.98046875
CsCentral
CsCentral:
step: 0.982421875
CsCentral
CsCentral:
step: 0.984375
CsCentral
CsCentral:
step: 0.986328125
CsCentral
CsCentral:
step: 0.98828125
CsCentral
CsCentral:
step: 0.990234375
CsCentral
CsCentral:
step: 0.9921875
CsCentral
CsCentral:
step: 0.994140625
CsCentral
CsCentral:
step: 0.99609375
CsCentral
CsCentral:
step: 0.998046875
CsCentral
CsCentral:
step: 1
CsCentral
CsCentral:
step: 1.001953125
CsCentral
CsCentral:
step: 1.00390625
CsCentral
CsCentral:
step: 1.005859375
CsCentral
CsCentral:
step: 1.0078125
CsCentral
CsCentral:
step: 1.009765625
CsCentral
CsCentral:
step: 1.01171875
CsCentral
CsCentral:
step: 1.013671875
CsCentral
CsCentral:
step: 1.015625
CsCentral
CsCentral:
step: 1.017578125
CsCentral
CsCentral:
step: 1.01953125
CsCentral
CsCentral:
step: 1.021484375
CsCentral
CsCentral:
step: 1.0234375
CsCentral
CsCentral:
step: 1.025390625
CsCentral
CsCentral:
step: 1.02734375
CsCentral
CsCentral:
step: 1.029296875
CsCentral
CsCentral:
step: 1.03125
CsCentral
CsCentral:
step: 1.033203125
CsCentral
CsCentral:
step: 1.03515625
CsCentral
CsCentral:
step: 1.037109375
CsCentral
CsCentral:
step: 1.0390625
CsCentral
CsCentral:
step: 1.041015625
CsCentral
CsCentral:
step: 1.04296875
CsCentral
CsCentral:
step: 1.044921875
CsCentral
CsCentral:
step: 1.046875
CsCentral
CsCentral:
step: 1.048828125
CsCentral
CsCentral:
step: 1.05078125
CsCentral
CsCentral:
step: 1.052734375
CsCentral
CsCentral:
step: 1.0546875
CsCentral
CsCentral:
step: 1.056640625
CsCentral
CsCentral:
step: 1.05859375
CsCentral
CsCentral:
step: 1.060546875
CsCentral
CsCentral:
step: 1.0625
CsCentral
CsCentral:
step: 1.064453125
CsCentral
CsCentral:
step: 1.06640625
CsCentral
CsCentral:
step: 1.068359375
CsCentral
CsCentral:
step: 1.0703125
CsCentral
CsCentral:
step: 1.072265625
CsCentral
CsCentral:
step: 1.07421875
CsCentral
CsCentral:
step: 1.076171875
CsCentral
CsCentral:
step: 1.078125
CsCentral
CsCentral:
step: 1.080078125
CsCentral
CsCentral:
step: 1.08203125
CsCentral
CsCentral:
step: 1.083984375
CsCentral
CsCentral:
step: 1.0859375
CsCentral
CsCentral:
step: 1.087890625
CsCentral
CsCentral:
step: 1.08984375
CsCentral
CsCentral:
step: 1.091796875
CsCentral
CsCentral:
step: 1.09375
CsCentral
CsCentral:
step: 1.095703125
CsCentral
CsCentral:
step: 1.09765625
CsCentral
CsCentral:
step: 1.099609375
CsCentral
CsCentral:
step: 1.1015625
CsCentral
CsCentral:
step: 1.103515625
CsCentral
CsCentral:
step: 1.10546875
CsCentral
CsCentral:
step: 1.107421875
CsCentral
CsCentral:
step: 1.109375
CsCentral
CsCentral:
step: 1.111328125
CsCentral
CsCentral:
step: 1.11328125
CsCentral
CsCentral:
step: 1.115234375
CsCentral
CsCentral:
step: 1.1171875
CsCentral
CsCentral:
step: 1.119140625
CsCentral
CsCentral:
step: 1.12109375
CsCentral
CsCentral:
step: 1.123046875
CsCentral
CsCentral:
step: 1.125
CsCentral
CsCentral:
step: 1.126953125
CsCentral
CsCentral:
step: 1.12890625
CsCentral
CsCentral:
step: 1.130859375
CsCentral
CsCentral:
step: 1.1328125
CsCentral
CsCentral:
step: 1.134765625
CsCentral
CsCentral:
step: 1.13671875
CsCentral
CsCentral:
step: 1.138671875
CsCentral
CsCentral:
step: 1.140625
CsCentral
CsCentral:
step: 1.142578125
CsCentral
CsCentral:
step: 1.14453125
CsCentral
CsCentral:
step: 1.146484375
CsCentral
CsCentral:
step: 1.1484375
CsCentral
CsCentral:
step: 1.150390625
CsCentral
CsCentral:
step: 1.15234375
CsCentral
CsCentral:
step: 1.154296875
CsCentral
CsCentral:
step: 1.15625
CsCentral
CsCentral:
step: 1.158203125
CsCentral
CsCentral:
step: 1.16015625
CsCentral
CsCentral:
step: 1.162109375
CsCentral
CsCentral:
step: 1.1640625
CsCentral
CsCentral:
step: 1.166015625
CsCentral
CsCentral:
step: 1.16796875
CsCentral
CsCentral:
step: 1.169921875
CsCentral
CsCentral:
step: 1.171875
CsCentral
CsCentral:
step: 1.173828125
CsCentral
CsCentral:
step: 1.17578125
CsCentral
CsCentral:
step: 1.177734375
CsCentral
CsCentral:
step: 1.1796875
CsCentral
CsCentral:
step: 1.181640625
CsCentral
CsCentral:
step: 1.18359375
CsCentral
CsCentral:
step: 1.185546875
CsCentral
CsCentral:
step: 1.1875
CsCentral
CsCentral:
step: 1.189453125
CsCentral
CsCentral:
step: 1.19140625
CsCentral
CsCentral:
step: 1.193359375
CsCentral
CsCentral:
step: 1.1953125
CsCentral
CsCentral:
step: 1.197265625
CsCentral
CsCentral:
step: 1.19921875
CsCentral
CsCentral:
step: 1.201171875
CsCentral
CsCentral:
step: 1.203125
CsCentral
CsCentral:
step: 1.205078125
CsCentral
CsCentral:
step: 1.20703125
CsCentral
CsCentral:
step: 1.208984375
CsCentral
CsCentral:
step: 1.2109375
CsCentral
CsCentral:
step: 1.212890625
CsCentral
CsCentral:
step: 1.21484375
CsCentral
CsCentral:
step: 1.216796875
CsCentral
CsCentral:
step: 1.21875
CsCentral
CsCentral:
step: 1.220703125
CsCentral
CsCentral:
step: 1.22265625
CsCentral
CsCentral:
step: 1.224609375
CsCentral
CsCentral:
step: 1.2265625
CsCentral
CsCentral:
step: 1.228515625
CsCentral
CsCentral:
step: 1.23046875
CsCentral
CsCentral:
step: 1.232421875
CsCentral
CsCentral:
step: 1.234375
CsCentral
CsCentral:
step: 1.236328125
CsCentral
CsCentral:
step: 1.23828125
CsCentral
CsCentral:
step: 1.240234375
CsCentral
CsCentral:
step: 1.2421875
CsCentral
CsCentral:
step: 1.244140625
CsCentral
CsCentral:
step: 1.24609375
CsCentral
CsCentral:
step: 1.248046875
CsCentral
CsCentral:
step: 1.25
CsCentral
CsCentral:
step: 1.251953125
CsCentral
CsCentral:
step: 1.25390625
CsCentral
CsCentral:
step: 1.255859375
CsCentral
CsCentral:
step: 1.2578125
CsCentral
CsCentral:
step: 1.259765625
CsCentral
CsCentral:
step: 1.26171875
CsCentral
CsCentral:
step: 1.263671875
CsCentral
CsCentral:
step: 1.265625
CsCentral
CsCentral:
step: 1.267578125
CsCentral
CsCentral:
step: 1.26953125
CsCentral
CsCentral:
step: 1.271484375
CsCentral
CsCentral:
step: 1.2734375
CsCentral
CsCentral:
step: 1.275390625
CsCentral
CsCentral:
step: 1.27734375
CsCentral
CsCentral:
step: 1.279296875
CsCentral
CsCentral:
step: 1.28125
CsCentral
CsCentral:
step: 1.283203125
CsCentral
CsCentral:
step: 1.28515625
CsCentral
CsCentral:
step: 1.287109375
CsCentral
CsCentral:
step: 1.2890625
CsCentral
CsCentral:
step: 1.291015625
CsCentral
CsCentral:
step: 1.29296875
CsCentral
CsCentral:
step: 1.294921875
CsCentral
CsCentral:
step: 1.296875
CsCentral
CsCentral:
step: 1.298828125
CsCentral
CsCentral:
step: 1.30078125
CsCentral
CsCentral:
step: 1.302734375
CsCentral
CsCentral:
step: 1.3046875
CsCentral
CsCentral:
step: 1.306640625
CsCentral
CsCentral:
step: 1.30859375
CsCentral
CsCentral:
step: 1.310546875
CsCentral
CsCentral:
step: 1.3125
CsCentral
CsCentral:
step: 1.314453125
CsCentral
CsCentral:
step: 1.31640625
CsCentral
CsCentral:
step: 1.318359375
CsCentral
CsCentral:
step: 1.3203125
CsCentral
CsCentral:
step: 1.322265625
CsCentral
CsCentral:
step: 1.32421875
CsCentral
CsCentral:
step: 1.326171875
CsCentral
CsCentral:
step: 1.328125
CsCentral
CsCentral:
step: 1.330078125
CsCentral
CsCentral:
step: 1.33203125
CsCentral
CsCentral:
step: 1.333984375
CsCentral
CsCentral:
step: 1.3359375
CsCentral
CsCentral:
step: 1.337890625
CsCentral
CsCentral:
step: 1.33984375
CsCentral
CsCentral:
step: 1.341796875
CsCentral
CsCentral:
step: 1.34375
CsCentral
CsCentral:
step: 1.345703125
CsCentral
CsCentral:
step: 1.34765625
CsCentral
CsCentral:
step: 1.349609375
CsCentral
CsCentral:
step: 1.3515625
CsCentral
CsCentral:
step: 1.353515625
CsCentral
CsCentral:
step: 1.35546875
CsCentral
CsCentral:
step: 1.357421875
CsCentral
CsCentral:
step: 1.359375
CsCentral
CsCentral:
step: 1.361328125
CsCentral
CsCentral:
step: 1.36328125
CsCentral
CsCentral:
step: 1.365234375
CsCentral
CsCentral:
step: 1.3671875
CsCentral
CsCentral:
step: 1.369140625
CsCentral
CsCentral:
step: 1.37109375
CsCentral
CsCentral:
step: 1.373046875
CsCentral
CsCentral:
step: 1.375
CsCentral
CsCentral:
step: 1.376953125
CsCentral
CsCentral:
step: 1.37890625
CsCentral
CsCentral:
step: 1.380859375
CsCentral
CsCentral:
step: 1.3828125
CsCentral
CsCentral:
step: 1.384765625
CsCentral
CsCentral:
step: 1.38671875
CsCentral
CsCentral:
step: 1.388671875
CsCentral
CsCentral:
step: 1.390625
CsCentral
CsCentral:
step: 1.392578125
CsCentral
CsCentral:
step: 1.39453125
CsCentral
CsCentral:
step: 1.396484375
CsCentral
CsCentral:
step: 1.3984375
CsCentral
CsCentral:
step: 1.400390625
CsCentral
CsCentral:
step: 1.40234375
CsCentral
CsCentral:
step: 1.404296875
CsCentral
CsCentral:
step: 1.40625
CsCentral
CsCentral:
step: 1.408203125
CsCentral
CsCentral:
step: 1.41015625
CsCentral
CsCentral:
step: 1.412109375
CsCentral
CsCentral:
step: 1.4140625
CsCentral
CsCentral:
step: 1.416015625
CsCentral
CsCentral:
step: 1.41796875
CsCentral
CsCentral:
step: 1.419921875
CsCentral
CsCentral:
step: 1.421875
CsCentral
CsCentral:
step: 1.423828125
CsCentral
CsCentral:
step: 1.42578125
CsCentral
CsCentral:
step: 1.427734375
CsCentral
CsCentral:
step: 1.4296875
CsCentral
CsCentral:
step: 1.431640625
CsCentral
CsCentral:
step: 1.43359375
CsCentral
CsCentral:
step: 1.435546875
CsCentral
CsCentral:
step: 1.4375
CsCentral
CsCentral:
step: 1.439453125
CsCentral
CsCentral:
step: 1.44140625
CsCentral
CsCentral:
step: 1.443359375
CsCentral
CsCentral:
step: 1.4453125
CsCentral
CsCentral:
step: 1.447265625
CsCentral
CsCentral:
step: 1.44921875
CsCentral
CsCentral:
step: 1.451171875
CsCentral
CsCentral:
step: 1.453125
CsCentral
CsCentral:
step: 1.455078125
CsCentral
CsCentral:
step: 1.45703125
CsCentral
CsCentral:
step: 1.458984375
CsCentral
CsCentral:
step: 1.4609375
CsCentral
CsCentral:
step: 1.462890625
CsCentral
CsCentral:
step: 1.46484375
CsCentral
CsCentral:
step: 1.466796875
CsCentral
CsCentral:
step: 1.46875
CsCentral
CsCentral:
step: 1.470703125
CsCentral
CsCentral:
step: 1.47265625
CsCentral
CsCentral:
step: 1.474609375
CsCentral
CsCentral:
step: 1.4765625
CsCentral
CsCentral:
step: 1.478515625
CsCentral
CsCentral:
step: 1.48046875
CsCentral
CsCentral:
step: 1.482421875
CsCentral
CsCentral:
step: 1.484375
CsCentral
CsCentral:
step: 1.486328125
CsCentral
CsCentral:
step: 1.48828125
CsCentral
CsCentral:
step: 1.490234375
CsCentral
CsCentral:
step: 1.4921875
CsCentral
CsCentral:
step: 1.494140625
CsCentral
CsCentral:
step: 1.49609375
CsCentral
CsCentral:
step: 1.498046875
CsCentral
CsCentral:
step: 1.5
CsCentral
CsCentral:
step: 1.501953125
CsCentral
CsCentral:
step: 1.50390625
CsCentral
CsCentral:
step: 1.505859375
CsCentral
CsCentral:
step: 1.5078125
CsCentral
CsCentral:
step: 1.509765625
CsCentral
CsCentral:
step: 1.51171875
CsCentral
CsCentral:
step: 1.513671875
CsCentral
CsCentral:
step: 1.515625
CsCentral
CsCentral:
step: 1.517578125
CsCentral
CsCentral:
step: 1.51953125
CsCentral
CsCentral:
step: 1.521484375
CsCentral
CsCentral:
step: 1.5234375
CsCentral
CsCentral:
step: 1.525390625
CsCentral
CsCentral:
step: 1.52734375
CsCentral
CsCentral:
step: 1.529296875
CsCentral
CsCentral:
step: 1.53125
CsCentral
CsCentral:
step: 1.533203125
CsCentral
CsCentral:
step: 1.53515625
CsCentral
CsCentral:
step: 1.537109375
CsCentral
CsCentral:
step: 1.5390625
CsCentral
CsCentral:
step: 1.541015625
CsCentral
CsCentral:
step: 1.54296875
CsCentral
CsCentral:
step: 1.544921875
CsCentral
CsCentral:
step: 1.546875
CsCentral
CsCentral:
step: 1.548828125
CsCentral
CsCentral:
step: 1.55078125
CsCentral
CsCentral:
step: 1.552734375
CsCentral
CsCentral:
step: 1.5546875
CsCentral
CsCentral:
step: 1.556640625
CsCentral
CsCentral:
step: 1.55859375
CsCentral
CsCentral:
step: 1.560546875
CsCentral
CsCentral:
step: 1.5625
CsCentral
CsCentral:
step: 1.564453125
CsCentral
CsCentral:
step: 1.56640625
CsCentral
CsCentral:
step: 1.568359375
CsCentral
CsCentral:
step: 1.5703125
CsCentral
CsCentral:
step: 1.572265625
CsCentral
CsCentral:
step: 1.57421875
CsCentral
CsCentral:
step: 1.576171875
CsCentral
CsCentral:
step: 1.578125
CsCentral
CsCentral:
step: 1.580078125
CsCentral
CsCentral:
step: 1.58203125
CsCentral
CsCentral:
step: 1.583984375
CsCentral
CsCentral:
step: 1.5859375
CsCentral
CsCentral:
step: 1.587890625
CsCentral
CsCentral:
step: 1.58984375
CsCentral
CsCentral:
step: 1.591796875
CsCentral
CsCentral:
step: 1.59375
CsCentral
CsCentral:
step: 1.595703125
CsCentral
CsCentral:
step: 1.59765625
CsCentral
CsCentral:
step: 1.599609375
CsCentral
CsCentral:
step: 1.6015625
CsCentral
CsCentral:
step: 1.603515625
CsCentral
CsCentral:
step: 1.60546875
CsCentral
CsCentral:
step: 1.607421875
CsCentral
CsCentral:
step: 1.609375
CsCentral
CsCentral:
step: 1.611328125
CsCentral
CsCentral:
step: 1.61328125
CsCentral
CsCentral:
step: 1.615234375
CsCentral
CsCentral:
step: 1.6171875
CsCentral
CsCentral:
step: 1.619140625
CsCentral
CsCentral:
step: 1.62109375
CsCentral
CsCentral:
step: 1.623046875
CsCentral
CsCentral:
step: 1.625
CsCentral
CsCentral:
step: 1.626953125
CsCentral
CsCentral:
step: 1.62890625
CsCentral
CsCentral:
step: 1.630859375
CsCentral
CsCentral:
step: 1.6328125
CsCentral
CsCentral:
step: 1.634765625
CsCentral
CsCentral:
step: 1.63671875
CsCentral
CsCentral:
step: 1.638671875
CsCentral
CsCentral:
step: 1.640625
CsCentral
CsCentral:
step: 1.642578125
CsCentral
CsCentral:
step: 1.64453125
CsCentral
CsCentral:
step: 1.646484375
CsCentral
CsCentral:
step: 1.6484375
CsCentral
CsCentral:
step: 1.650390625
CsCentral
CsCentral:
step: 1.65234375
CsCentral
CsCentral:
step: 1.654296875
CsCentral
CsCentral:
step: 1.65625
CsCentral
CsCentral:
step: 1.658203125
CsCentral
CsCentral:
step: 1.66015625
CsCentral
CsCentral:
step: 1.662109375
CsCentral
CsCentral:
step: 1.6640625
CsCentral
CsCentral:
step: 1.666015625
CsCentral
CsCentral:
step: 1.66796875
CsCentral
CsCentral:
step: 1.669921875
CsCentral
CsCentral:
step: 1.671875
CsCentral
CsCentral:
step: 1.673828125
CsCentral
CsCentral:
step: 1.67578125
CsCentral
CsCentral:
step: 1.677734375
CsCentral
CsCentral:
step: 1.6796875
CsCentral
CsCentral:
step: 1.681640625
CsCentral
CsCentral:
step: 1.68359375
CsCentral
CsCentral:
step: 1.685546875
CsCentral
CsCentral:
step: 1.6875
CsCentral
CsCentral:
step: 1.689453125
CsCentral
CsCentral:
step: 1.69140625
CsCentral
CsCentral:
step: 1.693359375
CsCentral
CsCentral:
step: 1.6953125
CsCentral
CsCentral:
step: 1.697265625
CsCentral
CsCentral:
step: 1.69921875
CsCentral
CsCentral:
step: 1.701171875
CsCentral
CsCentral:
step: 1.703125
CsCentral
CsCentral:
step: 1.705078125
CsCentral
CsCentral:
step: 1.70703125
CsCentral
CsCentral:
step: 1.708984375
CsCentral
CsCentral:
step: 1.7109375
CsCentral
CsCentral:
step: 1.712890625
CsCentral
CsCentral:
step: 1.71484375
CsCentral
CsCentral:
step: 1.716796875
CsCentral
CsCentral:
step: 1.71875
CsCentral
CsCentral:
step: 1.720703125
CsCentral
CsCentral:
step: 1.72265625
CsCentral
CsCentral:
step: 1.724609375
CsCentral
CsCentral:
step: 1.7265625
CsCentral
CsCentral:
step: 1.728515625
CsCentral
CsCentral:
step: 1.73046875
CsCentral
CsCentral:
step: 1.732421875
CsCentral
CsCentral:
step: 1.734375
CsCentral
CsCentral:
step: 1.736328125
CsCentral
CsCentral:
step: 1.73828125
CsCentral
CsCentral:
step: 1.740234375
CsCentral
CsCentral:
step: 1.7421875
CsCentral
CsCentral:
step: 1.744140625
CsCentral
CsCentral:
step: 1.74609375
CsCentral
CsCentral:
step: 1.748046875
CsCentral
CsCentral:
step: 1.75
CsCentral
CsCentral:
step: 1.751953125
CsCentral
CsCentral:
step: 1.75390625
CsCentral
CsCentral:
step: 1.755859375
CsCentral
CsCentral:
step: 1.7578125
CsCentral
CsCentral:
step: 1.759765625
CsCentral
CsCentral:
step: 1.76171875
CsCentral
CsCentral:
step: 1.763671875
CsCentral
CsCentral:
step: 1.765625
CsCentral
CsCentral:
step: 1.767578125
CsCentral
CsCentral:
step: 1.76953125
CsCentral
CsCentral:
step: 1.771484375
CsCentral
CsCentral:
step: 1.7734375
CsCentral
CsCentral:
step: 1.775390625
CsCentral
CsCentral:
step: 1.77734375
CsCentral
CsCentral:
step: 1.779296875
CsCentral
CsCentral:
step: 1.78125
CsCentral
CsCentral:
step: 1.783203125
CsCentral
CsCentral:
step: 1.78515625
CsCentral
CsCentral:
step: 1.787109375
CsCentral
CsCentral:
step: 1.7890625
CsCentral
CsCentral:
step: 1.791015625
CsCentral
CsCentral:
step: 1.79296875
CsCentral
CsCentral:
step: 1.794921875
CsCentral
CsCentral:
step: 1.796875
CsCentral
CsCentral:
step: 1.798828125
CsCentral
CsCentral:
step: 1.80078125
CsCentral
CsCentral:
step: 1.802734375
CsCentral
CsCentral:
step: 1.8046875
CsCentral
CsCentral:
step: 1.806640625
CsCentral
CsCentral:
step: 1.80859375
CsCentral
CsCentral:
step: 1.810546875
CsCentral
CsCentral:
step: 1.8125
CsCentral
CsCentral:
step: 1.814453125
CsCentral
CsCentral:
step: 1.81640625
CsCentral
CsCentral:
step: 1.818359375
CsCentral
CsCentral:
step: 1.8203125
CsCentral
CsCentral:
step: 1.822265625
CsCentral
CsCentral:
step: 1.82421875
CsCentral
CsCentral:
step: 1.826171875
CsCentral
CsCentral:
step: 1.828125
CsCentral
CsCentral:
step: 1.830078125
CsCentral
CsCentral:
step: 1.83203125
CsCentral
CsCentral:
step: 1.833984375
CsCentral
CsCentral:
step: 1.8359375
CsCentral
CsCentral:
step: 1.837890625
CsCentral
CsCentral:
step: 1.83984375
CsCentral
CsCentral:
step: 1.841796875
CsCentral
CsCentral:
step: 1.84375
CsCentral
CsCentral:
step: 1.845703125
CsCentral
CsCentral:
step: 1.84765625
CsCentral
CsCentral:
step: 1.849609375
CsCentral
CsCentral:
step: 1.8515625
CsCentral
CsCentral:
step: 1.853515625
CsCentral
CsCentral:
step: 1.85546875
CsCentral
CsCentral:
step: 1.857421875
CsCentral
CsCentral:
step: 1.859375
CsCentral
CsCentral:
step: 1.861328125
CsCentral
CsCentral:
step: 1.86328125
CsCentral
CsCentral:
step: 1.865234375
CsCentral
CsCentral:
step: 1.8671875
CsCentral
CsCentral:
step: 1.869140625
CsCentral
CsCentral:
step: 1.87109375
CsCentral
CsCentral:
step: 1.873046875
CsCentral
CsCentral:
step: 1.875
CsCentral
CsCentral:
step: 1.876953125
CsCentral
CsCentral:
step: 1.87890625
CsCentral
CsCentral:
step: 1.880859375
CsCentral
CsCentral:
step: 1.8828125
CsCentral
CsCentral:
step: 1.884765625
CsCentral
CsCentral:
step: 1.88671875
CsCentral
CsCentral:
step: 1.888671875
CsCentral
CsCentral:
step: 1.890625
CsCentral
CsCentral:
step: 1.892578125
CsCentral
CsCentral:
step: 1.89453125
CsCentral
CsCentral:
step: 1.896484375
CsCentral
CsCentral:
step: 1.8984375
CsCentral
CsCentral:
step: 1.900390625
CsCentral
CsCentral:
step: 1.90234375
CsCentral
CsCentral:
step: 1.904296875
CsCentral
CsCentral:
step: 1.90625
CsCentral
CsCentral:
step: 1.908203125
CsCentral
CsCentral:
step: 1.91015625
CsCentral
CsCentral:
step: 1.912109375
CsCentral
CsCentral:
step: 1.9140625
CsCentral
CsCentral:
step: 1.916015625
CsCentral
CsCentral:
step: 1.91796875
CsCentral
CsCentral:
step: 1.919921875
CsCentral
CsCentral:
step: 1.921875
CsCentral
CsCentral:
step: 1.923828125
CsCentral
CsCentral:
step: 1.92578125
CsCentral
CsCentral:
step: 1.927734375
CsCentral
CsCentral:
step: 1.9296875
CsCentral
CsCentral:
step: 1.931640625
CsCentral
CsCentral:
step: 1.93359375
CsCentral
CsCentral:
step: 1.935546875
CsCentral
CsCentral:
step: 1.9375
CsCentral
CsCentral:
step: 1.939453125
CsCentral
CsCentral:
step: 1.94140625
CsCentral
CsCentral:
step: 1.943359375
CsCentral
CsCentral:
step: 1.9453125
CsCentral
CsCentral:
step: 1.947265625
CsCentral
CsCentral:
step: 1.94921875
CsCentral
CsCentral:
step: 1.951171875
CsCentral
CsCentral:
step: 1.953125
CsCentral
CsCentral:
step: 1.955078125
CsCentral
CsCentral:
step: 1.95703125
CsCentral
CsCentral:
step: 1.958984375
CsCentral
CsCentral:
step: 1.9609375
CsCentral
CsCentral:
step: 1.962890625
CsCentral
CsCentral:
step: 1.96484375
CsCentral
CsCentral:
step: 1.966796875
CsCentral
CsCentral:
step: 1.96875
CsCentral
CsCentral:
step: 1.970703125
CsCentral
CsCentral:
step: 1.97265625
CsCentral
CsCentral:
step: 1.974609375
CsCentral
CsCentral:
step: 1.9765625
CsCentral
CsCentral:
step: 1.978515625
CsCentral
CsCentral:
step: 1.98046875
CsCentral
CsCentral:
step: 1.982421875
CsCentral
CsCentral:
step: 1.984375
CsCentral
CsCentral:
step: 1.986328125
CsCentral
CsCentral:
step: 1.98828125
CsCentral
CsCentral:
step: 1.990234375
CsCentral
CsCentral:
step: 1.9921875
CsCentral
CsCentral:
step: 1.994140625
CsCentral
CsCentral:
step: 1.99609375
CsCentral
CsCentral:
step: 1.998046875
CsCentral
CsCentral:
step: 2
CsCentral
CsCentral:
step: 2.001953125
CsCentral
CsCentral:
step: 2.00390625
CsCentral
CsCentral:
step: 2.005859375
CsCentral
CsCentral:
step: 2.0078125
CsCentral
CsCentral:
step: 2.009765625
CsCentral
CsCentral:
step: 2.01171875
CsCentral
CsCentral:
step: 2.013671875
CsCentral
CsCentral:
step: 2.015625
CsCentral
CsCentral:
step: 2.017578125
CsCentral
CsCentral:
step: 2.01953125
CsCentral
CsCentral:
step: 2.021484375
CsCentral
CsCentral:
step: 2.0234375
CsCentral
CsCentral:
step: 2.025390625
CsCentral
CsCentral:
step: 2.02734375
CsCentral
CsCentral:
step: 2.029296875
CsCentral
CsCentral:
step: 2.03125
CsCentral
CsCentral:
step: 2.033203125
CsCentral
CsCentral:
step: 2.03515625
CsCentral
CsCentral:
step: 2.037109375
CsCentral
CsCentral:
step: 2.0390625
CsCentral
CsCentral:
step: 2.041015625
CsCentral
CsCentral:
step: 2.04296875
CsCentral
CsCentral:
step: 2.044921875
CsCentral
CsCentral:
step: 2.046875
CsCentral
CsCentral:
step: 2.048828125
CsCentral
CsCentral:
step: 2.05078125
CsCentral
CsCentral:
step: 2.052734375
CsCentral
CsCentral:
step: 2.0546875
CsCentral
CsCentral:
step: 2.056640625
CsCentral
CsCentral:
step: 2.05859375
CsCentral
CsCentral:
step: 2.060546875
CsCentral
CsCentral:
step: 2.0625
CsCentral
CsCentral:
step: 2.064453125
CsCentral
CsCentral:
step: 2.06640625
CsCentral
CsCentral:
step: 2.068359375
CsCentral
CsCentral:
step: 2.0703125
CsCentral
CsCentral:
step: 2.072265625
CsCentral
CsCentral:
step: 2.07421875
CsCentral
CsCentral:
step: 2.076171875
CsCentral
CsCentral:
step: 2.078125
CsCentral
CsCentral:
step: 2.080078125
CsCentral
CsCentral:
step: 2.08203125
CsCentral
CsCentral:
step: 2.083984375
CsCentral
CsCentral:
step: 2.0859375
CsCentral
CsCentral:
step: 2.087890625
CsCentral
CsCentral:
step: 2.08984375
CsCentral
CsCentral:
step: 2.091796875
CsCentral
CsCentral:
step: 2.09375
CsCentral
CsCentral:
step: 2.095703125
CsCentral
CsCentral:
step: 2.09765625
CsCentral
CsCentral:
step: 2.099609375
CsCentral
CsCentral:
step: 2.1015625
CsCentral
CsCentral:
step: 2.103515625
CsCentral
CsCentral:
step: 2.10546875
CsCentral
CsCentral:
step: 2.107421875
CsCentral
CsCentral:
step: 2.109375
CsCentral
CsCentral:
step: 2.111328125
CsCentral
CsCentral:
step: 2.11328125
CsCentral
CsCentral:
step: 2.115234375
CsCentral
CsCentral:
step: 2.1171875
CsCentral
CsCentral:
step: 2.119140625
CsCentral
CsCentral:
step: 2.12109375
CsCentral
CsCentral:
step: 2.123046875
CsCentral
CsCentral:
step: 2.125
CsCentral
CsCentral:
step: 2.126953125
CsCentral
CsCentral:
step: 2.12890625
CsCentral
CsCentral:
step: 2.130859375
CsCentral
CsCentral:
step: 2.1328125
CsCentral
CsCentral:
step: 2.134765625
CsCentral
CsCentral:
step: 2.13671875
CsCentral
CsCentral:
step: 2.138671875
CsCentral
CsCentral:
step: 2.140625
CsCentral
CsCentral:
step: 2.142578125
CsCentral
CsCentral:
step: 2.14453125
CsCentral
CsCentral:
step: 2.146484375
CsCentral
CsCentral:
step: 2.1484375
CsCentral
CsCentral:
step: 2.150390625
CsCentral
CsCentral:
step: 2.15234375
CsCentral
CsCentral:
step: 2.154296875
CsCentral
CsCentral:
step: 2.15625
CsCentral
CsCentral:
step: 2.158203125
CsCentral
CsCentral:
step: 2.16015625
CsCentral
CsCentral:
step: 2.162109375
CsCentral
CsCentral:
step: 2.1640625
CsCentral
CsCentral:
step: 2.166015625
CsCentral
CsCentral:
step: 2.16796875
CsCentral
CsCentral:
step: 2.169921875
CsCentral
CsCentral:
step: 2.171875
CsCentral
CsCentral:
step: 2.173828125
CsCentral
CsCentral:
step: 2.17578125
CsCentral
CsCentral:
step: 2.177734375
CsCentral
CsCentral:
step: 2.1796875
CsCentral
CsCentral:
step: 2.181640625
CsCentral
CsCentral:
step: 2.18359375
CsCentral
CsCentral:
step: 2.185546875
CsCentral
CsCentral:
step: 2.1875
CsCentral
CsCentral:
step: 2.189453125
CsCentral
CsCentral:
step: 2.19140625
CsCentral
CsCentral:
step: 2.193359375
CsCentral
CsCentral:
step: 2.1953125
CsCentral
CsCentral:
step: 2.197265625
CsCentral
CsCentral:
step: 2.19921875
CsCentral
CsCentral:
step: 2.201171875
CsCentral
CsCentral:
step: 2.203125
CsCentral
CsCentral:
step: 2.205078125
CsCentral
CsCentral:
step: 2.20703125
CsCentral
CsCentral:
step: 2.208984375
CsCentral
CsCentral:
step: 2.2109375
CsCentral
CsCentral:
step: 2.212890625
CsCentral
CsCentral:
step: 2.21484375
CsCentral
CsCentral:
step: 2.216796875
CsCentral
CsCentral:
step: 2.21875
CsCentral
CsCentral:
step: 2.220703125
CsCentral
CsCentral:
step: 2.22265625
CsCentral
CsCentral:
step: 2.224609375
CsCentral
CsCentral:
step: 2.2265625
CsCentral
CsCentral:
step: 2.228515625
CsCentral
CsCentral:
step: 2.23046875
CsCentral
CsCentral:
step: 2.232421875
CsCentral
CsCentral:
step: 2.234375
CsCentral
CsCentral:
step: 2.236328125
CsCentral
CsCentral:
step: 2.23828125
CsCentral
CsCentral:
step: 2.240234375
CsCentral
CsCentral:
step: 2.2421875
CsCentral
CsCentral:
step: 2.244140625
CsCentral
CsCentral:
step: 2.24609375
CsCentral
CsCentral:
step: 2.248046875
CsCentral
CsCentral:
step: 2.25
CsCentral
CsCentral:
step: 2.251953125
CsCentral
CsCentral:
step: 2.25390625
CsCentral
CsCentral:
step: 2.255859375
CsCentral
CsCentral:
step: 2.2578125
CsCentral
CsCentral:
step: 2.259765625
CsCentral
CsCentral:
step: 2.26171875
CsCentral
CsCentral:
step: 2.263671875
CsCentral
CsCentral:
step: 2.265625
CsCentral
CsCentral:
step: 2.267578125
CsCentral
CsCentral:
step: 2.26953125
CsCentral
CsCentral:
step: 2.271484375
CsCentral
CsCentral:
step: 2.2734375
CsCentral
CsCentral:
step: 2.275390625
CsCentral
CsCentral:
step: 2.27734375
CsCentral
CsCentral:
step: 2.279296875
CsCentral
CsCentral:
step: 2.28125
CsCentral
CsCentral:
step: 2.283203125
CsCentral
CsCentral:
step: 2.28515625
CsCentral
CsCentral:
step: 2.287109375
CsCentral
CsCentral:
step: 2.2890625
CsCentral
CsCentral:
step: 2.291015625
CsCentral
CsCentral:
step: 2.29296875
CsCentral
CsCentral:
step: 2.294921875
CsCentral
CsCentral:
step: 2.296875
CsCentral
CsCentral:
step: 2.298828125
CsCentral
CsCentral:
step: 2.30078125
CsCentral
CsCentral:
step: 2.302734375
CsCentral
CsCentral:
step: 2.3046875
CsCentral
CsCentral:
step: 2.306640625
CsCentral
CsCentral:
step: 2.30859375
CsCentral
CsCentral:
step: 2.310546875
CsCentral
CsCentral:
step: 2.3125
CsCentral
CsCentral:
step: 2.314453125
CsCentral
CsCentral:
step: 2.31640625
CsCentral
CsCentral:
step: 2.318359375
CsCentral
CsCentral:
step: 2.3203125
CsCentral
CsCentral:
step: 2.322265625
CsCentral
CsCentral:
step: 2.32421875
CsCentral
CsCentral:
step: 2.326171875
CsCentral
CsCentral:
step: 2.328125
CsCentral
CsCentral:
step: 2.330078125
CsCentral
CsCentral:
step: 2.33203125
CsCentral
CsCentral:
step: 2.333984375
CsCentral
CsCentral:
step: 2.3359375
CsCentral
CsCentral:
step: 2.337890625
CsCentral
CsCentral:
step: 2.33984375
CsCentral
CsCentral:
step: 2.341796875
CsCentral
CsCentral:
step: 2.34375
CsCentral
CsCentral:
step: 2.345703125
CsCentral
CsCentral:
step: 2.34765625
CsCentral
CsCentral:
step: 2.349609375
CsCentral
CsCentral:
step: 2.3515625
CsCentral
CsCentral:
step: 2.353515625
CsCentral
CsCentral:
step: 2.35546875
CsCentral
CsCentral:
step: 2.357421875
CsCentral
CsCentral:
step: 2.359375
CsCentral
CsCentral:
step: 2.361328125
CsCentral
CsCentral:
step: 2.36328125
CsCentral
CsCentral:
step: 2.365234375
CsCentral
CsCentral:
step: 2.3671875
CsCentral
CsCentral:
step: 2.369140625
CsCentral
CsCentral:
step: 2.37109375
CsCentral
CsCentral:
step: 2.373046875
CsCentral
CsCentral:
step: 2.375
CsCentral
CsCentral:
step: 2.376953125
CsCentral
CsCentral:
step: 2.37890625
CsCentral
CsCentral:
step: 2.380859375
CsCentral
CsCentral:
step: 2.3828125
CsCentral
CsCentral:
step: 2.384765625
CsCentral
CsCentral:
step: 2.38671875
CsCentral
CsCentral:
step: 2.388671875
CsCentral
CsCentral:
step: 2.390625
CsCentral
CsCentral:
step: 2.392578125
CsCentral
CsCentral:
step: 2.39453125
CsCentral
CsCentral:
step: 2.396484375
CsCentral
CsCentral:
step: 2.3984375
CsCentral
CsCentral:
step: 2.400390625
CsCentral
CsCentral:
step: 2.40234375
CsCentral
CsCentral:
step: 2.404296875
CsCentral
CsCentral:
step: 2.40625
CsCentral
CsCentral:
step: 2.408203125
CsCentral
CsCentral:
step: 2.41015625
CsCentral
CsCentral:
step: 2.412109375
CsCentral
CsCentral:
step: 2.4140625
CsCentral
CsCentral:
step: 2.416015625
CsCentral
CsCentral:
step: 2.41796875
CsCentral
CsCentral:
step: 2.419921875
CsCentral
CsCentral:
step: 2.421875
CsCentral
CsCentral:
step: 2.423828125
CsCentral
CsCentral:
step: 2.42578125
CsCentral
CsCentral:
step: 2.427734375
CsCentral
CsCentral:
step: 2.4296875
CsCentral
CsCentral:
step: 2.431640625
CsCentral
CsCentral:
step: 2.43359375
CsCentral
CsCentral:
step: 2.435546875
CsCentral
CsCentral:
step: 2.4375
CsCentral
CsCentral:
step: 2.439453125
CsCentral
CsCentral:
step: 2.44140625
CsCentral
CsCentral:
step: 2.443359375
CsCentral
CsCentral:
step: 2.4453125
CsCentral
CsCentral:
step: 2.447265625
CsCentral
CsCentral:
step: 2.44921875
CsCentral
CsCentral:
step: 2.451171875
CsCentral
CsCentral:
step: 2.453125
CsCentral
CsCentral:
step: 2.455078125
CsCentral
CsCentral:
step: 2.45703125
CsCentral
CsCentral:
step: 2.458984375
CsCentral
CsCentral:
step: 2.4609375
CsCentral
CsCentral:
step: 2.462890625
CsCentral
CsCentral:
step: 2.46484375
CsCentral
CsCentral:
step: 2.466796875
CsCentral
CsCentral:
step: 2.46875
CsCentral
CsCentral:
step: 2.470703125
CsCentral
CsCentral:
step: 2.47265625
CsCentral
CsCentral:
step: 2.474609375
CsCentral
CsCentral:
step: 2.4765625
CsCentral
CsCentral:
step: 2.478515625
CsCentral
CsCentral:
step: 2.48046875
CsCentral
CsCentral:
step: 2.482421875
CsCentral
CsCentral:
step: 2.484375
CsCentral
CsCentral:
step: 2.486328125
CsCentral
CsCentral:
step: 2.48828125
CsCentral
CsCentral:
step: 2.490234375
CsCentral
CsCentral:
step: 2.4921875
CsCentral
CsCentral:
step: 2.494140625
CsCentral
CsCentral:
step: 2.49609375
CsCentral
CsCentral:
step: 2.498046875
CsCentral
CsCentral:
step: 2.5
CsCentral
CsCentral:
step: 2.501953125
CsCentral
CsCentral:
step: 2.50390625
CsCentral
CsCentral:
step: 2.505859375
CsCentral
CsCentral:
step: 2.5078125
CsCentral
CsCentral:
step: 2.509765625
CsCentral
CsCentral:
step: 2.51171875
CsCentral
CsCentral:
step: 2.513671875
CsCentral
CsCentral:
step: 2.515625
CsCentral
CsCentral:
step: 2.517578125
CsCentral
CsCentral:
step: 2.51953125
CsCentral
CsCentral:
step: 2.521484375
CsCentral
CsCentral:
step: 2.5234375
CsCentral
CsCentral:
step: 2.525390625
CsCentral
CsCentral:
step: 2.52734375
CsCentral
CsCentral:
step: 2.529296875
CsCentral
CsCentral:
step: 2.53125
CsCentral
CsCentral:
step: 2.533203125
CsCentral
CsCentral:
step: 2.53515625
CsCentral
CsCentral:
step: 2.537109375
CsCentral
CsCentral:
step: 2.5390625
CsCentral
CsCentral:
step: 2.541015625
CsCentral
CsCentral:
step: 2.54296875
CsCentral
CsCentral:
step: 2.544921875
CsCentral
CsCentral:
step: 2.546875
CsCentral
CsCentral:
step: 2.548828125
CsCentral
CsCentral:
step: 2.55078125
CsCentral
CsCentral:
step: 2.552734375
CsCentral
CsCentral:
step: 2.5546875
CsCentral
CsCentral:
step: 2.556640625
CsCentral
CsCentral:
step: 2.55859375
CsCentral
CsCentral:
step: 2.560546875
CsCentral
CsCentral:
step: 2.5625
CsCentral
CsCentral:
step: 2.564453125
CsCentral
CsCentral:
step: 2.56640625
CsCentral
CsCentral:
step: 2.568359375
CsCentral
CsCentral:
step: 2.5703125
CsCentral
CsCentral:
step: 2.572265625
CsCentral
CsCentral:
step: 2.57421875
CsCentral
CsCentral:
step: 2.576171875
CsCentral
CsCentral:
step: 2.578125
CsCentral
CsCentral:
step: 2.580078125
CsCentral
CsCentral:
step: 2.58203125
CsCentral
CsCentral:
step: 2.583984375
CsCentral
CsCentral:
step: 2.5859375
CsCentral
CsCentral:
step: 2.587890625
CsCentral
CsCentral:
step: 2.58984375
CsCentral
CsCentral:
step: 2.591796875
CsCentral
CsCentral:
step: 2.59375
CsCentral
CsCentral:
step: 2.595703125
CsCentral
CsCentral:
step: 2.59765625
CsCentral
CsCentral:
step: 2.599609375
CsCentral
CsCentral:
step: 2.6015625
CsCentral
CsCentral:
step: 2.603515625
CsCentral
CsCentral:
step: 2.60546875
CsCentral
CsCentral:
step: 2.607421875
CsCentral
CsCentral:
step: 2.609375
CsCentral
CsCentral:
step: 2.611328125
CsCentral
CsCentral:
step: 2.61328125
CsCentral
CsCentral:
step: 2.615234375
CsCentral
CsCentral:
step: 2.6171875
CsCentral
CsCentral:
step: 2.619140625
CsCentral
CsCentral:
step: 2.62109375
CsCentral
CsCentral:
step: 2.623046875
CsCentral
CsCentral:
step: 2.625
CsCentral
CsCentral:
step: 2.626953125
CsCentral
CsCentral:
step: 2.62890625
CsCentral
CsCentral:
step: 2.630859375
CsCentral
CsCentral:
step: 2.6328125
CsCentral
CsCentral:
step: 2.634765625
CsCentral
CsCentral:
step: 2.63671875
CsCentral
CsCentral:
step: 2.638671875
CsCentral
CsCentral:
step: 2.640625
CsCentral
CsCentral:
step: 2.642578125
CsCentral
CsCentral:
step: 2.64453125
CsCentral
CsCentral:
step: 2.646484375
CsCentral
CsCentral:
step: 2.6484375
CsCentral
CsCentral:
step: 2.650390625
CsCentral
CsCentral:
step: 2.65234375
CsCentral
CsCentral:
step: 2.654296875
CsCentral
CsCentral:
step: 2.65625
CsCentral
CsCentral:
step: 2.658203125
CsCentral
CsCentral:
step: 2.66015625
CsCentral
CsCentral:
step: 2.662109375
CsCentral
CsCentral:
step: 2.6640625
CsCentral
CsCentral:
step: 2.666015625
CsCentral
CsCentral:
step: 2.66796875
CsCentral
CsCentral:
step: 2.669921875
CsCentral
CsCentral:
step: 2.671875
CsCentral
CsCentral:
step: 2.673828125
CsCentral
CsCentral:
step: 2.67578125
CsCentral
CsCentral:
step: 2.677734375
CsCentral
CsCentral:
step: 2.6796875
CsCentral
CsCentral:
step: 2.681640625
CsCentral
CsCentral:
step: 2.68359375
CsCentral
CsCentral:
step: 2.685546875
CsCentral
CsCentral:
step: 2.6875
CsCentral
CsCentral:
step: 2.689453125
CsCentral
CsCentral:
step: 2.69140625
CsCentral
CsCentral:
step: 2.693359375
CsCentral
CsCentral:
step: 2.6953125
CsCentral
CsCentral:
step: 2.697265625
CsCentral
CsCentral:
step: 2.69921875
CsCentral
CsCentral:
step: 2.701171875
CsCentral
CsCentral:
step: 2.703125
CsCentral
CsCentral:
step: 2.705078125
CsCentral
CsCentral:
step: 2.70703125
CsCentral
CsCentral:
step: 2.708984375
CsCentral
CsCentral:
step: 2.7109375
CsCentral
CsCentral:
step: 2.712890625
CsCentral
CsCentral:
step: 2.71484375
CsCentral
CsCentral:
step: 2.716796875
CsCentral
CsCentral:
step: 2.71875
CsCentral
CsCentral:
step: 2.720703125
CsCentral
CsCentral:
step: 2.72265625
CsCentral
CsCentral:
step: 2.724609375
CsCentral
CsCentral:
step: 2.7265625
CsCentral
CsCentral:
step: 2.728515625
CsCentral
CsCentral:
step: 2.73046875
CsCentral
CsCentral:
step: 2.732421875
CsCentral
CsCentral:
step: 2.734375
CsCentral
CsCentral:
step: 2.736328125
CsCentral
CsCentral:
step: 2.73828125
CsCentral
CsCentral:
step: 2.740234375
CsCentral
CsCentral:
step: 2.7421875
CsCentral
CsCentral:
step: 2.744140625
CsCentral
CsCentral:
step: 2.74609375
CsCentral
CsCentral:
step: 2.748046875
CsCentral
CsCentral:
step: 2.75
CsCentral
CsCentral:
step: 2.751953125
CsCentral
CsCentral:
step: 2.75390625
CsCentral
CsCentral:
step: 2.755859375
CsCentral
CsCentral:
step: 2.7578125
CsCentral
CsCentral:
step: 2.759765625
CsCentral
CsCentral:
step: 2.76171875
CsCentral
CsCentral:
step: 2.763671875
CsCentral
CsCentral:
step: 2.765625
CsCentral
CsCentral:
step: 2.767578125
CsCentral
CsCentral:
step: 2.76953125
CsCentral
CsCentral:
step: 2.771484375
CsCentral
CsCentral:
step: 2.7734375
CsCentral
CsCentral:
step: 2.775390625
CsCentral
CsCentral:
step: 2.77734375
CsCentral
CsCentral:
step: 2.779296875
CsCentral
CsCentral:
step: 2.78125
CsCentral
CsCentral:
step: 2.783203125
CsCentral
CsCentral:
step: 2.78515625
CsCentral
CsCentral:
step: 2.787109375
CsCentral
CsCentral:
step: 2.7890625
CsCentral
CsCentral:
step: 2.791015625
CsCentral
CsCentral:
step: 2.79296875
CsCentral
CsCentral:
step: 2.794921875
CsCentral
CsCentral:
step: 2.796875
CsCentral
CsCentral:
step: 2.798828125
CsCentral
CsCentral:
step: 2.80078125
CsCentral
CsCentral:
step: 2.802734375
CsCentral
CsCentral:
step: 2.8046875
CsCentral
CsCentral:
step: 2.806640625
CsCentral
CsCentral:
step: 2.80859375
CsCentral
CsCentral:
step: 2.810546875
CsCentral
CsCentral:
step: 2.8125
CsCentral
CsCentral:
step: 2.814453125
CsCentral
CsCentral:
step: 2.81640625
CsCentral
CsCentral:
step: 2.818359375
CsCentral
CsCentral:
step: 2.8203125
CsCentral
CsCentral:
step: 2.822265625
CsCentral
CsCentral:
step: 2.82421875
CsCentral
CsCentral:
step: 2.826171875
CsCentral
CsCentral:
step: 2.828125
CsCentral
CsCentral:
step: 2.830078125
CsCentral
CsCentral:
step: 2.83203125
CsCentral
CsCentral:
step: 2.833984375
CsCentral
CsCentral:
step: 2.8359375
CsCentral
CsCentral:
step: 2.837890625
CsCentral
CsCentral:
step: 2.83984375
CsCentral
CsCentral:
step: 2.841796875
CsCentral
CsCentral:
step: 2.84375
CsCentral
CsCentral:
step: 2.845703125
CsCentral
CsCentral:
step: 2.84765625
CsCentral
CsCentral:
step: 2.849609375
CsCentral
CsCentral:
step: 2.8515625
CsCentral
CsCentral:
step: 2.853515625
CsCentral
CsCentral:
step: 2.85546875
CsCentral
CsCentral:
step: 2.857421875
CsCentral
CsCentral:
step: 2.859375
CsCentral
CsCentral:
step: 2.861328125
CsCentral
CsCentral:
step: 2.86328125
CsCentral
CsCentral:
step: 2.865234375
CsCentral
CsCentral:
step: 2.8671875
CsCentral
CsCentral:
step: 2.869140625
CsCentral
CsCentral:
step: 2.87109375
CsCentral
CsCentral:
step: 2.873046875
CsCentral
CsCentral:
step: 2.875
CsCentral
CsCentral:
step: 2.876953125
CsCentral
CsCentral:
step: 2.87890625
CsCentral
CsCentral:
step: 2.880859375
CsCentral
CsCentral:
step: 2.8828125
CsCentral
CsCentral:
step: 2.884765625
CsCentral
CsCentral:
step: 2.88671875
CsCentral
CsCentral:
step: 2.888671875
CsCentral
CsCentral:
step: 2.890625
CsCentral
CsCentral:
step: 2.892578125
CsCentral
CsCentral:
step: 2.89453125
CsCentral
CsCentral:
step: 2.896484375
CsCentral
CsCentral:
step: 2.8984375
CsCentral
CsCentral:
step: 2.900390625
CsCentral
CsCentral:
step: 2.90234375
CsCentral
CsCentral:
step: 2.904296875
CsCentral
CsCentral:
step: 2.90625
CsCentral
CsCentral:
step: 2.908203125
CsCentral
CsCentral:
step: 2.91015625
CsCentral
CsCentral:
step: 2.912109375
CsCentral
CsCentral:
step: 2.9140625
CsCentral
CsCentral:
step: 2.916015625
CsCentral
CsCentral:
step: 2.91796875
CsCentral
CsCentral:
step: 2.919921875
CsCentral
CsCentral:
step: 2.921875
CsCentral
CsCentral:
step: 2.923828125
CsCentral
CsCentral:
step: 2.92578125
CsCentral
CsCentral:
step: 2.927734375
CsCentral
CsCentral:
step: 2.9296875
CsCentral
CsCentral:
step: 2.931640625
CsCentral
CsCentral:
step: 2.93359375
CsCentral
CsCentral:
step: 2.935546875
CsCentral
CsCentral:
step: 2.9375
CsCentral
CsCentral:
step: 2.939453125
CsCentral
CsCentral:
step: 2.94140625
CsCentral
CsCentral:
step: 2.943359375
CsCentral
CsCentral:
step: 2.9453125
CsCentral
CsCentral:
step: 2.947265625
CsCentral
CsCentral:
step: 2.94921875
CsCentral
CsCentral:
step: 2.951171875
CsCentral
CsCentral:
step: 2.953125
CsCentral
CsCentral:
step: 2.955078125
CsCentral
CsCentral:
step: 2.95703125
CsCentral
CsCentral:
step: 2.958984375
CsCentral
CsCentral:
step: 2.9609375
CsCentral
CsCentral:
step: 2.962890625
CsCentral
CsCentral:
step: 2.96484375
CsCentral
CsCentral:
step: 2.966796875
CsCentral
CsCentral:
step: 2.96875
CsCentral
CsCentral:
step: 2.970703125
CsCentral
CsCentral:
step: 2.97265625
CsCentral
CsCentral:
step: 2.974609375
CsCentral
CsCentral:
step: 2.9765625
CsCentral
CsCentral:
step: 2.978515625
CsCentral
CsCentral:
step: 2.98046875
CsCentral
CsCentral:
step: 2.982421875
CsCentral
CsCentral:
step: 2.984375
CsCentral
CsCentral:
step: 2.986328125
CsCentral
CsCentral:
step: 2.98828125
CsCentral
CsCentral:
step: 2.990234375
CsCentral
CsCentral:
step: 2.9921875
CsCentral
CsCentral:
step: 2.994140625
CsCentral
CsCentral:
step: 2.99609375
CsCentral
CsCentral:
step: 2.998046875
CsCentral
CsCentral:
step: 3
CsCentral
CsCentral:
step: 3.001953125
CsCentral
CsCentral:
step: 3.00390625
CsCentral
CsCentral:
step: 3.005859375
CsCentral
CsCentral:
step: 3.0078125
CsCentral
CsCentral:
step: 3.009765625
CsCentral
CsCentral:
step: 3.01171875
CsCentral
CsCentral:
step: 3.013671875
CsCentral
CsCentral:
step: 3.015625
CsCentral
CsCentral:
step: 3.017578125
CsCentral
CsCentral:
step: 3.01953125
CsCentral
CsCentral:
step: 3.021484375
CsCentral
CsCentral:
step: 3.0234375
CsCentral
CsCentral:
step: 3.025390625
CsCentral
CsCentral:
step: 3.02734375
CsCentral
CsCentral:
step: 3.029296875
CsCentral
CsCentral:
step: 3.03125
CsCentral
CsCentral:
step: 3.033203125
CsCentral
CsCentral:
step: 3.03515625
CsCentral
CsCentral:
step: 3.037109375
CsCentral
CsCentral:
step: 3.0390625
CsCentral
CsCentral:
step: 3.041015625
CsCentral
CsCentral:
step: 3.04296875
CsCentral
CsCentral:
step: 3.044921875
CsCentral
CsCentral:
step: 3.046875
CsCentral
CsCentral:
step: 3.048828125
CsCentral
CsCentral:
step: 3.05078125
CsCentral
CsCentral:
step: 3.052734375
CsCentral
CsCentral:
step: 3.0546875
CsCentral
CsCentral:
step: 3.056640625
CsCentral
CsCentral:
step: 3.05859375
CsCentral
CsCentral:
step: 3.060546875
CsCentral
CsCentral:
step: 3.0625
CsCentral
CsCentral:
step: 3.064453125
CsCentral
CsCentral:
step: 3.06640625
CsCentral
CsCentral:
step: 3.068359375
CsCentral
CsCentral:
step: 3.0703125
CsCentral
CsCentral:
step: 3.072265625
CsCentral
CsCentral:
step: 3.07421875
CsCentral
CsCentral:
step: 3.076171875
CsCentral
CsCentral:
step: 3.078125
CsCentral
CsCentral:
step: 3.080078125
CsCentral
CsCentral:
step: 3.08203125
CsCentral
CsCentral:
step: 3.083984375
CsCentral
CsCentral:
step: 3.0859375
CsCentral
CsCentral:
step: 3.087890625
CsCentral
CsCentral:
step: 3.08984375
CsCentral
CsCentral:
step: 3.091796875
CsCentral
CsCentral:
step: 3.09375
CsCentral
CsCentral:
step: 3.095703125
CsCentral
CsCentral:
step: 3.09765625
CsCentral
CsCentral:
step: 3.099609375
CsCentral
CsCentral:
step: 3.1015625
CsCentral
CsCentral:
step: 3.103515625
CsCentral
CsCentral:
step: 3.10546875
CsCentral
CsCentral:
step: 3.107421875
CsCentral
CsCentral:
step: 3.109375
CsCentral
CsCentral:
step: 3.111328125
CsCentral
CsCentral:
step: 3.11328125
CsCentral
CsCentral:
step: 3.115234375
CsCentral
CsCentral:
step: 3.1171875
CsCentral
CsCentral:
step: 3.119140625
CsCentral
CsCentral:
step: 3.12109375
CsCentral
CsCentral:
step: 3.123046875
CsCentral
CsCentral:
step: 3.125
CsCentral
CsCentral:
step: 3.126953125
CsCentral
CsCentral:
step: 3.12890625
CsCentral
CsCentral:
step: 3.130859375
CsCentral
CsCentral:
step: 3.1328125
CsCentral
CsCentral:
step: 3.134765625
CsCentral
CsCentral:
step: 3.13671875
CsCentral
CsCentral:
step: 3.138671875
CsCentral
CsCentral:
step: 3.140625
CsCentral
CsCentral:
step: 3.142578125
CsCentral
CsCentral:
step: 3.14453125
CsCentral
CsCentral:
step: 3.146484375
CsCentral
CsCentral:
step: 3.1484375
CsCentral
CsCentral:
step: 3.150390625
CsCentral
CsCentral:
step: 3.15234375
CsCentral
CsCentral:
step: 3.154296875
CsCentral
CsCentral:
step: 3.15625
CsCentral
CsCentral:
step: 3.158203125
CsCentral
CsCentral:
step: 3.16015625
CsCentral
CsCentral:
step: 3.162109375
CsCentral
CsCentral:
step: 3.1640625
CsCentral
CsCentral:
step: 3.166015625
CsCentral
CsCentral:
step: 3.16796875
CsCentral
CsCentral:
step: 3.169921875
CsCentral
CsCentral:
step: 3.171875
CsCentral
CsCentral:
step: 3.173828125
CsCentral
CsCentral:
step: 3.17578125
CsCentral
CsCentral:
step: 3.177734375
CsCentral
CsCentral:
step: 3.1796875
CsCentral
CsCentral:
step: 3.181640625
CsCentral
CsCentral:
step: 3.18359375
CsCentral
CsCentral:
step: 3.185546875
CsCentral
CsCentral:
step: 3.1875
CsCentral
CsCentral:
step: 3.189453125
CsCentral
CsCentral:
step: 3.19140625
CsCentral
CsCentral:
step: 3.193359375
CsCentral
CsCentral:
step: 3.1953125
CsCentral
CsCentral:
step: 3.197265625
CsCentral
CsCentral:
step: 3.19921875
CsCentral
CsCentral:
step: 3.201171875
CsCentral
CsCentral:
step: 3.203125
CsCentral
CsCentral:
step: 3.205078125
CsCentral
CsCentral:
step: 3.20703125
CsCentral
CsCentral:
step: 3.208984375
CsCentral
CsCentral:
step: 3.2109375
CsCentral
CsCentral:
step: 3.212890625
CsCentral
CsCentral:
step: 3.21484375
CsCentral
CsCentral:
step: 3.216796875
CsCentral
CsCentral:
step: 3.21875
CsCentral
CsCentral:
step: 3.220703125
CsCentral
CsCentral:
step: 3.22265625
CsCentral
CsCentral:
step: 3.224609375
CsCentral
CsCentral:
step: 3.2265625
CsCentral
CsCentral:
step: 3.228515625
CsCentral
CsCentral:
step: 3.23046875
CsCentral
CsCentral:
step: 3.232421875
CsCentral
CsCentral:
step: 3.234375
CsCentral
CsCentral:
step: 3.236328125
CsCentral
CsCentral:
step: 3.23828125
CsCentral
CsCentral:
step: 3.240234375
CsCentral
CsCentral:
step: 3.2421875
CsCentral
CsCentral:
step: 3.244140625
CsCentral
CsCentral:
step: 3.24609375
CsCentral
CsCentral:
step: 3.248046875
CsCentral
CsCentral:
step: 3.25
CsCentral
CsCentral:
step: 3.251953125
CsCentral
CsCentral:
step: 3.25390625
CsCentral
CsCentral:
step: 3.255859375
CsCentral
CsCentral:
step: 3.2578125
CsCentral
CsCentral:
step: 3.259765625
CsCentral
CsCentral:
step: 3.26171875
CsCentral
CsCentral:
step: 3.263671875
CsCentral
CsCentral:
step: 3.265625
CsCentral
CsCentral:
step: 3.267578125
CsCentral
CsCentral:
step: 3.26953125
CsCentral
CsCentral:
step: 3.271484375
CsCentral
CsCentral:
step: 3.2734375
CsCentral
CsCentral:
step: 3.275390625
CsCentral
CsCentral:
step: 3.27734375
CsCentral
CsCentral:
step: 3.279296875
CsCentral
CsCentral:
step: 3.28125
CsCentral
CsCentral:
step: 3.283203125
CsCentral
CsCentral:
step: 3.28515625
CsCentral
CsCentral:
step: 3.287109375
CsCentral
CsCentral:
step: 3.2890625
CsCentral
CsCentral:
step: 3.291015625
CsCentral
CsCentral:
step: 3.29296875
CsCentral
CsCentral:
step: 3.294921875
CsCentral
CsCentral:
step: 3.296875
CsCentral
CsCentral:
step: 3.298828125
CsCentral
CsCentral:
step: 3.30078125
CsCentral
CsCentral:
step: 3.302734375
CsCentral
CsCentral:
step: 3.3046875
CsCentral
CsCentral:
step: 3.306640625
CsCentral
CsCentral:
step: 3.30859375
CsCentral
CsCentral:
step: 3.310546875
CsCentral
CsCentral:
step: 3.3125
CsCentral
CsCentral:
step: 3.314453125
CsCentral
CsCentral:
step: 3.31640625
CsCentral
CsCentral:
step: 3.318359375
CsCentral
CsCentral:
step: 3.3203125
CsCentral
CsCentral:
step: 3.322265625
CsCentral
CsCentral:
step: 3.32421875
CsCentral
CsCentral:
step: 3.326171875
CsCentral
CsCentral:
step: 3.328125
CsCentral
CsCentral:
step: 3.330078125
CsCentral
CsCentral:
step: 3.33203125
CsCentral
CsCentral:
step: 3.333984375
CsCentral
CsCentral:
step: 3.3359375
CsCentral
CsCentral:
step: 3.337890625
CsCentral
CsCentral:
step: 3.33984375
CsCentral
CsCentral:
step: 3.341796875
CsCentral
CsCentral:
step: 3.34375
CsCentral
CsCentral:
step: 3.345703125
CsCentral
CsCentral:
step: 3.34765625
CsCentral
CsCentral:
step: 3.349609375
CsCentral
CsCentral:
step: 3.3515625
CsCentral
CsCentral:
step: 3.353515625
CsCentral
CsCentral:
step: 3.35546875
CsCentral
CsCentral:
step: 3.357421875
CsCentral
CsCentral:
step: 3.359375
CsCentral
CsCentral:
step: 3.361328125
CsCentral
CsCentral:
step: 3.36328125
CsCentral
CsCentral:
step: 3.365234375
CsCentral
CsCentral:
step: 3.3671875
CsCentral
CsCentral:
step: 3.369140625
CsCentral
CsCentral:
step: 3.37109375
CsCentral
CsCentral:
step: 3.373046875
CsCentral
CsCentral:
step: 3.375
CsCentral
CsCentral:
step: 3.376953125
CsCentral
CsCentral:
step: 3.37890625
CsCentral
CsCentral:
step: 3.380859375
CsCentral
CsCentral:
step: 3.3828125
CsCentral
CsCentral:
step: 3.384765625
CsCentral
CsCentral:
step: 3.38671875
CsCentral
CsCentral:
step: 3.388671875
CsCentral
CsCentral:
step: 3.390625
CsCentral
CsCentral:
step: 3.392578125
CsCentral
CsCentral:
step: 3.39453125
CsCentral
CsCentral:
step: 3.396484375
CsCentral
CsCentral:
step: 3.3984375
CsCentral
CsCentral:
step: 3.400390625
CsCentral
CsCentral:
step: 3.40234375
CsCentral
CsCentral:
step: 3.404296875
CsCentral
CsCentral:
step: 3.40625
CsCentral
CsCentral:
step: 3.408203125
CsCentral
CsCentral:
step: 3.41015625
CsCentral
CsCentral:
step: 3.412109375
CsCentral
CsCentral:
step: 3.4140625
CsCentral
CsCentral:
step: 3.416015625
CsCentral
CsCentral:
step: 3.41796875
CsCentral
CsCentral:
step: 3.419921875
CsCentral
CsCentral:
step: 3.421875
CsCentral
CsCentral:
step: 3.423828125
CsCentral
CsCentral:
step: 3.42578125
CsCentral
CsCentral:
step: 3.427734375
CsCentral
CsCentral:
step: 3.4296875
CsCentral
CsCentral:
step: 3.431640625
CsCentral
CsCentral:
step: 3.43359375
CsCentral
CsCentral:
step: 3.435546875
CsCentral
CsCentral:
step: 3.4375
CsCentral
CsCentral:
step: 3.439453125
CsCentral
CsCentral:
step: 3.44140625
CsCentral
CsCentral:
step: 3.443359375
CsCentral
CsCentral:
step: 3.4453125
CsCentral
CsCentral:
step: 3.447265625
CsCentral
CsCentral:
step: 3.44921875
CsCentral
CsCentral:
step: 3.451171875
CsCentral
CsCentral:
step: 3.453125
CsCentral
CsCentral:
step: 3.455078125
CsCentral
CsCentral:
step: 3.45703125
CsCentral
CsCentral:
step: 3.458984375
CsCentral
CsCentral:
step: 3.4609375
CsCentral
CsCentral:
step: 3.462890625
CsCentral
CsCentral:
step: 3.46484375
CsCentral
CsCentral:
step: 3.466796875
CsCentral
CsCentral:
step: 3.46875
CsCentral
CsCentral:
step: 3.470703125
CsCentral
CsCentral:
step: 3.47265625
CsCentral
CsCentral:
step: 3.474609375
CsCentral
CsCentral:
step: 3.4765625
CsCentral
CsCentral:
step: 3.478515625
CsCentral
CsCentral:
step: 3.48046875
CsCentral
CsCentral:
step: 3.482421875
CsCentral
CsCentral:
step: 3.484375
CsCentral
CsCentral:
step: 3.486328125
CsCentral
CsCentral:
step: 3.48828125
CsCentral
CsCentral:
step: 3.490234375
CsCentral
CsCentral:
step: 3.4921875
CsCentral
CsCentral:
step: 3.494140625
CsCentral
CsCentral:
step: 3.49609375
CsCentral
CsCentral:
step: 3.498046875
CsCentral
CsCentral:
step: 3.5
CsCentral
CsCentral:
step: 3.501953125
CsCentral
CsCentral:
step: 3.50390625
CsCentral
CsCentral:
step: 3.505859375
CsCentral
CsCentral:
step: 3.5078125
CsCentral
CsCentral:
step: 3.509765625
CsCentral
CsCentral:
step: 3.51171875
CsCentral
CsCentral:
step: 3.513671875
CsCentral
CsCentral:
step: 3.515625
CsCentral
CsCentral:
step: 3.517578125
CsCentral
CsCentral:
step: 3.51953125
CsCentral
CsCentral:
step: 3.521484375
CsCentral
CsCentral:
step: 3.5234375
CsCentral
CsCentral:
step: 3.525390625
CsCentral
CsCentral:
step: 3.52734375
CsCentral
CsCentral:
step: 3.529296875
CsCentral
CsCentral:
step: 3.53125
CsCentral
CsCentral:
step: 3.533203125
CsCentral
CsCentral:
step: 3.53515625
CsCentral
CsCentral:
step: 3.537109375
CsCentral
CsCentral:
step: 3.5390625
CsCentral
CsCentral:
step: 3.541015625
CsCentral
CsCentral:
step: 3.54296875
CsCentral
CsCentral:
step: 3.544921875
CsCentral
CsCentral:
step: 3.546875
CsCentral
CsCentral:
step: 3.548828125
CsCentral
CsCentral:
step: 3.55078125
CsCentral
CsCentral:
step: 3.552734375
CsCentral
CsCentral:
step: 3.5546875
CsCentral
CsCentral:
step: 3.556640625
CsCentral
CsCentral:
step: 3.55859375
CsCentral
CsCentral:
step: 3.560546875
CsCentral
CsCentral:
step: 3.5625
CsCentral
CsCentral:
step: 3.564453125
CsCentral
CsCentral:
step: 3.56640625
CsCentral
CsCentral:
step: 3.568359375
CsCentral
CsCentral:
step: 3.5703125
CsCentral
CsCentral:
step: 3.572265625
CsCentral
CsCentral:
step: 3.57421875
CsCentral
CsCentral:
step: 3.576171875
CsCentral
CsCentral:
step: 3.578125
CsCentral
CsCentral:
step: 3.580078125
CsCentral
CsCentral:
step: 3.58203125
CsCentral
CsCentral:
step: 3.583984375
CsCentral
CsCentral:
step: 3.5859375
CsCentral
CsCentral:
step: 3.587890625
CsCentral
CsCentral:
step: 3.58984375
CsCentral
CsCentral:
step: 3.591796875
CsCentral
CsCentral:
step: 3.59375
CsCentral
CsCentral:
step: 3.595703125
CsCentral
CsCentral:
step: 3.59765625
CsCentral
CsCentral:
step: 3.599609375
CsCentral
CsCentral:
step: 3.6015625
CsCentral
CsCentral:
step: 3.603515625
CsCentral
CsCentral:
step: 3.60546875
CsCentral
CsCentral:
step: 3.607421875
CsCentral
CsCentral:
step: 3.609375
CsCentral
CsCentral:
step: 3.611328125
CsCentral
CsCentral:
step: 3.61328125
CsCentral
CsCentral:
step: 3.615234375
CsCentral
CsCentral:
step: 3.6171875
CsCentral
CsCentral:
step: 3.619140625
CsCentral
CsCentral:
step: 3.62109375
CsCentral
CsCentral:
step: 3.623046875
CsCentral
CsCentral:
step: 3.625
CsCentral
CsCentral:
step: 3.626953125
CsCentral
CsCentral:
step: 3.62890625
CsCentral
CsCentral:
step: 3.630859375
CsCentral
CsCentral:
step: 3.6328125
CsCentral
CsCentral:
step: 3.634765625
CsCentral
CsCentral:
step: 3.63671875
CsCentral
CsCentral:
step: 3.638671875
CsCentral
CsCentral:
step: 3.640625
CsCentral
CsCentral:
step: 3.642578125
CsCentral
CsCentral:
step: 3.64453125
CsCentral
CsCentral:
step: 3.646484375
CsCentral
CsCentral:
step: 3.6484375
CsCentral
CsCentral:
step: 3.650390625
CsCentral
CsCentral:
step: 3.65234375
CsCentral
CsCentral:
step: 3.654296875
CsCentral
CsCentral:
step: 3.65625
CsCentral
CsCentral:
step: 3.658203125
CsCentral
CsCentral:
step: 3.66015625
CsCentral
CsCentral:
step: 3.662109375
CsCentral
CsCentral:
step: 3.6640625
CsCentral
CsCentral:
step: 3.666015625
CsCentral
CsCentral:
step: 3.66796875
CsCentral
CsCentral:
step: 3.669921875
CsCentral
CsCentral:
step: 3.671875
CsCentral
CsCentral:
step: 3.673828125
CsCentral
CsCentral:
step: 3.67578125
CsCentral
CsCentral:
step: 3.677734375
CsCentral
CsCentral:
step: 3.6796875
CsCentral
CsCentral:
step: 3.681640625
CsCentral
CsCentral:
step: 3.68359375
CsCentral
CsCentral:
step: 3.685546875
CsCentral
CsCentral:
step: 3.6875
CsCentral
CsCentral:
step: 3.689453125
CsCentral
CsCentral:
step: 3.69140625
CsCentral
CsCentral:
step: 3.693359375
CsCentral
CsCentral:
step: 3.6953125
CsCentral
CsCentral:
step: 3.697265625
CsCentral
CsCentral:
step: 3.69921875
CsCentral
CsCentral:
step: 3.701171875
CsCentral
CsCentral:
step: 3.703125
CsCentral
CsCentral:
step: 3.705078125
CsCentral
CsCentral:
step: 3.70703125
CsCentral
CsCentral:
step: 3.708984375
CsCentral
CsCentral:
step: 3.7109375
CsCentral
CsCentral:
step: 3.712890625
CsCentral
CsCentral:
step: 3.71484375
CsCentral
CsCentral:
step: 3.716796875
CsCentral
CsCentral:
step: 3.71875
CsCentral
CsCentral:
step: 3.720703125
CsCentral
CsCentral:
step: 3.72265625
CsCentral
CsCentral:
step: 3.724609375
CsCentral
CsCentral:
step: 3.7265625
CsCentral
CsCentral:
step: 3.728515625
CsCentral
CsCentral:
step: 3.73046875
CsCentral
CsCentral:
step: 3.732421875
CsCentral
CsCentral:
step: 3.734375
CsCentral
CsCentral:
step: 3.736328125
CsCentral
CsCentral:
step: 3.73828125
CsCentral
CsCentral:
step: 3.740234375
CsCentral
CsCentral:
step: 3.7421875
CsCentral
CsCentral:
step: 3.744140625
CsCentral
CsCentral:
step: 3.74609375
CsCentral
CsCentral:
step: 3.748046875
CsCentral
CsCentral:
step: 3.75
CsCentral
CsCentral:
step: 3.751953125
CsCentral
CsCentral:
step: 3.75390625
CsCentral
CsCentral:
step: 3.755859375
CsCentral
CsCentral:
step: 3.7578125
CsCentral
CsCentral:
step: 3.759765625
CsCentral
CsCentral:
step: 3.76171875
CsCentral
CsCentral:
step: 3.763671875
CsCentral
CsCentral:
step: 3.765625
CsCentral
CsCentral:
step: 3.767578125
CsCentral
CsCentral:
step: 3.76953125
CsCentral
CsCentral:
step: 3.771484375
CsCentral
CsCentral:
step: 3.7734375
CsCentral
CsCentral:
step: 3.775390625
CsCentral
CsCentral:
step: 3.77734375
CsCentral
CsCentral:
step: 3.779296875
CsCentral
CsCentral:
step: 3.78125
CsCentral
CsCentral:
step: 3.783203125
CsCentral
CsCentral:
step: 3.78515625
CsCentral
CsCentral:
step: 3.787109375
CsCentral
CsCentral:
step: 3.7890625
CsCentral
CsCentral:
step: 3.791015625
CsCentral
CsCentral:
step: 3.79296875
CsCentral
CsCentral:
step: 3.794921875
CsCentral
CsCentral:
step: 3.796875
CsCentral
CsCentral:
step: 3.798828125
CsCentral
CsCentral:
step: 3.80078125
CsCentral
CsCentral:
step: 3.802734375
CsCentral
CsCentral:
step: 3.8046875
CsCentral
CsCentral:
step: 3.806640625
CsCentral
CsCentral:
step: 3.80859375
CsCentral
CsCentral:
step: 3.810546875
CsCentral
CsCentral:
step: 3.8125
CsCentral
CsCentral:
step: 3.814453125
CsCentral
CsCentral:
step: 3.81640625
CsCentral
CsCentral:
step: 3.818359375
CsCentral
CsCentral:
step: 3.8203125
CsCentral
CsCentral:
step: 3.822265625
CsCentral
CsCentral:
step: 3.82421875
CsCentral
CsCentral:
step: 3.826171875
CsCentral
CsCentral:
step: 3.828125
CsCentral
CsCentral:
step: 3.830078125
CsCentral
CsCentral:
step: 3.83203125
CsCentral
CsCentral:
step: 3.833984375
CsCentral
CsCentral:
step: 3.8359375
CsCentral
CsCentral:
step: 3.837890625
CsCentral
CsCentral:
step: 3.83984375
CsCentral
CsCentral:
step: 3.841796875
CsCentral
CsCentral:
step: 3.84375
CsCentral
CsCentral:
step: 3.845703125
CsCentral
CsCentral:
step: 3.84765625
CsCentral
CsCentral:
step: 3.849609375
CsCentral
CsCentral:
step: 3.8515625
CsCentral
CsCentral:
step: 3.853515625
CsCentral
CsCentral:
step: 3.85546875
CsCentral
CsCentral:
step: 3.857421875
CsCentral
CsCentral:
step: 3.859375
CsCentral
CsCentral:
step: 3.861328125
CsCentral
CsCentral:
step: 3.86328125
CsCentral
CsCentral:
step: 3.865234375
CsCentral
CsCentral:
step: 3.8671875
CsCentral
CsCentral:
step: 3.869140625
CsCentral
CsCentral:
step: 3.87109375
CsCentral
CsCentral:
step: 3.873046875
CsCentral
CsCentral:
step: 3.875
CsCentral
CsCentral:
step: 3.876953125
CsCentral
CsCentral:
step: 3.87890625
CsCentral
CsCentral:
step: 3.880859375
CsCentral
CsCentral:
step: 3.8828125
CsCentral
CsCentral:
step: 3.884765625
CsCentral
CsCentral:
step: 3.88671875
CsCentral
CsCentral:
step: 3.888671875
CsCentral
CsCentral:
step: 3.890625
CsCentral
CsCentral:
step: 3.892578125
CsCentral
CsCentral:
step: 3.89453125
CsCentral
CsCentral:
step: 3.896484375
CsCentral
CsCentral:
step: 3.8984375
CsCentral
CsCentral:
step: 3.900390625
CsCentral
CsCentral:
step: 3.90234375
CsCentral
CsCentral:
step: 3.904296875
CsCentral
CsCentral:
step: 3.90625
CsCentral
CsCentral:
step: 3.908203125
CsCentral
CsCentral:
step: 3.91015625
CsCentral
CsCentral:
step: 3.912109375
CsCentral
CsCentral:
step: 3.9140625
CsCentral
CsCentral:
step: 3.916015625
CsCentral
CsCentral:
step: 3.91796875
CsCentral
CsCentral:
step: 3.919921875
CsCentral
CsCentral:
step: 3.921875
CsCentral
CsCentral:
step: 3.923828125
CsCentral
CsCentral:
step: 3.92578125
CsCentral
CsCentral:
step: 3.927734375
CsCentral
CsCentral:
step: 3.9296875
CsCentral
CsCentral:
step: 3.931640625
CsCentral
CsCentral:
step: 3.93359375
CsCentral
CsCentral:
step: 3.935546875
CsCentral
CsCentral:
step: 3.9375
CsCentral
CsCentral:
step: 3.939453125
CsCentral
CsCentral:
step: 3.94140625
CsCentral
CsCentral:
step: 3.943359375
CsCentral
CsCentral:
step: 3.9453125
CsCentral
CsCentral:
step: 3.947265625
CsCentral
CsCentral:
step: 3.94921875
CsCentral
CsCentral:
step: 3.951171875
CsCentral
CsCentral:
step: 3.953125
CsCentral
CsCentral:
step: 3.955078125
CsCentral
CsCentral:
step: 3.95703125
CsCentral
CsCentral:
step: 3.958984375
CsCentral
CsCentral:
step: 3.9609375
CsCentral
CsCentral:
step: 3.962890625
CsCentral
CsCentral:
step: 3.96484375
CsCentral
CsCentral:
step: 3.966796875
CsCentral
CsCentral:
step: 3.96875
CsCentral
CsCentral:
step: 3.970703125
CsCentral
CsCentral:
step: 3.97265625
CsCentral
CsCentral:
step: 3.974609375
CsCentral
CsCentral:
step: 3.9765625
CsCentral
CsCentral:
step: 3.978515625
CsCentral
CsCentral:
step: 3.98046875
CsCentral
CsCentral:
step: 3.982421875
CsCentral
CsCentral:
step: 3.984375
CsCentral
CsCentral:
step: 3.986328125
CsCentral
CsCentral:
step: 3.98828125
CsCentral
CsCentral:
step: 3.990234375
CsCentral
CsCentral:
step: 3.9921875
CsCentral
CsCentral:
step: 3.994140625
CsCentral
CsCentral:
step: 3.99609375
CsCentral
CsCentral:
step: 3.998046875
CsCentral
CsCentral:
step: 4
CsCentral
CsCentral:
