[
[
[
[
[
[
[
[
[
[
---Stock validation step: 1
summaryAg.logisticalGrowth:
CsRandom
totalStock:
maxStock:
minStock:
CsCentral
totalStock:
maxStock:
minStock:
------------------------------------------------------------------
---Stock validation step: 2
summaryAg.logisticalGrowth:
CsRandom
totalStock:
maxStock:
minStock:
CsCentral
totalStock:
maxStock:
minStock:
------------------------------------------------------------------
---Stock validation step: 3
summaryAg.logisticalGrowth:
CsRandom
totalStock:
maxStock:
minStock:
CsCentral
totalStock:
maxStock:
minStock:
------------------------------------------------------------------
---Stock validation step: 4
summaryAg.logisticalGrowth:
CsRandom
totalStock:
maxStock:
minStock:
CsCentral
totalStock:
maxStock:
minStock:
------------------------------------------------------------------
---Stock validation step: 5
summaryAg.logisticalGrowth:
CsRandom
totalStock:
maxStock:
minStock:
CsCentral
totalStock:
maxStock:
minStock:
------------------------------------------------------------------
---Stock validation step: 6
summaryAg.logisticalGrowth:
CsRandom
totalStock:
maxStock:
minStock:
CsCentral
totalStock:
maxStock:
minStock:
------------------------------------------------------------------
---Stock validation step: 7
summaryAg.logisticalGrowth:
CsRandom
totalStock:
maxStock:
minStock:
CsCentral
totalStock:
maxStock:
minStock:
------------------------------------------------------------------
---Stock validation step: 8
summaryAg.logisticalGrowth:
CsRandom
totalStock:
maxStock:
minStock:
CsCentral
totalStock:
maxStock:
minStock:
------------------------------------------------------------------
---Stock validation step: 9
summaryAg.logisticalGrowth:
CsRandom
totalStock:
maxStock:
minStock:
CsCentral
totalStock:
maxStock:
minStock:
------------------------------------------------------------------
---Stock validation step: 10
summaryAg.logisticalGrowth:
CsRandom
totalStock:
maxStock:
minStock:
CsCentral
totalStock:
maxStock:
minStock:
------------------------------------------------------------------
---Stock validation step: 11
summaryAg.logisticalGrowth:
CsRandom
totalStock:
maxStock:
minStock:
CsCentral
totalStock:
maxStock:
minStock:
------------------------------------------------------------------
---Stock validation step: 12
summaryAg.logisticalGrowth:
CsRandom
totalStock:
maxStock:
minStock:
CsCentral
totalStock:
maxStock:
minStock:
------------------------------------------------------------------
---Stock validation step: 13
summaryAg.logisticalGrowth:
CsRandom
totalStock:
maxStock:
minStock:
CsCentral
totalStock:
maxStock:
minStock:
------------------------------------------------------------------
---Stock validation step: 14
summaryAg.logisticalGrowth:
CsRandom
totalStock:
maxStock:
minStock:
CsCentral
totalStock:
maxStock:
minStock:
------------------------------------------------------------------
---Stock validation step: 15
summaryAg.logisticalGrowth:
CsRandom
totalStock:
maxStock:
minStock:
CsCentral
totalStock:
maxStock:
minStock:
------------------------------------------------------------------
---Stock validation step: 16
summaryAg.logisticalGrowth:
CsRandom
totalStock:
maxStock:
minStock:
CsCentral
totalStock:
maxStock:
minStock:
------------------------------------------------------------------
---Stock validation step: 17
summaryAg.logisticalGrowth:
CsRandom
totalStock:
maxStock:
minStock:
CsCentral
totalStock:
maxStock:
minStock:
------------------------------------------------------------------
---Stock validation step: 18
summaryAg.logisticalGrowth:
CsRandom
totalStock:
maxStock:
minStock:
CsCentral
totalStock:
maxStock:
minStock:
------------------------------------------------------------------
---Stock validation step: 19
summaryAg.logisticalGrowth:
CsRandom
totalStock:
maxStock:
minStock:
CsCentral
totalStock:
maxStock:
minStock:
------------------------------------------------------------------
---Stock validation step: 20
summaryAg.logisticalGrowth:
CsRandom
totalStock:
maxStock:
minStock:
CsCentral
totalStock:
maxStock:
minStock:
------------------------------------------------------------------
---Stock validation step: 21
summaryAg.logisticalGrowth:
CsRandom
totalStock:
maxStock:
minStock:
CsCentral
totalStock:
maxStock:
minStock:
------------------------------------------------------------------
---Stock validation step: 22
summaryAg.logisticalGrowth:
CsRandom
totalStock:
maxStock:
minStock:
CsCentral
totalStock:
maxStock:
minStock:
------------------------------------------------------------------
---Stock validation step: 23
summaryAg.logisticalGrowth:
CsRandom
totalStock:
maxStock:
minStock:
CsCentral
totalStock:
maxStock:
minStock:
------------------------------------------------------------------
---Stock validation step: 24
summaryAg.logisticalGrowth:
CsRandom
totalStock:
maxStock:
minStock:
CsCentral
totalStock:
maxStock:
minStock:
------------------------------------------------------------------
---Stock validation step: 25
summaryAg.logisticalGrowth:
CsRandom
totalStock:
maxStock:
minStock:
CsCentral
totalStock:
maxStock:
minStock:
------------------------------------------------------------------
---Stock validation step: 26
summaryAg.logisticalGrowth:
CsRandom
totalStock:
maxStock:
minStock:
CsCentral
totalStock:
maxStock:
minStock:
------------------------------------------------------------------
---Stock validation step: 27
summaryAg.logisticalGrowth:
CsRandom
totalStock:
maxStock:
minStock:
CsCentral
totalStock:
maxStock:
minStock:
------------------------------------------------------------------
---Stock validation step: 28
summaryAg.logisticalGrowth:
CsRandom
totalStock:
maxStock:
minStock:
CsCentral
totalStock:
maxStock:
minStock:
------------------------------------------------------------------
---Stock validation step: 29
summaryAg.logisticalGrowth:
CsRandom
totalStock:
maxStock:
minStock:
CsCentral
totalStock:
maxStock:
minStock:
------------------------------------------------------------------
---Stock validation step: 30
summaryAg.logisticalGrowth:
CsRandom
totalStock:
maxStock:
minStock:
CsCentral
totalStock:
maxStock:
minStock:
------------------------------------------------------------------
---Stock validation step: 31
summaryAg.logisticalGrowth:
CsRandom
totalStock:
maxStock:
minStock:
CsCentral
totalStock:
maxStock:
minStock:
------------------------------------------------------------------
---Stock validation step: 32
summaryAg.logisticalGrowth:
CsRandom
totalStock:
maxStock:
minStock:
CsCentral
totalStock:
maxStock:
minStock:
------------------------------------------------------------------
---Stock validation step: 33
summaryAg.logisticalGrowth:
CsRandom
totalStock:
maxStock:
minStock:
CsCentral
totalStock:
maxStock:
minStock:
------------------------------------------------------------------
---Stock validation step: 34
summaryAg.logisticalGrowth:
CsRandom
totalStock:
maxStock:
minStock:
CsCentral
totalStock:
maxStock:
minStock:
------------------------------------------------------------------
---Stock validation step: 35
summaryAg.logisticalGrowth:
CsRandom
totalStock:
maxStock:
minStock:
CsCentral
totalStock:
maxStock:
minStock:
------------------------------------------------------------------
---Stock validation step: 36
summaryAg.logisticalGrowth:
CsRandom
totalStock:
maxStock:
minStock:
CsCentral
totalStock:
maxStock:
minStock:
------------------------------------------------------------------
---Stock validation step: 37
summaryAg.logisticalGrowth:
CsRandom
totalStock:
maxStock:
minStock:
CsCentral
totalStock:
maxStock:
minStock:
------------------------------------------------------------------
---Stock validation step: 38
summaryAg.logisticalGrowth:
CsRandom
totalStock:
maxStock:
minStock:
CsCentral
totalStock:
maxStock:
minStock:
------------------------------------------------------------------
---Stock validation step: 39
summaryAg.logisticalGrowth:
CsRandom
totalStock:
maxStock:
minStock:
CsCentral
totalStock:
maxStock:
minStock:
------------------------------------------------------------------
---Stock validation step: 40
summaryAg.logisticalGrowth:
CsRandom
totalStock:
maxStock:
minStock:
CsCentral
totalStock:
maxStock:
minStock:
------------------------------------------------------------------
---Stock validation step: 41
summaryAg.logisticalGrowth:
CsRandom
totalStock:
maxStock:
minStock:
CsCentral
totalStock:
maxStock:
minStock:
------------------------------------------------------------------
---Stock validation step: 42
summaryAg.logisticalGrowth:
CsRandom
totalStock:
maxStock:
minStock:
CsCentral
totalStock:
maxStock:
minStock:
------------------------------------------------------------------
---Stock validation step: 43
summaryAg.logisticalGrowth:
CsRandom
totalStock:
maxStock:
minStock:
CsCentral
totalStock:
maxStock:
minStock:
------------------------------------------------------------------
---Stock validation step: 44
summaryAg.logisticalGrowth:
CsRandom
totalStock:
maxStock:
minStock:
CsCentral
totalStock:
maxStock:
minStock:
------------------------------------------------------------------
---Stock validation step: 45
summaryAg.logisticalGrowth:
CsRandom
totalStock:
maxStock:
minStock:
CsCentral
totalStock:
maxStock:
minStock:
------------------------------------------------------------------
---Stock validation step: 46
summaryAg.logisticalGrowth:
CsRandom
totalStock:
maxStock:
minStock:
CsCentral
totalStock:
maxStock:
minStock:
------------------------------------------------------------------
---Stock validation step: 47
summaryAg.logisticalGrowth:
CsRandom
totalStock:
maxStock:
minStock:
CsCentral
totalStock:
maxStock:
minStock:
------------------------------------------------------------------
---Stock validation step: 48
summaryAg.logisticalGrowth:
CsRandom
totalStock:
maxStock:
minStock:
CsCentral
totalStock:
maxStock:
minStock:
------------------------------------------------------------------
---Stock validation step: 49
summaryAg.logisticalGrowth:
CsRandom
totalStock:
maxStock:
minStock:
CsCentral
totalStock:
maxStock:
minStock:
------------------------------------------------------------------
---Stock validation step: 50
summaryAg.logisticalGrowth:
CsRandom
totalStock:
maxStock:
minStock:
CsCentral
totalStock:
maxStock:
minStock:
------------------------------------------------------------------
---Stock validation step: 51
summaryAg.logisticalGrowth:
CsRandom
totalStock:
maxStock:
minStock:
CsCentral
totalStock:
maxStock:
minStock:
------------------------------------------------------------------
---Stock validation step: 52
summaryAg.logisticalGrowth:
CsRandom
totalStock:
maxStock:
minStock:
CsCentral
totalStock:
maxStock:
minStock:
------------------------------------------------------------------
---Stock validation step: 53
summaryAg.logisticalGrowth:
CsRandom
totalStock:
maxStock:
minStock:
CsCentral
totalStock:
maxStock:
minStock:
------------------------------------------------------------------
---Stock validation step: 54
summaryAg.logisticalGrowth:
CsRandom
totalStock:
maxStock:
minStock:
CsCentral
totalStock:
maxStock:
minStock:
------------------------------------------------------------------
---Stock validation step: 55
summaryAg.logisticalGrowth:
CsRandom
totalStock:
maxStock:
minStock:
CsCentral
totalStock:
maxStock:
minStock:
------------------------------------------------------------------
---Stock validation step: 56
summaryAg.logisticalGrowth:
CsRandom
totalStock:
maxStock:
minStock:
CsCentral
totalStock:
maxStock:
minStock:
------------------------------------------------------------------
---Stock validation step: 57
summaryAg.logisticalGrowth:
CsRandom
totalStock:
maxStock:
minStock:
CsCentral
totalStock:
maxStock:
minStock:
------------------------------------------------------------------
---Stock validation step: 58
summaryAg.logisticalGrowth:
CsRandom
totalStock:
maxStock:
minStock:
CsCentral
totalStock:
maxStock:
minStock:
------------------------------------------------------------------
---Stock validation step: 59
summaryAg.logisticalGrowth:
CsRandom
totalStock:
maxStock:
minStock:
CsCentral
totalStock:
maxStock:
minStock:
------------------------------------------------------------------
---Stock validation step: 60
summaryAg.logisticalGrowth:
CsRandom
totalStock:
maxStock:
minStock:
CsCentral
totalStock:
maxStock:
minStock:
------------------------------------------------------------------
---Stock validation step: 61
summaryAg.logisticalGrowth:
CsRandom
totalStock:
maxStock:
minStock:
CsCentral
totalStock:
maxStock:
minStock:
------------------------------------------------------------------
---Stock validation step: 62
summaryAg.logisticalGrowth:
CsRandom
totalStock:
maxStock:
minStock:
CsCentral
totalStock:
maxStock:
minStock:
------------------------------------------------------------------
---Stock validation step: 63
summaryAg.logisticalGrowth:
CsRandom
totalStock:
maxStock:
minStock:
CsCentral
totalStock:
maxStock:
minStock:
------------------------------------------------------------------
---Stock validation step: 64
summaryAg.logisticalGrowth:
CsRandom
totalStock:
maxStock:
minStock:
CsCentral
totalStock:
maxStock:
minStock:
------------------------------------------------------------------
---Stock validation step: 65
summaryAg.logisticalGrowth:
CsRandom
totalStock:
maxStock:
minStock:
CsCentral
totalStock:
maxStock:
minStock:
------------------------------------------------------------------
---Stock validation step: 66
summaryAg.logisticalGrowth:
CsRandom
totalStock:
maxStock:
minStock:
CsCentral
totalStock:
maxStock:
minStock:
------------------------------------------------------------------
---Stock validation step: 67
summaryAg.logisticalGrowth:
CsRandom
totalStock:
maxStock:
minStock:
CsCentral
totalStock:
maxStock:
minStock:
------------------------------------------------------------------
---Stock validation step: 68
summaryAg.logisticalGrowth:
CsRandom
totalStock:
maxStock:
minStock:
CsCentral
totalStock:
maxStock:
minStock:
------------------------------------------------------------------
---Stock validation step: 69
summaryAg.logisticalGrowth:
CsRandom
totalStock:
maxStock:
minStock:
CsCentral
totalStock:
maxStock:
minStock:
------------------------------------------------------------------
---Stock validation step: 70
summaryAg.logisticalGrowth:
CsRandom
totalStock:
maxStock:
minStock:
CsCentral
totalStock:
maxStock:
minStock:
------------------------------------------------------------------
---Stock validation step: 71
summaryAg.logisticalGrowth:
CsRandom
totalStock:
maxStock:
minStock:
CsCentral
totalStock:
maxStock:
minStock:
------------------------------------------------------------------
---Stock validation step: 72
summaryAg.logisticalGrowth:
CsRandom
totalStock:
maxStock:
minStock:
CsCentral
totalStock:
maxStock:
minStock:
------------------------------------------------------------------
---Stock validation step: 73
summaryAg.logisticalGrowth:
CsRandom
totalStock:
maxStock:
minStock:
CsCentral
totalStock:
maxStock:
minStock:
------------------------------------------------------------------
---Stock validation step: 74
summaryAg.logisticalGrowth:
CsRandom
totalStock:
maxStock:
minStock:
CsCentral
totalStock:
maxStock:
minStock:
------------------------------------------------------------------
---Stock validation step: 75
summaryAg.logisticalGrowth:
CsRandom
totalStock:
maxStock:
minStock:
CsCentral
totalStock:
maxStock:
minStock:
------------------------------------------------------------------
---Stock validation step: 76
summaryAg.logisticalGrowth:
CsRandom
totalStock:
maxStock:
minStock:
CsCentral
totalStock:
maxStock:
minStock:
------------------------------------------------------------------
---Stock validation step: 77
summaryAg.logisticalGrowth:
CsRandom
totalStock:
maxStock:
minStock:
CsCentral
totalStock:
maxStock:
minStock:
------------------------------------------------------------------
---Stock validation step: 78
summaryAg.logisticalGrowth:
CsRandom
totalStock:
maxStock:
minStock:
CsCentral
totalStock:
maxStock:
minStock:
------------------------------------------------------------------
---Stock validation step: 79
summaryAg.logisticalGrowth:
CsRandom
totalStock:
maxStock:
minStock:
CsCentral
totalStock:
maxStock:
minStock:
------------------------------------------------------------------
---Stock validation step: 80
summaryAg.logisticalGrowth:
CsRandom
totalStock:
maxStock:
minStock:
CsCentral
totalStock:
maxStock:
minStock:
------------------------------------------------------------------
---Stock validation step: 81
summaryAg.logisticalGrowth:
CsRandom
totalStock:
maxStock:
minStock:
CsCentral
totalStock:
maxStock:
minStock:
------------------------------------------------------------------
---Stock validation step: 82
summaryAg.logisticalGrowth:
CsRandom
totalStock:
maxStock:
minStock:
CsCentral
totalStock:
maxStock:
minStock:
------------------------------------------------------------------
---Stock validation step: 83
summaryAg.logisticalGrowth:
CsRandom
totalStock:
maxStock:
minStock:
CsCentral
totalStock:
maxStock:
minStock:
------------------------------------------------------------------
---Stock validation step: 84
summaryAg.logisticalGrowth:
CsRandom
totalStock:
maxStock:
minStock:
CsCentral
totalStock:
maxStock:
minStock:
------------------------------------------------------------------
---Stock validation step: 85
summaryAg.logisticalGrowth:
CsRandom
totalStock:
maxStock:
minStock:
CsCentral
totalStock:
maxStock:
minStock:
------------------------------------------------------------------
---Stock validation step: 86
summaryAg.logisticalGrowth:
CsRandom
totalStock:
maxStock:
minStock:
CsCentral
totalStock:
maxStock:
minStock:
------------------------------------------------------------------
---Stock validation step: 87
summaryAg.logisticalGrowth:
CsRandom
totalStock:
maxStock:
minStock:
CsCentral
totalStock:
maxStock:
minStock:
------------------------------------------------------------------
---Stock validation step: 88
summaryAg.logisticalGrowth:
CsRandom
totalStock:
maxStock:
minStock:
CsCentral
totalStock:
maxStock:
minStock:
------------------------------------------------------------------
---Stock validation step: 89
summaryAg.logisticalGrowth:
CsRandom
totalStock:
maxStock:
minStock:
CsCentral
totalStock:
maxStock:
minStock:
------------------------------------------------------------------
---Stock validation step: 90
summaryAg.logisticalGrowth:
CsRandom
totalStock:
maxStock:
minStock:
CsCentral
totalStock:
maxStock:
minStock:
------------------------------------------------------------------
---Stock validation step: 91
summaryAg.logisticalGrowth:
CsRandom
totalStock:
maxStock:
minStock:
CsCentral
totalStock:
maxStock:
minStock:
------------------------------------------------------------------
---Stock validation step: 92
summaryAg.logisticalGrowth:
CsRandom
totalStock:
maxStock:
minStock:
CsCentral
totalStock:
maxStock:
minStock:
------------------------------------------------------------------
---Stock validation step: 93
summaryAg.logisticalGrowth:
CsRandom
totalStock:
maxStock:
minStock:
CsCentral
totalStock:
maxStock:
minStock:
------------------------------------------------------------------
---Stock validation step: 94
summaryAg.logisticalGrowth:
CsRandom
totalStock:
maxStock:
minStock:
CsCentral
totalStock:
maxStock:
minStock:
------------------------------------------------------------------
---Stock validation step: 95
summaryAg.logisticalGrowth:
CsRandom
totalStock:
maxStock:
minStock:
CsCentral
totalStock:
maxStock:
minStock:
------------------------------------------------------------------
---Stock validation step: 96
summaryAg.logisticalGrowth:
CsRandom
totalStock:
maxStock:
minStock:
CsCentral
totalStock:
maxStock:
minStock:
------------------------------------------------------------------
---Stock validation step: 97
summaryAg.logisticalGrowth:
CsRandom
totalStock:
maxStock:
minStock:
CsCentral
totalStock:
maxStock:
minStock:
------------------------------------------------------------------
---Stock validation step: 98
summaryAg.logisticalGrowth:
CsRandom
totalStock:
maxStock:
minStock:
CsCentral
totalStock:
maxStock:
minStock:
------------------------------------------------------------------
---Stock validation step: 99
summaryAg.logisticalGrowth:
CsRandom
totalStock:
maxStock:
minStock:
CsCentral
totalStock:
maxStock:
minStock:
------------------------------------------------------------------
---Stock validation step: 100
summaryAg.logisticalGrowth:
CsRandom
totalStock:
maxStock:
minStock:
CsCentral
totalStock:
maxStock:
minStock:
------------------------------------------------------------------
---Stock validation step: 101
summaryAg.logisticalGrowth:
CsRandom
totalStock:
maxStock:
minStock:
CsCentral
totalStock:
maxStock:
minStock:
------------------------------------------------------------------
---Stock validation step: 102
summaryAg.logisticalGrowth:
CsRandom
totalStock:
maxStock:
minStock:
CsCentral
totalStock:
maxStock:
minStock:
------------------------------------------------------------------
---Stock validation step: 103
summaryAg.logisticalGrowth:
CsRandom
totalStock:
maxStock:
minStock:
CsCentral
totalStock:
maxStock:
minStock:
------------------------------------------------------------------
---Stock validation step: 104
summaryAg.logisticalGrowth:
CsRandom
totalStock:
maxStock:
minStock:
CsCentral
totalStock:
maxStock:
minStock:
------------------------------------------------------------------
---Stock validation step: 105
summaryAg.logisticalGrowth:
CsRandom
totalStock:
maxStock:
minStock:
CsCentral
totalStock:
maxStock:
minStock:
------------------------------------------------------------------
---Stock validation step: 106
summaryAg.logisticalGrowth:
CsRandom
totalStock:
maxStock:
minStock:
CsCentral
totalStock:
maxStock:
minStock:
------------------------------------------------------------------
---Stock validation step: 107
summaryAg.logisticalGrowth:
CsRandom
totalStock:
maxStock:
minStock:
CsCentral
totalStock:
maxStock:
minStock:
------------------------------------------------------------------
---Stock validation step: 108
summaryAg.logisticalGrowth:
CsRandom
totalStock:
maxStock:
minStock:
CsCentral
totalStock:
maxStock:
minStock:
------------------------------------------------------------------
---Stock validation step: 109
summaryAg.logisticalGrowth:
CsRandom
totalStock:
maxStock:
minStock:
CsCentral
totalStock:
maxStock:
minStock:
------------------------------------------------------------------
---Stock validation step: 110
summaryAg.logisticalGrowth:
CsRandom
totalStock:
maxStock:
minStock:
CsCentral
totalStock:
maxStock:
minStock:
------------------------------------------------------------------
---Stock validation step: 111
summaryAg.logisticalGrowth:
CsRandom
totalStock:
maxStock:
minStock:
CsCentral
totalStock:
maxStock:
minStock:
------------------------------------------------------------------
---Stock validation step: 112
summaryAg.logisticalGrowth:
CsRandom
totalStock:
maxStock:
minStock:
CsCentral
totalStock:
maxStock:
minStock:
------------------------------------------------------------------
---Stock validation step: 113
summaryAg.logisticalGrowth:
CsRandom
totalStock:
maxStock:
minStock:
CsCentral
totalStock:
maxStock:
minStock:
------------------------------------------------------------------
---Stock validation step: 114
summaryAg.logisticalGrowth:
CsRandom
totalStock:
maxStock:
minStock:
CsCentral
totalStock:
maxStock:
minStock:
------------------------------------------------------------------
---Stock validation step: 115
summaryAg.logisticalGrowth:
CsRandom
totalStock:
maxStock:
minStock:
CsCentral
totalStock:
maxStock:
minStock:
------------------------------------------------------------------
---Stock validation step: 116
summaryAg.logisticalGrowth:
CsRandom
totalStock:
maxStock:
minStock:
CsCentral
totalStock:
maxStock:
minStock:
------------------------------------------------------------------
---Stock validation step: 117
summaryAg.logisticalGrowth:
CsRandom
totalStock:
maxStock:
minStock:
CsCentral
totalStock:
maxStock:
minStock:
------------------------------------------------------------------
---Stock validation step: 118
summaryAg.logisticalGrowth:
CsRandom
totalStock:
maxStock:
minStock:
CsCentral
totalStock:
maxStock:
minStock:
------------------------------------------------------------------
---Stock validation step: 119
summaryAg.logisticalGrowth:
CsRandom
totalStock:
maxStock:
minStock:
CsCentral
totalStock:
maxStock:
minStock:
------------------------------------------------------------------
---Stock validation step: 120
summaryAg.logisticalGrowth:
CsRandom
totalStock:
maxStock:
minStock:
CsCentral
totalStock:
maxStock:
minStock:
------------------------------------------------------------------
---Stock validation step: 121
summaryAg.logisticalGrowth:
CsRandom
totalStock:
maxStock:
minStock:
CsCentral
totalStock:
maxStock:
minStock:
------------------------------------------------------------------
---Stock validation step: 122
summaryAg.logisticalGrowth:
CsRandom
totalStock:
maxStock:
minStock:
CsCentral
totalStock:
maxStock:
minStock:
------------------------------------------------------------------
---Stock validation step: 123
summaryAg.logisticalGrowth:
CsRandom
totalStock:
maxStock:
minStock:
CsCentral
totalStock:
maxStock:
minStock:
------------------------------------------------------------------
---Stock validation step: 124
summaryAg.logisticalGrowth:
CsRandom
totalStock:
maxStock:
minStock:
CsCentral
totalStock:
maxStock:
minStock:
------------------------------------------------------------------
---Stock validation step: 125
summaryAg.logisticalGrowth:
CsRandom
totalStock:
maxStock:
minStock:
CsCentral
totalStock:
maxStock:
minStock:
------------------------------------------------------------------
---Stock validation step: 126
summaryAg.logisticalGrowth:
CsRandom
totalStock:
maxStock:
minStock:
CsCentral
totalStock:
maxStock:
minStock:
------------------------------------------------------------------
---Stock validation step: 127
summaryAg.logisticalGrowth:
CsRandom
totalStock:
maxStock:
minStock:
CsCentral
totalStock:
maxStock:
minStock:
------------------------------------------------------------------
---Stock validation step: 128
summaryAg.logisticalGrowth:
CsRandom
totalStock:
maxStock:
minStock:
CsCentral
totalStock:
maxStock:
minStock:
------------------------------------------------------------------
---Stock validation step: 129
summaryAg.logisticalGrowth:
CsRandom
totalStock:
maxStock:
minStock:
CsCentral
totalStock:
maxStock:
minStock:
------------------------------------------------------------------
---Stock validation step: 130
summaryAg.logisticalGrowth:
CsRandom
totalStock:
maxStock:
minStock:
CsCentral
totalStock:
maxStock:
minStock:
------------------------------------------------------------------
---Stock validation step: 131
summaryAg.logisticalGrowth:
CsRandom
totalStock:
maxStock:
minStock:
CsCentral
totalStock:
maxStock:
minStock:
------------------------------------------------------------------
---Stock validation step: 132
summaryAg.logisticalGrowth:
CsRandom
totalStock:
maxStock:
minStock:
CsCentral
totalStock:
maxStock:
minStock:
------------------------------------------------------------------
---Stock validation step: 133
summaryAg.logisticalGrowth:
CsRandom
totalStock:
maxStock:
minStock:
CsCentral
totalStock:
maxStock:
minStock:
------------------------------------------------------------------
---Stock validation step: 134
summaryAg.logisticalGrowth:
CsRandom
totalStock:
maxStock:
minStock:
CsCentral
totalStock:
maxStock:
minStock:
------------------------------------------------------------------
---Stock validation step: 135
summaryAg.logisticalGrowth:
CsRandom
totalStock:
maxStock:
minStock:
CsCentral
totalStock:
maxStock:
minStock:
------------------------------------------------------------------
---Stock validation step: 136
summaryAg.logisticalGrowth:
CsRandom
totalStock:
maxStock:
minStock:
CsCentral
totalStock:
maxStock:
minStock:
------------------------------------------------------------------
---Stock validation step: 137
summaryAg.logisticalGrowth:
CsRandom
totalStock:
maxStock:
minStock:
CsCentral
totalStock:
maxStock:
minStock:
------------------------------------------------------------------
---Stock validation step: 138
summaryAg.logisticalGrowth:
CsRandom
totalStock:
maxStock:
minStock:
CsCentral
totalStock:
maxStock:
minStock:
------------------------------------------------------------------
---Stock validation step: 139
summaryAg.logisticalGrowth:
CsRandom
totalStock:
maxStock:
minStock:
CsCentral
totalStock:
maxStock:
minStock:
------------------------------------------------------------------
---Stock validation step: 140
summaryAg.logisticalGrowth:
CsRandom
totalStock:
maxStock:
minStock:
CsCentral
totalStock:
maxStock:
minStock:
------------------------------------------------------------------
---Stock validation step: 141
summaryAg.logisticalGrowth:
CsRandom
totalStock:
maxStock:
minStock:
CsCentral
totalStock:
maxStock:
minStock:
------------------------------------------------------------------
---Stock validation step: 142
summaryAg.logisticalGrowth:
CsRandom
totalStock:
maxStock:
minStock:
CsCentral
totalStock:
maxStock:
minStock:
------------------------------------------------------------------
---Stock validation step: 143
summaryAg.logisticalGrowth:
CsRandom
totalStock:
maxStock:
minStock:
CsCentral
totalStock:
maxStock:
minStock:
------------------------------------------------------------------
---Stock validation step: 144
summaryAg.logisticalGrowth:
CsRandom
totalStock:
maxStock:
minStock:
CsCentral
totalStock:
maxStock:
minStock:
------------------------------------------------------------------
---Stock validation step: 145
summaryAg.logisticalGrowth:
CsRandom
totalStock:
maxStock:
minStock:
CsCentral
totalStock:
maxStock:
minStock:
------------------------------------------------------------------
---Stock validation step: 146
summaryAg.logisticalGrowth:
CsRandom
totalStock:
maxStock:
minStock:
CsCentral
totalStock:
maxStock:
minStock:
------------------------------------------------------------------
---Stock validation step: 147
summaryAg.logisticalGrowth:
CsRandom
totalStock:
maxStock:
minStock:
CsCentral
totalStock:
maxStock:
minStock:
------------------------------------------------------------------
---Stock validation step: 148
summaryAg.logisticalGrowth:
CsRandom
totalStock:
maxStock:
minStock:
CsCentral
totalStock:
maxStock:
minStock:
------------------------------------------------------------------
---Stock validation step: 149
summaryAg.logisticalGrowth:
CsRandom
totalStock:
maxStock:
minStock:
CsCentral
totalStock:
maxStock:
minStock:
------------------------------------------------------------------
---Stock validation step: 150
summaryAg.logisticalGrowth:
CsRandom
totalStock:
maxStock:
minStock:
CsCentral
totalStock:
maxStock:
minStock:
------------------------------------------------------------------
---Stock validation step: 151
summaryAg.logisticalGrowth:
CsRandom
totalStock:
maxStock:
minStock:
CsCentral
totalStock:
maxStock:
minStock:
------------------------------------------------------------------
---Stock validation step: 152
summaryAg.logisticalGrowth:
CsRandom
totalStock:
maxStock:
minStock:
CsCentral
totalStock:
maxStock:
minStock:
------------------------------------------------------------------
---Stock validation step: 153
summaryAg.logisticalGrowth:
CsRandom
totalStock:
maxStock:
minStock:
CsCentral
totalStock:
maxStock:
minStock:
------------------------------------------------------------------
---Stock validation step: 154
summaryAg.logisticalGrowth:
CsRandom
totalStock:
maxStock:
minStock:
CsCentral
totalStock:
maxStock:
minStock:
------------------------------------------------------------------
---Stock validation step: 155
summaryAg.logisticalGrowth:
CsRandom
totalStock:
maxStock:
minStock:
CsCentral
totalStock:
maxStock:
minStock:
------------------------------------------------------------------
---Stock validation step: 156
summaryAg.logisticalGrowth:
CsRandom
totalStock:
maxStock:
minStock:
CsCentral
totalStock:
maxStock:
minStock:
------------------------------------------------------------------
---Stock validation step: 157
summaryAg.logisticalGrowth:
CsRandom
totalStock:
maxStock:
minStock:
CsCentral
totalStock:
maxStock:
minStock:
------------------------------------------------------------------
---Stock validation step: 158
summaryAg.logisticalGrowth:
CsRandom
totalStock:
maxStock:
minStock:
CsCentral
totalStock:
maxStock:
minStock:
------------------------------------------------------------------
---Stock validation step: 159
summaryAg.logisticalGrowth:
CsRandom
totalStock:
maxStock:
minStock:
CsCentral
totalStock:
maxStock:
minStock:
------------------------------------------------------------------
---Stock validation step: 160
summaryAg.logisticalGrowth:
CsRandom
totalStock:
maxStock:
minStock:
CsCentral
totalStock:
maxStock:
minStock:
------------------------------------------------------------------
---Stock validation step: 161
summaryAg.logisticalGrowth:
CsRandom
totalStock:
maxStock:
minStock:
CsCentral
totalStock:
maxStock:
minStock:
------------------------------------------------------------------
---Stock validation step: 162
summaryAg.logisticalGrowth:
CsRandom
totalStock:
maxStock:
minStock:
CsCentral
totalStock:
maxStock:
minStock:
------------------------------------------------------------------
---Stock validation step: 163
summaryAg.logisticalGrowth:
CsRandom
totalStock:
maxStock:
minStock:
CsCentral
totalStock:
maxStock:
minStock:
------------------------------------------------------------------
---Stock validation step: 164
summaryAg.logisticalGrowth:
CsRandom
totalStock:
maxStock:
minStock:
CsCentral
totalStock:
maxStock:
minStock:
------------------------------------------------------------------
---Stock validation step: 165
summaryAg.logisticalGrowth:
CsRandom
totalStock:
maxStock:
minStock:
CsCentral
totalStock:
maxStock:
minStock:
------------------------------------------------------------------
---Stock validation step: 166
summaryAg.logisticalGrowth:
CsRandom
totalStock:
maxStock:
minStock:
CsCentral
totalStock:
maxStock:
minStock:
------------------------------------------------------------------
---Stock validation step: 167
summaryAg.logisticalGrowth:
CsRandom
totalStock:
maxStock:
minStock:
CsCentral
totalStock:
maxStock:
minStock:
------------------------------------------------------------------
---Stock validation step: 168
summaryAg.logisticalGrowth:
CsRandom
totalStock:
maxStock:
minStock:
CsCentral
totalStock:
maxStock:
minStock:
------------------------------------------------------------------
---Stock validation step: 169
summaryAg.logisticalGrowth:
CsRandom
totalStock:
maxStock:
minStock:
CsCentral
totalStock:
maxStock:
minStock:
------------------------------------------------------------------
---Stock validation step: 170
summaryAg.logisticalGrowth:
CsRandom
totalStock:
maxStock:
minStock:
CsCentral
totalStock:
maxStock:
minStock:
------------------------------------------------------------------
---Stock validation step: 171
summaryAg.logisticalGrowth:
CsRandom
totalStock:
maxStock:
minStock:
CsCentral
totalStock:
maxStock:
minStock:
------------------------------------------------------------------
---Stock validation step: 172
summaryAg.logisticalGrowth:
CsRandom
totalStock:
maxStock:
minStock:
CsCentral
totalStock:
maxStock:
minStock:
------------------------------------------------------------------
---Stock validation step: 173
summaryAg.logisticalGrowth:
CsRandom
totalStock:
maxStock:
minStock:
CsCentral
totalStock:
maxStock:
minStock:
------------------------------------------------------------------
---Stock validation step: 174
summaryAg.logisticalGrowth:
CsRandom
totalStock:
maxStock:
minStock:
CsCentral
totalStock:
maxStock:
minStock:
------------------------------------------------------------------
---Stock validation step: 175
summaryAg.logisticalGrowth:
CsRandom
totalStock:
maxStock:
minStock:
CsCentral
totalStock:
maxStock:
minStock:
------------------------------------------------------------------
---Stock validation step: 176
summaryAg.logisticalGrowth:
CsRandom
totalStock:
maxStock:
minStock:
CsCentral
totalStock:
maxStock:
minStock:
------------------------------------------------------------------
---Stock validation step: 177
summaryAg.logisticalGrowth:
CsRandom
totalStock:
maxStock:
minStock:
CsCentral
totalStock:
maxStock:
minStock:
------------------------------------------------------------------
---Stock validation step: 178
summaryAg.logisticalGrowth:
CsRandom
totalStock:
maxStock:
minStock:
CsCentral
totalStock:
maxStock:
minStock:
------------------------------------------------------------------
---Stock validation step: 179
summaryAg.logisticalGrowth:
CsRandom
totalStock:
maxStock:
minStock:
CsCentral
totalStock:
maxStock:
minStock:
------------------------------------------------------------------
---Stock validation step: 180
summaryAg.logisticalGrowth:
CsRandom
totalStock:
maxStock:
minStock:
CsCentral
totalStock:
maxStock:
minStock:
------------------------------------------------------------------
---Stock validation step: 181
summaryAg.logisticalGrowth:
CsRandom
totalStock:
maxStock:
minStock:
CsCentral
totalStock:
maxStock:
minStock:
------------------------------------------------------------------
---Stock validation step: 182
summaryAg.logisticalGrowth:
CsRandom
totalStock:
maxStock:
minStock:
CsCentral
totalStock:
maxStock:
minStock:
------------------------------------------------------------------
---Stock validation step: 183
summaryAg.logisticalGrowth:
CsRandom
totalStock:
maxStock:
minStock:
CsCentral
totalStock:
maxStock:
minStock:
------------------------------------------------------------------
---Stock validation step: 184
summaryAg.logisticalGrowth:
CsRandom
totalStock:
maxStock:
minStock:
CsCentral
totalStock:
maxStock:
minStock:
------------------------------------------------------------------
---Stock validation step: 185
summaryAg.logisticalGrowth:
CsRandom
totalStock:
maxStock:
minStock:
CsCentral
totalStock:
maxStock:
minStock:
------------------------------------------------------------------
---Stock validation step: 186
summaryAg.logisticalGrowth:
CsRandom
totalStock:
maxStock:
minStock:
CsCentral
totalStock:
maxStock:
minStock:
------------------------------------------------------------------
---Stock validation step: 187
summaryAg.logisticalGrowth:
CsRandom
totalStock:
maxStock:
minStock:
CsCentral
totalStock:
maxStock:
minStock:
------------------------------------------------------------------
---Stock validation step: 188
summaryAg.logisticalGrowth:
CsRandom
totalStock:
maxStock:
minStock:
CsCentral
totalStock:
maxStock:
minStock:
------------------------------------------------------------------
---Stock validation step: 189
summaryAg.logisticalGrowth:
CsRandom
totalStock:
maxStock:
minStock:
CsCentral
totalStock:
maxStock:
minStock:
------------------------------------------------------------------
---Stock validation step: 190
summaryAg.logisticalGrowth:
CsRandom
totalStock:
maxStock:
minStock:
CsCentral
totalStock:
maxStock:
minStock:
------------------------------------------------------------------
---Stock validation step: 191
summaryAg.logisticalGrowth:
CsRandom
totalStock:
maxStock:
minStock:
CsCentral
totalStock:
maxStock:
minStock:
------------------------------------------------------------------
---Stock validation step: 192
summaryAg.logisticalGrowth:
CsRandom
totalStock:
maxStock:
minStock:
CsCentral
totalStock:
maxStock:
minStock:
------------------------------------------------------------------
---Stock validation step: 193
summaryAg.logisticalGrowth:
CsRandom
totalStock:
maxStock:
minStock:
CsCentral
totalStock:
maxStock:
minStock:
------------------------------------------------------------------
---Stock validation step: 194
summaryAg.logisticalGrowth:
CsRandom
totalStock:
maxStock:
minStock:
CsCentral
totalStock:
maxStock:
minStock:
------------------------------------------------------------------
---Stock validation step: 195
summaryAg.logisticalGrowth:
CsRandom
totalStock:
maxStock:
minStock:
CsCentral
totalStock:
maxStock:
minStock:
------------------------------------------------------------------
---Stock validation step: 196
summaryAg.logisticalGrowth:
CsRandom
totalStock:
maxStock:
minStock:
CsCentral
totalStock:
maxStock:
minStock:
------------------------------------------------------------------
---Stock validation step: 197
summaryAg.logisticalGrowth:
CsRandom
totalStock:
maxStock:
minStock:
CsCentral
totalStock:
maxStock:
minStock:
------------------------------------------------------------------
---Stock validation step: 198
summaryAg.logisticalGrowth:
CsRandom
totalStock:
maxStock:
minStock:
CsCentral
totalStock:
maxStock:
minStock:
------------------------------------------------------------------
---Stock validation step: 199
summaryAg.logisticalGrowth:
CsRandom
totalStock:
maxStock:
minStock:
CsCentral
totalStock:
maxStock:
minStock:
------------------------------------------------------------------
---Stock validation step: 200
summaryAg.logisticalGrowth:
CsRandom
totalStock:
maxStock:
minStock:
CsCentral
totalStock:
maxStock:
minStock:
------------------------------------------------------------------
---Stock validation step: 201
summaryAg.logisticalGrowth:
CsRandom
totalStock:
maxStock:
minStock:
CsCentral
totalStock:
maxStock:
minStock:
------------------------------------------------------------------
---Stock validation step: 202
summaryAg.logisticalGrowth:
CsRandom
totalStock:
maxStock:
minStock:
CsCentral
totalStock:
maxStock:
minStock:
------------------------------------------------------------------
---Stock validation step: 203
summaryAg.logisticalGrowth:
CsRandom
totalStock:
maxStock:
minStock:
CsCentral
totalStock:
maxStock:
minStock:
------------------------------------------------------------------
---Stock validation step: 204
summaryAg.logisticalGrowth:
CsRandom
totalStock:
maxStock:
minStock:
CsCentral
totalStock:
maxStock:
minStock:
------------------------------------------------------------------
---Stock validation step: 205
summaryAg.logisticalGrowth:
CsRandom
totalStock:
maxStock:
minStock:
CsCentral
totalStock:
maxStock:
minStock:
------------------------------------------------------------------
---Stock validation step: 206
summaryAg.logisticalGrowth:
CsRandom
totalStock:
maxStock:
minStock:
CsCentral
totalStock:
maxStock:
minStock:
------------------------------------------------------------------
---Stock validation step: 207
summaryAg.logisticalGrowth:
CsRandom
totalStock:
maxStock:
minStock:
CsCentral
totalStock:
maxStock:
minStock:
------------------------------------------------------------------
---Stock validation step: 208
summaryAg.logisticalGrowth:
CsRandom
totalStock:
maxStock:
minStock:
CsCentral
totalStock:
maxStock:
minStock:
------------------------------------------------------------------
---Stock validation step: 209
summaryAg.logisticalGrowth:
CsRandom
totalStock:
maxStock:
minStock:
CsCentral
totalStock:
maxStock:
minStock:
------------------------------------------------------------------
---Stock validation step: 210
summaryAg.logisticalGrowth:
CsRandom
totalStock:
maxStock:
minStock:
CsCentral
totalStock:
maxStock:
minStock:
------------------------------------------------------------------
---Stock validation step: 211
summaryAg.logisticalGrowth:
CsRandom
totalStock:
maxStock:
minStock:
CsCentral
totalStock:
maxStock:
minStock:
------------------------------------------------------------------
---Stock validation step: 212
summaryAg.logisticalGrowth:
CsRandom
totalStock:
maxStock:
minStock:
CsCentral
totalStock:
maxStock:
minStock:
------------------------------------------------------------------
---Stock validation step: 213
summaryAg.logisticalGrowth:
CsRandom
totalStock:
maxStock:
minStock:
CsCentral
totalStock:
maxStock:
minStock:
------------------------------------------------------------------
---Stock validation step: 214
summaryAg.logisticalGrowth:
CsRandom
totalStock:
maxStock:
minStock:
CsCentral
totalStock:
maxStock:
minStock:
------------------------------------------------------------------
---Stock validation step: 215
summaryAg.logisticalGrowth:
CsRandom
totalStock:
maxStock:
minStock:
CsCentral
totalStock:
maxStock:
minStock:
------------------------------------------------------------------
---Stock validation step: 216
summaryAg.logisticalGrowth:
CsRandom
totalStock:
maxStock:
minStock:
CsCentral
totalStock:
maxStock:
minStock:
------------------------------------------------------------------
---Stock validation step: 217
summaryAg.logisticalGrowth:
CsRandom
totalStock:
maxStock:
minStock:
CsCentral
totalStock:
maxStock:
minStock:
------------------------------------------------------------------
---Stock validation step: 218
summaryAg.logisticalGrowth:
CsRandom
totalStock:
maxStock:
minStock:
CsCentral
totalStock:
maxStock:
minStock:
------------------------------------------------------------------
---Stock validation step: 219
summaryAg.logisticalGrowth:
CsRandom
totalStock:
maxStock:
minStock:
CsCentral
totalStock:
maxStock:
minStock:
------------------------------------------------------------------
---Stock validation step: 220
summaryAg.logisticalGrowth:
CsRandom
totalStock:
maxStock:
minStock:
CsCentral
totalStock:
maxStock:
minStock:
------------------------------------------------------------------
---Stock validation step: 221
summaryAg.logisticalGrowth:
CsRandom
totalStock:
maxStock:
minStock:
CsCentral
totalStock:
maxStock:
minStock:
------------------------------------------------------------------
---Stock validation step: 222
summaryAg.logisticalGrowth:
CsRandom
totalStock:
maxStock:
minStock:
CsCentral
totalStock:
maxStock:
minStock:
------------------------------------------------------------------
---Stock validation step: 223
summaryAg.logisticalGrowth:
CsRandom
totalStock:
maxStock:
minStock:
CsCentral
totalStock:
maxStock:
minStock:
------------------------------------------------------------------
---Stock validation step: 224
summaryAg.logisticalGrowth:
CsRandom
totalStock:
maxStock:
minStock:
CsCentral
totalStock:
maxStock:
minStock:
------------------------------------------------------------------
---Stock validation step: 225
summaryAg.logisticalGrowth:
CsRandom
totalStock:
maxStock:
minStock:
CsCentral
totalStock:
maxStock:
minStock:
------------------------------------------------------------------
---Stock validation step: 226
summaryAg.logisticalGrowth:
CsRandom
totalStock:
maxStock:
minStock:
CsCentral
totalStock:
maxStock:
minStock:
------------------------------------------------------------------
---Stock validation step: 227
summaryAg.logisticalGrowth:
CsRandom
totalStock:
maxStock:
minStock:
CsCentral
totalStock:
maxStock:
minStock:
------------------------------------------------------------------
---Stock validation step: 228
summaryAg.logisticalGrowth:
CsRandom
totalStock:
maxStock:
minStock:
CsCentral
totalStock:
maxStock:
minStock:
------------------------------------------------------------------
---Stock validation step: 229
summaryAg.logisticalGrowth:
CsRandom
totalStock:
maxStock:
minStock:
CsCentral
totalStock:
maxStock:
minStock:
------------------------------------------------------------------
---Stock validation step: 230
summaryAg.logisticalGrowth:
CsRandom
totalStock:
maxStock:
minStock:
CsCentral
totalStock:
maxStock:
minStock:
------------------------------------------------------------------
---Stock validation step: 231
summaryAg.logisticalGrowth:
CsRandom
totalStock:
maxStock:
minStock:
CsCentral
totalStock:
maxStock:
minStock:
------------------------------------------------------------------
---Stock validation step: 232
summaryAg.logisticalGrowth:
CsRandom
totalStock:
maxStock:
minStock:
CsCentral
totalStock:
maxStock:
minStock:
------------------------------------------------------------------
---Stock validation step: 233
summaryAg.logisticalGrowth:
CsRandom
totalStock:
maxStock:
minStock:
CsCentral
totalStock:
maxStock:
minStock:
------------------------------------------------------------------
---Stock validation step: 234
summaryAg.logisticalGrowth:
CsRandom
totalStock:
maxStock:
minStock:
CsCentral
totalStock:
maxStock:
minStock:
------------------------------------------------------------------
---Stock validation step: 235
summaryAg.logisticalGrowth:
CsRandom
totalStock:
maxStock:
minStock:
CsCentral
totalStock:
maxStock:
minStock:
------------------------------------------------------------------
---Stock validation step: 236
summaryAg.logisticalGrowth:
CsRandom
totalStock:
maxStock:
minStock:
CsCentral
totalStock:
maxStock:
minStock:
------------------------------------------------------------------
---Stock validation step: 237
summaryAg.logisticalGrowth:
CsRandom
totalStock:
maxStock:
minStock:
CsCentral
totalStock:
maxStock:
minStock:
------------------------------------------------------------------
---Stock validation step: 238
summaryAg.logisticalGrowth:
CsRandom
totalStock:
maxStock:
minStock:
CsCentral
totalStock:
maxStock:
minStock:
------------------------------------------------------------------
---Stock validation step: 239
summaryAg.logisticalGrowth:
CsRandom
totalStock:
maxStock:
minStock:
CsCentral
totalStock:
maxStock:
minStock:
------------------------------------------------------------------
---Stock validation step: 240
summaryAg.logisticalGrowth:
CsRandom
totalStock:
maxStock:
minStock:
CsCentral
totalStock:
maxStock:
minStock:
------------------------------------------------------------------
---Stock validation step: 241
summaryAg.logisticalGrowth:
CsRandom
totalStock:
maxStock:
minStock:
CsCentral
totalStock:
maxStock:
minStock:
------------------------------------------------------------------
---Stock validation step: 242
summaryAg.logisticalGrowth:
CsRandom
totalStock:
maxStock:
minStock:
CsCentral
totalStock:
maxStock:
minStock:
------------------------------------------------------------------
---Stock validation step: 243
summaryAg.logisticalGrowth:
CsRandom
totalStock:
maxStock:
minStock:
CsCentral
totalStock:
maxStock:
minStock:
------------------------------------------------------------------
---Stock validation step: 244
summaryAg.logisticalGrowth:
CsRandom
totalStock:
maxStock:
minStock:
CsCentral
totalStock:
maxStock:
minStock:
------------------------------------------------------------------
---Stock validation step: 245
summaryAg.logisticalGrowth:
CsRandom
totalStock:
maxStock:
minStock:
CsCentral
totalStock:
maxStock:
minStock:
------------------------------------------------------------------
---Stock validation step: 246
summaryAg.logisticalGrowth:
CsRandom
totalStock:
maxStock:
minStock:
CsCentral
totalStock:
maxStock:
minStock:
------------------------------------------------------------------
---Stock validation step: 247
summaryAg.logisticalGrowth:
CsRandom
totalStock:
maxStock:
minStock:
CsCentral
totalStock:
maxStock:
minStock:
------------------------------------------------------------------
---Stock validation step: 248
summaryAg.logisticalGrowth:
CsRandom
totalStock:
maxStock:
minStock:
CsCentral
totalStock:
maxStock:
minStock:
------------------------------------------------------------------
---Stock validation step: 249
summaryAg.logisticalGrowth:
CsRandom
totalStock:
maxStock:
minStock:
CsCentral
totalStock:
maxStock:
minStock:
------------------------------------------------------------------
---Stock validation step: 250
summaryAg.logisticalGrowth:
CsRandom
totalStock:
maxStock:
minStock:
CsCentral
totalStock:
maxStock:
minStock:
------------------------------------------------------------------
---Stock validation step: 251
summaryAg.logisticalGrowth:
CsRandom
totalStock:
maxStock:
minStock:
CsCentral
totalStock:
maxStock:
minStock:
------------------------------------------------------------------
---Stock validation step: 252
summaryAg.logisticalGrowth:
CsRandom
totalStock:
maxStock:
minStock:
CsCentral
totalStock:
maxStock:
minStock:
------------------------------------------------------------------
---Stock validation step: 253
summaryAg.logisticalGrowth:
CsRandom
totalStock:
maxStock:
minStock:
CsCentral
totalStock:
maxStock:
minStock:
------------------------------------------------------------------
---Stock validation step: 254
summaryAg.logisticalGrowth:
CsRandom
totalStock:
maxStock:
minStock:
CsCentral
totalStock:
maxStock:
minStock:
------------------------------------------------------------------
---Stock validation step: 255
summaryAg.logisticalGrowth:
CsRandom
totalStock:
maxStock:
minStock:
CsCentral
totalStock:
maxStock:
minStock:
------------------------------------------------------------------
---Stock validation step: 256
summaryAg.logisticalGrowth:
CsRandom
totalStock:
maxStock:
minStock:
CsCentral
totalStock:
maxStock:
minStock:
------------------------------------------------------------------
---Stock validation step: 257
summaryAg.logisticalGrowth:
CsRandom
totalStock:
maxStock:
minStock:
CsCentral
totalStock:
maxStock:
minStock:
------------------------------------------------------------------
---Stock validation step: 258
summaryAg.logisticalGrowth:
CsRandom
totalStock:
maxStock:
minStock:
CsCentral
totalStock:
maxStock:
minStock:
------------------------------------------------------------------
---Stock validation step: 259
summaryAg.logisticalGrowth:
CsRandom
totalStock:
maxStock:
minStock:
CsCentral
totalStock:
maxStock:
minStock:
------------------------------------------------------------------
---Stock validation step: 260
summaryAg.logisticalGrowth:
CsRandom
totalStock:
maxStock:
minStock:
CsCentral
totalStock:
maxStock:
minStock:
------------------------------------------------------------------
---Stock validation step: 261
summaryAg.logisticalGrowth:
CsRandom
totalStock:
maxStock:
minStock:
CsCentral
totalStock:
maxStock:
minStock:
------------------------------------------------------------------
---Stock validation step: 262
summaryAg.logisticalGrowth:
CsRandom
totalStock:
maxStock:
minStock:
CsCentral
totalStock:
maxStock:
minStock:
------------------------------------------------------------------
---Stock validation step: 263
summaryAg.logisticalGrowth:
CsRandom
totalStock:
maxStock:
minStock:
CsCentral
totalStock:
maxStock:
minStock:
------------------------------------------------------------------
---Stock validation step: 264
summaryAg.logisticalGrowth:
CsRandom
totalStock:
maxStock:
minStock:
CsCentral
totalStock:
maxStock:
minStock:
------------------------------------------------------------------
---Stock validation step: 265
summaryAg.logisticalGrowth:
CsRandom
totalStock:
maxStock:
minStock:
CsCentral
totalStock:
maxStock:
minStock:
------------------------------------------------------------------
---Stock validation step: 266
summaryAg.logisticalGrowth:
CsRandom
totalStock:
maxStock:
minStock:
CsCentral
totalStock:
maxStock:
minStock:
------------------------------------------------------------------
---Stock validation step: 267
summaryAg.logisticalGrowth:
CsRandom
totalStock:
maxStock:
minStock:
CsCentral
totalStock:
maxStock:
minStock:
------------------------------------------------------------------
---Stock validation step: 268
summaryAg.logisticalGrowth:
CsRandom
totalStock:
maxStock:
minStock:
CsCentral
totalStock:
maxStock:
minStock:
------------------------------------------------------------------
---Stock validation step: 269
summaryAg.logisticalGrowth:
CsRandom
totalStock:
maxStock:
minStock:
CsCentral
totalStock:
maxStock:
minStock:
------------------------------------------------------------------
---Stock validation step: 270
summaryAg.logisticalGrowth:
CsRandom
totalStock:
maxStock:
minStock:
CsCentral
totalStock:
maxStock:
minStock:
------------------------------------------------------------------
---Stock validation step: 271
summaryAg.logisticalGrowth:
CsRandom
totalStock:
maxStock:
minStock:
CsCentral
totalStock:
maxStock:
minStock:
------------------------------------------------------------------
---Stock validation step: 272
summaryAg.logisticalGrowth:
CsRandom
totalStock:
maxStock:
minStock:
CsCentral
totalStock:
maxStock:
minStock:
------------------------------------------------------------------
---Stock validation step: 273
summaryAg.logisticalGrowth:
CsRandom
totalStock:
maxStock:
minStock:
CsCentral
totalStock:
maxStock:
minStock:
------------------------------------------------------------------
---Stock validation step: 274
summaryAg.logisticalGrowth:
CsRandom
totalStock:
maxStock:
minStock:
CsCentral
totalStock:
maxStock:
minStock:
------------------------------------------------------------------
---Stock validation step: 275
summaryAg.logisticalGrowth:
CsRandom
totalStock:
maxStock:
minStock:
CsCentral
totalStock:
maxStock:
minStock:
------------------------------------------------------------------
---Stock validation step: 276
summaryAg.logisticalGrowth:
CsRandom
totalStock:
maxStock:
minStock:
CsCentral
totalStock:
maxStock:
minStock:
------------------------------------------------------------------
---Stock validation step: 277
summaryAg.logisticalGrowth:
CsRandom
totalStock:
maxStock:
minStock:
CsCentral
totalStock:
maxStock:
minStock:
------------------------------------------------------------------
---Stock validation step: 278
summaryAg.logisticalGrowth:
CsRandom
totalStock:
maxStock:
minStock:
CsCentral
totalStock:
maxStock:
minStock:
------------------------------------------------------------------
---Stock validation step: 279
summaryAg.logisticalGrowth:
CsRandom
totalStock:
maxStock:
minStock:
CsCentral
totalStock:
maxStock:
minStock:
------------------------------------------------------------------
---Stock validation step: 280
summaryAg.logisticalGrowth:
CsRandom
totalStock:
maxStock:
minStock:
CsCentral
totalStock:
maxStock:
minStock:
------------------------------------------------------------------
---Stock validation step: 281
summaryAg.logisticalGrowth:
CsRandom
totalStock:
maxStock:
minStock:
CsCentral
totalStock:
maxStock:
minStock:
------------------------------------------------------------------
---Stock validation step: 282
summaryAg.logisticalGrowth:
CsRandom
totalStock:
maxStock:
minStock:
CsCentral
totalStock:
maxStock:
minStock:
------------------------------------------------------------------
---Stock validation step: 283
summaryAg.logisticalGrowth:
CsRandom
totalStock:
maxStock:
minStock:
CsCentral
totalStock:
maxStock:
minStock:
------------------------------------------------------------------
---Stock validation step: 284
summaryAg.logisticalGrowth:
CsRandom
totalStock:
maxStock:
minStock:
CsCentral
totalStock:
maxStock:
minStock:
------------------------------------------------------------------
---Stock validation step: 285
summaryAg.logisticalGrowth:
CsRandom
totalStock:
maxStock:
minStock:
CsCentral
totalStock:
maxStock:
minStock:
------------------------------------------------------------------
---Stock validation step: 286
summaryAg.logisticalGrowth:
CsRandom
totalStock:
maxStock:
minStock:
CsCentral
totalStock:
maxStock:
minStock:
------------------------------------------------------------------
---Stock validation step: 287
summaryAg.logisticalGrowth:
CsRandom
totalStock:
maxStock:
minStock:
CsCentral
totalStock:
maxStock:
minStock:
------------------------------------------------------------------
---Stock validation step: 288
summaryAg.logisticalGrowth:
CsRandom
totalStock:
maxStock:
minStock:
CsCentral
totalStock:
maxStock:
minStock:
------------------------------------------------------------------
---Stock validation step: 289
summaryAg.logisticalGrowth:
CsRandom
totalStock:
maxStock:
minStock:
CsCentral
totalStock:
maxStock:
minStock:
------------------------------------------------------------------
---Stock validation step: 290
summaryAg.logisticalGrowth:
CsRandom
totalStock:
maxStock:
minStock:
CsCentral
totalStock:
maxStock:
minStock:
------------------------------------------------------------------
---Stock validation step: 291
summaryAg.logisticalGrowth:
CsRandom
totalStock:
maxStock:
minStock:
CsCentral
totalStock:
maxStock:
minStock:
------------------------------------------------------------------
---Stock validation step: 292
summaryAg.logisticalGrowth:
CsRandom
totalStock:
maxStock:
minStock:
CsCentral
totalStock:
maxStock:
minStock:
------------------------------------------------------------------
---Stock validation step: 293
summaryAg.logisticalGrowth:
CsRandom
totalStock:
maxStock:
minStock:
CsCentral
totalStock:
maxStock:
minStock:
------------------------------------------------------------------
---Stock validation step: 294
summaryAg.logisticalGrowth:
CsRandom
totalStock:
maxStock:
minStock:
CsCentral
totalStock:
maxStock:
minStock:
------------------------------------------------------------------
---Stock validation step: 295
summaryAg.logisticalGrowth:
CsRandom
totalStock:
maxStock:
minStock:
CsCentral
totalStock:
maxStock:
minStock:
------------------------------------------------------------------
---Stock validation step: 296
summaryAg.logisticalGrowth:
CsRandom
totalStock:
maxStock:
minStock:
CsCentral
totalStock:
maxStock:
minStock:
------------------------------------------------------------------
---Stock validation step: 297
summaryAg.logisticalGrowth:
CsRandom
totalStock:
maxStock:
minStock:
CsCentral
totalStock:
maxStock:
minStock:
------------------------------------------------------------------
---Stock validation step: 298
summaryAg.logisticalGrowth:
CsRandom
totalStock:
maxStock:
minStock:
CsCentral
totalStock:
maxStock:
minStock:
------------------------------------------------------------------
---Stock validation step: 299
summaryAg.logisticalGrowth:
CsRandom
totalStock:
maxStock:
minStock:
CsCentral
totalStock:
maxStock:
minStock:
------------------------------------------------------------------
---Stock validation step: 300
summaryAg.logisticalGrowth:
CsRandom
totalStock:
maxStock:
minStock:
CsCentral
totalStock:
maxStock:
minStock:
------------------------------------------------------------------
---Stock validation step: 301
summaryAg.logisticalGrowth:
CsRandom
totalStock:
maxStock:
minStock:
CsCentral
totalStock:
maxStock:
minStock:
------------------------------------------------------------------
---Stock validation step: 302
summaryAg.logisticalGrowth:
CsRandom
totalStock:
maxStock:
minStock:
CsCentral
totalStock:
maxStock:
minStock:
------------------------------------------------------------------
---Stock validation step: 303
summaryAg.logisticalGrowth:
CsRandom
totalStock:
maxStock:
minStock:
CsCentral
totalStock:
maxStock:
minStock:
------------------------------------------------------------------
---Stock validation step: 304
summaryAg.logisticalGrowth:
CsRandom
totalStock:
maxStock:
minStock:
CsCentral
totalStock:
maxStock:
minStock:
------------------------------------------------------------------
---Stock validation step: 305
summaryAg.logisticalGrowth:
CsRandom
totalStock:
maxStock:
minStock:
CsCentral
totalStock:
maxStock:
minStock:
------------------------------------------------------------------
---Stock validation step: 306
summaryAg.logisticalGrowth:
CsRandom
totalStock:
maxStock:
minStock:
CsCentral
totalStock:
maxStock:
minStock:
------------------------------------------------------------------
---Stock validation step: 307
summaryAg.logisticalGrowth:
CsRandom
totalStock:
maxStock:
minStock:
CsCentral
totalStock:
maxStock:
minStock:
------------------------------------------------------------------
---Stock validation step: 308
summaryAg.logisticalGrowth:
CsRandom
totalStock:
maxStock:
minStock:
CsCentral
totalStock:
maxStock:
minStock:
------------------------------------------------------------------
---Stock validation step: 309
summaryAg.logisticalGrowth:
CsRandom
totalStock:
maxStock:
minStock:
CsCentral
totalStock:
maxStock:
minStock:
------------------------------------------------------------------
---Stock validation step: 310
summaryAg.logisticalGrowth:
CsRandom
totalStock:
maxStock:
minStock:
CsCentral
totalStock:
maxStock:
minStock:
------------------------------------------------------------------
---Stock validation step: 311
summaryAg.logisticalGrowth:
CsRandom
totalStock:
maxStock:
minStock:
CsCentral
totalStock:
maxStock:
minStock:
------------------------------------------------------------------
---Stock validation step: 312
summaryAg.logisticalGrowth:
CsRandom
totalStock:
maxStock:
minStock:
CsCentral
totalStock:
maxStock:
minStock:
------------------------------------------------------------------
---Stock validation step: 313
summaryAg.logisticalGrowth:
CsRandom
totalStock:
maxStock:
minStock:
CsCentral
totalStock:
maxStock:
minStock:
------------------------------------------------------------------
---Stock validation step: 314
summaryAg.logisticalGrowth:
CsRandom
totalStock:
maxStock:
minStock:
CsCentral
totalStock:
maxStock:
minStock:
------------------------------------------------------------------
---Stock validation step: 315
summaryAg.logisticalGrowth:
CsRandom
totalStock:
maxStock:
minStock:
CsCentral
totalStock:
maxStock:
minStock:
------------------------------------------------------------------
---Stock validation step: 316
summaryAg.logisticalGrowth:
CsRandom
totalStock:
maxStock:
minStock:
CsCentral
totalStock:
maxStock:
minStock:
------------------------------------------------------------------
---Stock validation step: 317
summaryAg.logisticalGrowth:
CsRandom
totalStock:
maxStock:
minStock:
CsCentral
totalStock:
maxStock:
minStock:
------------------------------------------------------------------
---Stock validation step: 318
summaryAg.logisticalGrowth:
CsRandom
totalStock:
maxStock:
minStock:
CsCentral
totalStock:
maxStock:
minStock:
------------------------------------------------------------------
---Stock validation step: 319
summaryAg.logisticalGrowth:
CsRandom
totalStock:
maxStock:
minStock:
CsCentral
totalStock:
maxStock:
minStock:
------------------------------------------------------------------
---Stock validation step: 320
summaryAg.logisticalGrowth:
CsRandom
totalStock:
maxStock:
minStock:
CsCentral
totalStock:
maxStock:
minStock:
------------------------------------------------------------------
---Stock validation step: 321
summaryAg.logisticalGrowth:
CsRandom
totalStock:
maxStock:
minStock:
CsCentral
totalStock:
maxStock:
minStock:
------------------------------------------------------------------
---Stock validation step: 322
summaryAg.logisticalGrowth:
CsRandom
totalStock:
maxStock:
minStock:
CsCentral
totalStock:
maxStock:
minStock:
------------------------------------------------------------------
---Stock validation step: 323
summaryAg.logisticalGrowth:
CsRandom
totalStock:
maxStock:
minStock:
CsCentral
totalStock:
maxStock:
minStock:
------------------------------------------------------------------
---Stock validation step: 324
summaryAg.logisticalGrowth:
CsRandom
totalStock:
maxStock:
minStock:
CsCentral
totalStock:
maxStock:
minStock:
------------------------------------------------------------------
---Stock validation step: 325
summaryAg.logisticalGrowth:
CsRandom
totalStock:
maxStock:
minStock:
CsCentral
totalStock:
maxStock:
minStock:
------------------------------------------------------------------
---Stock validation step: 326
summaryAg.logisticalGrowth:
CsRandom
totalStock:
maxStock:
minStock:
CsCentral
totalStock:
maxStock:
minStock:
------------------------------------------------------------------
---Stock validation step: 327
summaryAg.logisticalGrowth:
CsRandom
totalStock:
maxStock:
minStock:
CsCentral
totalStock:
maxStock:
minStock:
------------------------------------------------------------------
---Stock validation step: 328
summaryAg.logisticalGrowth:
CsRandom
totalStock:
maxStock:
minStock:
CsCentral
totalStock:
maxStock:
minStock:
------------------------------------------------------------------
---Stock validation step: 329
summaryAg.logisticalGrowth:
CsRandom
totalStock:
maxStock:
minStock:
CsCentral
totalStock:
maxStock:
minStock:
------------------------------------------------------------------
---Stock validation step: 330
summaryAg.logisticalGrowth:
CsRandom
totalStock:
maxStock:
minStock:
CsCentral
totalStock:
maxStock:
minStock:
------------------------------------------------------------------
---Stock validation step: 331
summaryAg.logisticalGrowth:
CsRandom
totalStock:
maxStock:
minStock:
CsCentral
totalStock:
maxStock:
minStock:
------------------------------------------------------------------
---Stock validation step: 332
summaryAg.logisticalGrowth:
CsRandom
totalStock:
maxStock:
minStock:
CsCentral
totalStock:
maxStock:
minStock:
------------------------------------------------------------------
---Stock validation step: 333
summaryAg.logisticalGrowth:
CsRandom
totalStock:
maxStock:
minStock:
CsCentral
totalStock:
maxStock:
minStock:
------------------------------------------------------------------
---Stock validation step: 334
summaryAg.logisticalGrowth:
CsRandom
totalStock:
maxStock:
minStock:
CsCentral
totalStock:
maxStock:
minStock:
------------------------------------------------------------------
---Stock validation step: 335
summaryAg.logisticalGrowth:
CsRandom
totalStock:
maxStock:
minStock:
CsCentral
totalStock:
maxStock:
minStock:
------------------------------------------------------------------
---Stock validation step: 336
summaryAg.logisticalGrowth:
CsRandom
totalStock:
maxStock:
minStock:
CsCentral
totalStock:
maxStock:
minStock:
------------------------------------------------------------------
---Stock validation step: 337
summaryAg.logisticalGrowth:
CsRandom
totalStock:
maxStock:
minStock:
CsCentral
totalStock:
maxStock:
minStock:
------------------------------------------------------------------
---Stock validation step: 338
summaryAg.logisticalGrowth:
CsRandom
totalStock:
maxStock:
minStock:
CsCentral
totalStock:
maxStock:
minStock:
------------------------------------------------------------------
---Stock validation step: 339
summaryAg.logisticalGrowth:
CsRandom
totalStock:
maxStock:
minStock:
CsCentral
totalStock:
maxStock:
minStock:
------------------------------------------------------------------
---Stock validation step: 340
summaryAg.logisticalGrowth:
CsRandom
totalStock:
maxStock:
minStock:
CsCentral
totalStock:
maxStock:
minStock:
------------------------------------------------------------------
---Stock validation step: 341
summaryAg.logisticalGrowth:
CsRandom
totalStock:
maxStock:
minStock:
CsCentral
totalStock:
maxStock:
minStock:
------------------------------------------------------------------
---Stock validation step: 342
summaryAg.logisticalGrowth:
CsRandom
totalStock:
maxStock:
minStock:
CsCentral
totalStock:
maxStock:
minStock:
------------------------------------------------------------------
---Stock validation step: 343
summaryAg.logisticalGrowth:
CsRandom
totalStock:
maxStock:
minStock:
CsCentral
totalStock:
maxStock:
minStock:
------------------------------------------------------------------
---Stock validation step: 344
summaryAg.logisticalGrowth:
CsRandom
totalStock:
maxStock:
minStock:
CsCentral
totalStock:
maxStock:
minStock:
------------------------------------------------------------------
---Stock validation step: 345
summaryAg.logisticalGrowth:
CsRandom
totalStock:
maxStock:
minStock:
CsCentral
totalStock:
maxStock:
minStock:
------------------------------------------------------------------
---Stock validation step: 346
summaryAg.logisticalGrowth:
CsRandom
totalStock:
maxStock:
minStock:
CsCentral
totalStock:
maxStock:
minStock:
------------------------------------------------------------------
---Stock validation step: 347
summaryAg.logisticalGrowth:
CsRandom
totalStock:
maxStock:
minStock:
CsCentral
totalStock:
maxStock:
minStock:
------------------------------------------------------------------
---Stock validation step: 348
summaryAg.logisticalGrowth:
CsRandom
totalStock:
maxStock:
minStock:
CsCentral
totalStock:
maxStock:
minStock:
------------------------------------------------------------------
---Stock validation step: 349
summaryAg.logisticalGrowth:
CsRandom
totalStock:
maxStock:
minStock:
CsCentral
totalStock:
maxStock:
minStock:
------------------------------------------------------------------
---Stock validation step: 350
summaryAg.logisticalGrowth:
CsRandom
totalStock:
maxStock:
minStock:
CsCentral
totalStock:
maxStock:
minStock:
------------------------------------------------------------------
---Stock validation step: 351
summaryAg.logisticalGrowth:
CsRandom
totalStock:
maxStock:
minStock:
CsCentral
totalStock:
maxStock:
minStock:
------------------------------------------------------------------
---Stock validation step: 352
summaryAg.logisticalGrowth:
CsRandom
totalStock:
maxStock:
minStock:
CsCentral
totalStock:
maxStock:
minStock:
------------------------------------------------------------------
---Stock validation step: 353
summaryAg.logisticalGrowth:
CsRandom
totalStock:
maxStock:
minStock:
CsCentral
totalStock:
maxStock:
minStock:
------------------------------------------------------------------
---Stock validation step: 354
summaryAg.logisticalGrowth:
CsRandom
totalStock:
maxStock:
minStock:
CsCentral
totalStock:
maxStock:
minStock:
------------------------------------------------------------------
---Stock validation step: 355
summaryAg.logisticalGrowth:
CsRandom
totalStock:
maxStock:
minStock:
CsCentral
totalStock:
maxStock:
minStock:
------------------------------------------------------------------
---Stock validation step: 356
summaryAg.logisticalGrowth:
CsRandom
totalStock:
maxStock:
minStock:
CsCentral
totalStock:
maxStock:
minStock:
------------------------------------------------------------------
---Stock validation step: 357
summaryAg.logisticalGrowth:
CsRandom
totalStock:
maxStock:
minStock:
CsCentral
totalStock:
maxStock:
minStock:
------------------------------------------------------------------
---Stock validation step: 358
summaryAg.logisticalGrowth:
CsRandom
totalStock:
maxStock:
minStock:
CsCentral
totalStock:
maxStock:
minStock:
------------------------------------------------------------------
---Stock validation step: 359
summaryAg.logisticalGrowth:
CsRandom
totalStock:
maxStock:
minStock:
CsCentral
totalStock:
maxStock:
minStock:
------------------------------------------------------------------
---Stock validation step: 360
summaryAg.logisticalGrowth:
CsRandom
totalStock:
maxStock:
minStock:
CsCentral
totalStock:
maxStock:
minStock:
------------------------------------------------------------------
---Stock validation step: 361
summaryAg.logisticalGrowth:
CsRandom
totalStock:
maxStock:
minStock:
CsCentral
totalStock:
maxStock:
minStock:
------------------------------------------------------------------
---Stock validation step: 362
summaryAg.logisticalGrowth:
CsRandom
totalStock:
maxStock:
minStock:
CsCentral
totalStock:
maxStock:
minStock:
------------------------------------------------------------------
---Stock validation step: 363
summaryAg.logisticalGrowth:
CsRandom
totalStock:
maxStock:
minStock:
CsCentral
totalStock:
maxStock:
minStock:
------------------------------------------------------------------
---Stock validation step: 364
summaryAg.logisticalGrowth:
CsRandom
totalStock:
maxStock:
minStock:
CsCentral
totalStock:
maxStock:
minStock:
------------------------------------------------------------------
---Stock validation step: 365
summaryAg.logisticalGrowth:
CsRandom
totalStock:
maxStock:
minStock:
CsCentral
totalStock:
maxStock:
minStock:
------------------------------------------------------------------
---Stock validation step: 366
summaryAg.logisticalGrowth:
CsRandom
totalStock:
maxStock:
minStock:
CsCentral
totalStock:
maxStock:
minStock:
------------------------------------------------------------------
---Stock validation step: 367
summaryAg.logisticalGrowth:
CsRandom
totalStock:
maxStock:
minStock:
CsCentral
totalStock:
maxStock:
minStock:
------------------------------------------------------------------
---Stock validation step: 368
summaryAg.logisticalGrowth:
CsRandom
totalStock:
maxStock:
minStock:
CsCentral
totalStock:
maxStock:
minStock:
------------------------------------------------------------------
---Stock validation step: 369
summaryAg.logisticalGrowth:
CsRandom
totalStock:
maxStock:
minStock:
CsCentral
totalStock:
maxStock:
minStock:
------------------------------------------------------------------
---Stock validation step: 370
summaryAg.logisticalGrowth:
CsRandom
totalStock:
maxStock:
minStock:
CsCentral
totalStock:
maxStock:
minStock:
------------------------------------------------------------------
---Stock validation step: 371
summaryAg.logisticalGrowth:
CsRandom
totalStock:
maxStock:
minStock:
CsCentral
totalStock:
maxStock:
minStock:
------------------------------------------------------------------
---Stock validation step: 372
summaryAg.logisticalGrowth:
CsRandom
totalStock:
maxStock:
minStock:
CsCentral
totalStock:
maxStock:
minStock:
------------------------------------------------------------------
---Stock validation step: 373
summaryAg.logisticalGrowth:
CsRandom
totalStock:
maxStock:
minStock:
CsCentral
totalStock:
maxStock:
minStock:
------------------------------------------------------------------
---Stock validation step: 374
summaryAg.logisticalGrowth:
CsRandom
totalStock:
maxStock:
minStock:
CsCentral
totalStock:
maxStock:
minStock:
------------------------------------------------------------------
---Stock validation step: 375
summaryAg.logisticalGrowth:
CsRandom
totalStock:
maxStock:
minStock:
CsCentral
totalStock:
maxStock:
minStock:
------------------------------------------------------------------
---Stock validation step: 376
summaryAg.logisticalGrowth:
CsRandom
totalStock:
maxStock:
minStock:
CsCentral
totalStock:
maxStock:
minStock:
------------------------------------------------------------------
---Stock validation step: 377
summaryAg.logisticalGrowth:
CsRandom
totalStock:
maxStock:
minStock:
CsCentral
totalStock:
maxStock:
minStock:
------------------------------------------------------------------
---Stock validation step: 378
summaryAg.logisticalGrowth:
CsRandom
totalStock:
maxStock:
minStock:
CsCentral
totalStock:
maxStock:
minStock:
------------------------------------------------------------------
---Stock validation step: 379
summaryAg.logisticalGrowth:
CsRandom
totalStock:
maxStock:
minStock:
CsCentral
totalStock:
maxStock:
minStock:
------------------------------------------------------------------
---Stock validation step: 380
summaryAg.logisticalGrowth:
CsRandom
totalStock:
maxStock:
minStock:
CsCentral
totalStock:
maxStock:
minStock:
------------------------------------------------------------------
---Stock validation step: 381
summaryAg.logisticalGrowth:
CsRandom
totalStock:
maxStock:
minStock:
CsCentral
totalStock:
maxStock:
minStock:
------------------------------------------------------------------
---Stock validation step: 382
summaryAg.logisticalGrowth:
CsRandom
totalStock:
maxStock:
minStock:
CsCentral
totalStock:
maxStock:
minStock:
------------------------------------------------------------------
---Stock validation step: 383
summaryAg.logisticalGrowth:
CsRandom
totalStock:
maxStock:
minStock:
CsCentral
totalStock:
maxStock:
minStock:
------------------------------------------------------------------
---Stock validation step: 384
summaryAg.logisticalGrowth:
CsRandom
totalStock:
maxStock:
minStock:
CsCentral
totalStock:
maxStock:
minStock:
------------------------------------------------------------------
---Stock validation step: 385
summaryAg.logisticalGrowth:
CsRandom
totalStock:
maxStock:
minStock:
CsCentral
totalStock:
maxStock:
minStock:
------------------------------------------------------------------
---Stock validation step: 386
summaryAg.logisticalGrowth:
CsRandom
totalStock:
maxStock:
minStock:
CsCentral
totalStock:
maxStock:
minStock:
------------------------------------------------------------------
---Stock validation step: 387
summaryAg.logisticalGrowth:
CsRandom
totalStock:
maxStock:
minStock:
CsCentral
totalStock:
maxStock:
minStock:
------------------------------------------------------------------
---Stock validation step: 388
summaryAg.logisticalGrowth:
CsRandom
totalStock:
maxStock:
minStock:
CsCentral
totalStock:
maxStock:
minStock:
------------------------------------------------------------------
---Stock validation step: 389
summaryAg.logisticalGrowth:
CsRandom
totalStock:
maxStock:
minStock:
CsCentral
totalStock:
maxStock:
minStock:
------------------------------------------------------------------
---Stock validation step: 390
summaryAg.logisticalGrowth:
CsRandom
totalStock:
maxStock:
minStock:
CsCentral
totalStock:
maxStock:
minStock:
------------------------------------------------------------------
---Stock validation step: 391
summaryAg.logisticalGrowth:
CsRandom
totalStock:
maxStock:
minStock:
CsCentral
totalStock:
maxStock:
minStock:
------------------------------------------------------------------
---Stock validation step: 392
summaryAg.logisticalGrowth:
CsRandom
totalStock:
maxStock:
minStock:
CsCentral
totalStock:
maxStock:
minStock:
------------------------------------------------------------------
---Stock validation step: 393
summaryAg.logisticalGrowth:
CsRandom
totalStock:
maxStock:
minStock:
CsCentral
totalStock:
maxStock:
minStock:
------------------------------------------------------------------
---Stock validation step: 394
summaryAg.logisticalGrowth:
CsRandom
totalStock:
maxStock:
minStock:
CsCentral
totalStock:
maxStock:
minStock:
------------------------------------------------------------------
---Stock validation step: 395
summaryAg.logisticalGrowth:
CsRandom
totalStock:
maxStock:
minStock:
CsCentral
totalStock:
maxStock:
minStock:
------------------------------------------------------------------
---Stock validation step: 396
summaryAg.logisticalGrowth:
CsRandom
totalStock:
maxStock:
minStock:
CsCentral
totalStock:
maxStock:
minStock:
------------------------------------------------------------------
---Stock validation step: 397
summaryAg.logisticalGrowth:
CsRandom
totalStock:
maxStock:
minStock:
CsCentral
totalStock:
maxStock:
minStock:
------------------------------------------------------------------
---Stock validation step: 398
summaryAg.logisticalGrowth:
CsRandom
totalStock:
maxStock:
minStock:
CsCentral
totalStock:
maxStock:
minStock:
------------------------------------------------------------------
---Stock validation step: 399
summaryAg.logisticalGrowth:
CsRandom
totalStock:
maxStock:
minStock:
CsCentral
totalStock:
maxStock:
minStock:
------------------------------------------------------------------
---Stock validation step: 400
summaryAg.logisticalGrowth:
CsRandom
totalStock:
maxStock:
minStock:
CsCentral
totalStock:
maxStock:
minStock:
------------------------------------------------------------------
