---Stock validation step: 1
summaryAg.linearGrouwth:
summaryAg.exponentialGrouwth:
summaryAg.logisticalGrowth:
summaryAg.totalStockCs:
summaryAg.maxStockCs:
summaryAg.minStockCs:
----------------------------------------------------------------------------------------------------------
---Stock validation step: 2
summaryAg.linearGrouwth:
summaryAg.exponentialGrouwth:
summaryAg.logisticalGrowth:
summaryAg.totalStockCs:
summaryAg.maxStockCs:
summaryAg.minStockCs:
----------------------------------------------------------------------------------------------------------
---Stock validation step: 3
summaryAg.linearGrouwth:
summaryAg.exponentialGrouwth:
summaryAg.logisticalGrowth:
summaryAg.totalStockCs:
summaryAg.maxStockCs:
summaryAg.minStockCs:
----------------------------------------------------------------------------------------------------------
---Stock validation step: 4
summaryAg.linearGrouwth:
summaryAg.exponentialGrouwth:
summaryAg.logisticalGrowth:
summaryAg.totalStockCs:
summaryAg.maxStockCs:
summaryAg.minStockCs:
----------------------------------------------------------------------------------------------------------
---Stock validation step: 5
summaryAg.linearGrouwth:
summaryAg.exponentialGrouwth:
summaryAg.logisticalGrowth:
summaryAg.totalStockCs:
summaryAg.maxStockCs:
summaryAg.minStockCs:
----------------------------------------------------------------------------------------------------------
---Stock validation step: 6
summaryAg.linearGrouwth:
summaryAg.exponentialGrouwth:
summaryAg.logisticalGrowth:
summaryAg.totalStockCs:
summaryAg.maxStockCs:
summaryAg.minStockCs:
----------------------------------------------------------------------------------------------------------
---Stock validation step: 7
summaryAg.linearGrouwth:
summaryAg.exponentialGrouwth:
summaryAg.logisticalGrowth:
summaryAg.totalStockCs:
summaryAg.maxStockCs:
summaryAg.minStockCs:
----------------------------------------------------------------------------------------------------------
---Stock validation step: 8
summaryAg.linearGrouwth:
summaryAg.exponentialGrouwth:
summaryAg.logisticalGrowth:
summaryAg.totalStockCs:
summaryAg.maxStockCs:
summaryAg.minStockCs:
----------------------------------------------------------------------------------------------------------
---Stock validation step: 9
summaryAg.linearGrouwth:
summaryAg.exponentialGrouwth:
summaryAg.logisticalGrowth:
summaryAg.totalStockCs:
summaryAg.maxStockCs:
summaryAg.minStockCs:
----------------------------------------------------------------------------------------------------------
---Stock validation step: 10
summaryAg.linearGrouwth:
summaryAg.exponentialGrouwth:
summaryAg.logisticalGrowth:
summaryAg.totalStockCs:
summaryAg.maxStockCs:
summaryAg.minStockCs:
----------------------------------------------------------------------------------------------------------
