---Stock validation step: 1
summaryAg.exponentialGrouwth:
summaryAg.totalStockCs:
maxStockCs:
minStockCs:
summaryAg.totalStockCsCentral:
maxStockCs2:
minStockCs2:
------------------------------------------------------------------
---Stock validation step: 2
summaryAg.exponentialGrouwth:
summaryAg.totalStockCs:
maxStockCs:
minStockCs:
summaryAg.totalStockCsCentral:
maxStockCs2:
minStockCs2:
------------------------------------------------------------------
---Stock validation step: 3
summaryAg.exponentialGrouwth:
summaryAg.totalStockCs:
maxStockCs:
minStockCs:
summaryAg.totalStockCsCentral:
maxStockCs2:
minStockCs2:
------------------------------------------------------------------
---Stock validation step: 4
summaryAg.exponentialGrouwth:
summaryAg.totalStockCs:
maxStockCs:
minStockCs:
summaryAg.totalStockCsCentral:
maxStockCs2:
minStockCs2:
------------------------------------------------------------------
---Stock validation step: 5
summaryAg.exponentialGrouwth:
summaryAg.totalStockCs:
maxStockCs:
minStockCs:
summaryAg.totalStockCsCentral:
maxStockCs2:
minStockCs2:
------------------------------------------------------------------
---Stock validation step: 6
summaryAg.exponentialGrouwth:
summaryAg.totalStockCs:
maxStockCs:
minStockCs:
summaryAg.totalStockCsCentral:
maxStockCs2:
minStockCs2:
------------------------------------------------------------------
---Stock validation step: 7
summaryAg.exponentialGrouwth:
summaryAg.totalStockCs:
maxStockCs:
minStockCs:
summaryAg.totalStockCsCentral:
maxStockCs2:
minStockCs2:
------------------------------------------------------------------
---Stock validation step: 8
summaryAg.exponentialGrouwth:
summaryAg.totalStockCs:
maxStockCs:
minStockCs:
summaryAg.totalStockCsCentral:
maxStockCs2:
minStockCs2:
------------------------------------------------------------------
---Stock validation step: 9
summaryAg.exponentialGrouwth:
summaryAg.totalStockCs:
maxStockCs:
minStockCs:
summaryAg.totalStockCsCentral:
maxStockCs2:
minStockCs2:
------------------------------------------------------------------
---Stock validation step: 10
summaryAg.exponentialGrouwth:
summaryAg.totalStockCs:
maxStockCs:
minStockCs:
summaryAg.totalStockCsCentral:
maxStockCs2:
minStockCs2:
------------------------------------------------------------------
---Stock validation step: 11
summaryAg.exponentialGrouwth:
summaryAg.totalStockCs:
maxStockCs:
minStockCs:
summaryAg.totalStockCsCentral:
maxStockCs2:
minStockCs2:
------------------------------------------------------------------
---Stock validation step: 12
summaryAg.exponentialGrouwth:
summaryAg.totalStockCs:
maxStockCs:
minStockCs:
summaryAg.totalStockCsCentral:
maxStockCs2:
minStockCs2:
------------------------------------------------------------------
---Stock validation step: 13
summaryAg.exponentialGrouwth:
summaryAg.totalStockCs:
maxStockCs:
minStockCs:
summaryAg.totalStockCsCentral:
maxStockCs2:
minStockCs2:
------------------------------------------------------------------
---Stock validation step: 14
summaryAg.exponentialGrouwth:
summaryAg.totalStockCs:
maxStockCs:
minStockCs:
summaryAg.totalStockCsCentral:
maxStockCs2:
minStockCs2:
------------------------------------------------------------------
---Stock validation step: 15
summaryAg.exponentialGrouwth:
summaryAg.totalStockCs:
maxStockCs:
minStockCs:
summaryAg.totalStockCsCentral:
maxStockCs2:
minStockCs2:
------------------------------------------------------------------
---Stock validation step: 16
summaryAg.exponentialGrouwth:
summaryAg.totalStockCs:
maxStockCs:
minStockCs:
summaryAg.totalStockCsCentral:
maxStockCs2:
minStockCs2:
------------------------------------------------------------------
---Stock validation step: 17
summaryAg.exponentialGrouwth:
summaryAg.totalStockCs:
maxStockCs:
minStockCs:
summaryAg.totalStockCsCentral:
maxStockCs2:
minStockCs2:
------------------------------------------------------------------
---Stock validation step: 18
summaryAg.exponentialGrouwth:
summaryAg.totalStockCs:
maxStockCs:
minStockCs:
summaryAg.totalStockCsCentral:
maxStockCs2:
minStockCs2:
------------------------------------------------------------------
---Stock validation step: 19
summaryAg.exponentialGrouwth:
summaryAg.totalStockCs:
maxStockCs:
minStockCs:
summaryAg.totalStockCsCentral:
maxStockCs2:
minStockCs2:
------------------------------------------------------------------
---Stock validation step: 20
summaryAg.exponentialGrouwth:
summaryAg.totalStockCs:
maxStockCs:
minStockCs:
summaryAg.totalStockCsCentral:
maxStockCs2:
minStockCs2:
------------------------------------------------------------------
---Stock validation step: 21
summaryAg.exponentialGrouwth:
summaryAg.totalStockCs:
maxStockCs:
minStockCs:
summaryAg.totalStockCsCentral:
maxStockCs2:
minStockCs2:
------------------------------------------------------------------
---Stock validation step: 22
summaryAg.exponentialGrouwth:
summaryAg.totalStockCs:
maxStockCs:
minStockCs:
summaryAg.totalStockCsCentral:
maxStockCs2:
minStockCs2:
------------------------------------------------------------------
---Stock validation step: 23
summaryAg.exponentialGrouwth:
summaryAg.totalStockCs:
maxStockCs:
minStockCs:
summaryAg.totalStockCsCentral:
maxStockCs2:
minStockCs2:
------------------------------------------------------------------
---Stock validation step: 24
summaryAg.exponentialGrouwth:
summaryAg.totalStockCs:
maxStockCs:
minStockCs:
summaryAg.totalStockCsCentral:
maxStockCs2:
minStockCs2:
------------------------------------------------------------------
---Stock validation step: 25
summaryAg.exponentialGrouwth:
summaryAg.totalStockCs:
maxStockCs:
minStockCs:
summaryAg.totalStockCsCentral:
maxStockCs2:
minStockCs2:
------------------------------------------------------------------
---Stock validation step: 26
summaryAg.exponentialGrouwth:
summaryAg.totalStockCs:
maxStockCs:
minStockCs:
summaryAg.totalStockCsCentral:
maxStockCs2:
minStockCs2:
------------------------------------------------------------------
---Stock validation step: 27
summaryAg.exponentialGrouwth:
summaryAg.totalStockCs:
maxStockCs:
minStockCs:
summaryAg.totalStockCsCentral:
maxStockCs2:
minStockCs2:
------------------------------------------------------------------
---Stock validation step: 28
summaryAg.exponentialGrouwth:
summaryAg.totalStockCs:
maxStockCs:
minStockCs:
summaryAg.totalStockCsCentral:
maxStockCs2:
minStockCs2:
------------------------------------------------------------------
---Stock validation step: 29
summaryAg.exponentialGrouwth:
summaryAg.totalStockCs:
maxStockCs:
minStockCs:
summaryAg.totalStockCsCentral:
maxStockCs2:
minStockCs2:
------------------------------------------------------------------
---Stock validation step: 30
summaryAg.exponentialGrouwth:
summaryAg.totalStockCs:
maxStockCs:
minStockCs:
summaryAg.totalStockCsCentral:
maxStockCs2:
minStockCs2:
------------------------------------------------------------------
---Stock validation step: 31
summaryAg.exponentialGrouwth:
summaryAg.totalStockCs:
maxStockCs:
minStockCs:
summaryAg.totalStockCsCentral:
maxStockCs2:
minStockCs2:
------------------------------------------------------------------
---Stock validation step: 32
summaryAg.exponentialGrouwth:
summaryAg.totalStockCs:
maxStockCs:
minStockCs:
summaryAg.totalStockCsCentral:
maxStockCs2:
minStockCs2:
------------------------------------------------------------------
---Stock validation step: 33
summaryAg.exponentialGrouwth:
summaryAg.totalStockCs:
maxStockCs:
minStockCs:
summaryAg.totalStockCsCentral:
maxStockCs2:
minStockCs2:
------------------------------------------------------------------
---Stock validation step: 34
summaryAg.exponentialGrouwth:
summaryAg.totalStockCs:
maxStockCs:
minStockCs:
summaryAg.totalStockCsCentral:
maxStockCs2:
minStockCs2:
------------------------------------------------------------------
---Stock validation step: 35
summaryAg.exponentialGrouwth:
summaryAg.totalStockCs:
maxStockCs:
minStockCs:
summaryAg.totalStockCsCentral:
maxStockCs2:
minStockCs2:
------------------------------------------------------------------
---Stock validation step: 36
summaryAg.exponentialGrouwth:
summaryAg.totalStockCs:
maxStockCs:
minStockCs:
summaryAg.totalStockCsCentral:
maxStockCs2:
minStockCs2:
------------------------------------------------------------------
---Stock validation step: 37
summaryAg.exponentialGrouwth:
summaryAg.totalStockCs:
maxStockCs:
minStockCs:
summaryAg.totalStockCsCentral:
maxStockCs2:
minStockCs2:
------------------------------------------------------------------
---Stock validation step: 38
summaryAg.exponentialGrouwth:
summaryAg.totalStockCs:
maxStockCs:
minStockCs:
summaryAg.totalStockCsCentral:
maxStockCs2:
minStockCs2:
------------------------------------------------------------------
---Stock validation step: 39
summaryAg.exponentialGrouwth:
summaryAg.totalStockCs:
maxStockCs:
minStockCs:
summaryAg.totalStockCsCentral:
maxStockCs2:
minStockCs2:
------------------------------------------------------------------
---Stock validation step: 40
summaryAg.exponentialGrouwth:
summaryAg.totalStockCs:
maxStockCs:
minStockCs:
summaryAg.totalStockCsCentral:
maxStockCs2:
minStockCs2:
------------------------------------------------------------------
---Stock validation step: 41
summaryAg.exponentialGrouwth:
summaryAg.totalStockCs:
maxStockCs:
minStockCs:
summaryAg.totalStockCsCentral:
maxStockCs2:
minStockCs2:
------------------------------------------------------------------
---Stock validation step: 42
summaryAg.exponentialGrouwth:
summaryAg.totalStockCs:
maxStockCs:
minStockCs:
summaryAg.totalStockCsCentral:
maxStockCs2:
minStockCs2:
------------------------------------------------------------------
---Stock validation step: 43
summaryAg.exponentialGrouwth:
summaryAg.totalStockCs:
maxStockCs:
minStockCs:
summaryAg.totalStockCsCentral:
maxStockCs2:
minStockCs2:
------------------------------------------------------------------
---Stock validation step: 44
summaryAg.exponentialGrouwth:
summaryAg.totalStockCs:
maxStockCs:
minStockCs:
summaryAg.totalStockCsCentral:
maxStockCs2:
minStockCs2:
------------------------------------------------------------------
---Stock validation step: 45
summaryAg.exponentialGrouwth:
summaryAg.totalStockCs:
maxStockCs:
minStockCs:
summaryAg.totalStockCsCentral:
maxStockCs2:
minStockCs2:
------------------------------------------------------------------
---Stock validation step: 46
summaryAg.exponentialGrouwth:
summaryAg.totalStockCs:
maxStockCs:
minStockCs:
summaryAg.totalStockCsCentral:
maxStockCs2:
minStockCs2:
------------------------------------------------------------------
---Stock validation step: 47
summaryAg.exponentialGrouwth:
summaryAg.totalStockCs:
maxStockCs:
minStockCs:
summaryAg.totalStockCsCentral:
maxStockCs2:
minStockCs2:
------------------------------------------------------------------
---Stock validation step: 48
summaryAg.exponentialGrouwth:
summaryAg.totalStockCs:
maxStockCs:
minStockCs:
summaryAg.totalStockCsCentral:
maxStockCs2:
minStockCs2:
------------------------------------------------------------------
---Stock validation step: 49
summaryAg.exponentialGrouwth:
summaryAg.totalStockCs:
maxStockCs:
minStockCs:
summaryAg.totalStockCsCentral:
maxStockCs2:
minStockCs2:
------------------------------------------------------------------
---Stock validation step: 50
summaryAg.exponentialGrouwth:
summaryAg.totalStockCs:
maxStockCs:
minStockCs:
summaryAg.totalStockCsCentral:
maxStockCs2:
minStockCs2:
------------------------------------------------------------------
---Stock validation step: 51
summaryAg.exponentialGrouwth:
summaryAg.totalStockCs:
maxStockCs:
minStockCs:
summaryAg.totalStockCsCentral:
maxStockCs2:
minStockCs2:
------------------------------------------------------------------
---Stock validation step: 52
summaryAg.exponentialGrouwth:
summaryAg.totalStockCs:
maxStockCs:
minStockCs:
summaryAg.totalStockCsCentral:
maxStockCs2:
minStockCs2:
------------------------------------------------------------------
---Stock validation step: 53
summaryAg.exponentialGrouwth:
summaryAg.totalStockCs:
maxStockCs:
minStockCs:
summaryAg.totalStockCsCentral:
maxStockCs2:
minStockCs2:
------------------------------------------------------------------
---Stock validation step: 54
summaryAg.exponentialGrouwth:
summaryAg.totalStockCs:
maxStockCs:
minStockCs:
summaryAg.totalStockCsCentral:
maxStockCs2:
minStockCs2:
------------------------------------------------------------------
---Stock validation step: 55
summaryAg.exponentialGrouwth:
summaryAg.totalStockCs:
maxStockCs:
minStockCs:
summaryAg.totalStockCsCentral:
maxStockCs2:
minStockCs2:
------------------------------------------------------------------
---Stock validation step: 56
summaryAg.exponentialGrouwth:
summaryAg.totalStockCs:
maxStockCs:
minStockCs:
summaryAg.totalStockCsCentral:
maxStockCs2:
minStockCs2:
------------------------------------------------------------------
---Stock validation step: 57
summaryAg.exponentialGrouwth:
summaryAg.totalStockCs:
maxStockCs:
minStockCs:
summaryAg.totalStockCsCentral:
maxStockCs2:
minStockCs2:
------------------------------------------------------------------
---Stock validation step: 58
summaryAg.exponentialGrouwth:
summaryAg.totalStockCs:
maxStockCs:
minStockCs:
summaryAg.totalStockCsCentral:
maxStockCs2:
minStockCs2:
------------------------------------------------------------------
---Stock validation step: 59
summaryAg.exponentialGrouwth:
summaryAg.totalStockCs:
maxStockCs:
minStockCs:
summaryAg.totalStockCsCentral:
maxStockCs2:
minStockCs2:
------------------------------------------------------------------
---Stock validation step: 60
summaryAg.exponentialGrouwth:
summaryAg.totalStockCs:
maxStockCs:
minStockCs:
summaryAg.totalStockCsCentral:
maxStockCs2:
minStockCs2:
------------------------------------------------------------------
