========================================================================================= 
BIOMASS VALITDATION STEP: 0
TIME:
summary.Biomass_GROUND_TOTAL:
summary.Biomass_GROUND_MAX:
summary.Biomass_GROUND_MIN:
-----------------------------------------------------------------------------------------
========================================================================================= 
BIOMASS VALITDATION STEP: 1
TIME:
summary.Biomass_GROUND_TOTAL:
summary.Biomass_GROUND_MAX:
summary.Biomass_GROUND_MIN:
-----------------------------------------------------------------------------------------
========================================================================================= 
BIOMASS VALITDATION STEP: 2
TIME:
summary.Biomass_GROUND_TOTAL:
summary.Biomass_GROUND_MAX:
summary.Biomass_GROUND_MIN:
-----------------------------------------------------------------------------------------
========================================================================================= 
BIOMASS VALITDATION STEP: 3
TIME:
summary.Biomass_GROUND_TOTAL:
summary.Biomass_GROUND_MAX:
summary.Biomass_GROUND_MIN:
-----------------------------------------------------------------------------------------
========================================================================================= 
BIOMASS VALITDATION STEP: 4
TIME:
summary.Biomass_GROUND_TOTAL:
summary.Biomass_GROUND_MAX:
summary.Biomass_GROUND_MIN:
-----------------------------------------------------------------------------------------
========================================================================================= 
BIOMASS VALITDATION STEP: 5
TIME:
summary.Biomass_GROUND_TOTAL:
summary.Biomass_GROUND_MAX:
summary.Biomass_GROUND_MIN:
-----------------------------------------------------------------------------------------
========================================================================================= 
BIOMASS VALITDATION STEP: 6
TIME:
summary.Biomass_GROUND_TOTAL:
summary.Biomass_GROUND_MAX:
summary.Biomass_GROUND_MIN:
-----------------------------------------------------------------------------------------
========================================================================================= 
BIOMASS VALITDATION STEP: 7
TIME:
summary.Biomass_GROUND_TOTAL:
summary.Biomass_GROUND_MAX:
summary.Biomass_GROUND_MIN:
-----------------------------------------------------------------------------------------
========================================================================================= 
BIOMASS VALITDATION STEP: 8
TIME:
summary.Biomass_GROUND_TOTAL:
summary.Biomass_GROUND_MAX:
summary.Biomass_GROUND_MIN:
-----------------------------------------------------------------------------------------
========================================================================================= 
BIOMASS VALITDATION STEP: 9
TIME:
summary.Biomass_GROUND_TOTAL:
summary.Biomass_GROUND_MAX:
summary.Biomass_GROUND_MIN:
-----------------------------------------------------------------------------------------
========================================================================================= 
BIOMASS VALITDATION STEP: 10
TIME:
summary.Biomass_GROUND_TOTAL:
summary.Biomass_GROUND_MAX:
summary.Biomass_GROUND_MIN:
-----------------------------------------------------------------------------------------
========================================================================================= 
BIOMASS VALITDATION STEP: 11
TIME:
summary.Biomass_GROUND_TOTAL:
summary.Biomass_GROUND_MAX:
summary.Biomass_GROUND_MIN:
-----------------------------------------------------------------------------------------
========================================================================================= 
BIOMASS VALITDATION STEP: 12
TIME:
summary.Biomass_GROUND_TOTAL:
summary.Biomass_GROUND_MAX:
summary.Biomass_GROUND_MIN:
-----------------------------------------------------------------------------------------
========================================================================================= 
BIOMASS VALITDATION STEP: 13
TIME:
summary.Biomass_GROUND_TOTAL:
summary.Biomass_GROUND_MAX:
summary.Biomass_GROUND_MIN:
-----------------------------------------------------------------------------------------
========================================================================================= 
BIOMASS VALITDATION STEP: 14
TIME:
summary.Biomass_GROUND_TOTAL:
summary.Biomass_GROUND_MAX:
summary.Biomass_GROUND_MIN:
-----------------------------------------------------------------------------------------
========================================================================================= 
BIOMASS VALITDATION STEP: 15
TIME:
summary.Biomass_GROUND_TOTAL:
summary.Biomass_GROUND_MAX:
summary.Biomass_GROUND_MIN:
-----------------------------------------------------------------------------------------
========================================================================================= 
BIOMASS VALITDATION STEP: 16
TIME:
summary.Biomass_GROUND_TOTAL:
summary.Biomass_GROUND_MAX:
summary.Biomass_GROUND_MIN:
-----------------------------------------------------------------------------------------
========================================================================================= 
BIOMASS VALITDATION STEP: 17
TIME:
summary.Biomass_GROUND_TOTAL:
summary.Biomass_GROUND_MAX:
summary.Biomass_GROUND_MIN:
-----------------------------------------------------------------------------------------
========================================================================================= 
BIOMASS VALITDATION STEP: 18
TIME:
summary.Biomass_GROUND_TOTAL:
summary.Biomass_GROUND_MAX:
summary.Biomass_GROUND_MIN:
-----------------------------------------------------------------------------------------
========================================================================================= 
BIOMASS VALITDATION STEP: 19
TIME:
summary.Biomass_GROUND_TOTAL:
summary.Biomass_GROUND_MAX:
summary.Biomass_GROUND_MIN:
-----------------------------------------------------------------------------------------
========================================================================================= 
BIOMASS VALITDATION STEP: 20
TIME:
summary.Biomass_GROUND_TOTAL:
summary.Biomass_GROUND_MAX:
summary.Biomass_GROUND_MIN:
-----------------------------------------------------------------------------------------
========================================================================================= 
BIOMASS VALITDATION STEP: 21
TIME:
summary.Biomass_GROUND_TOTAL:
summary.Biomass_GROUND_MAX:
summary.Biomass_GROUND_MIN:
-----------------------------------------------------------------------------------------
========================================================================================= 
BIOMASS VALITDATION STEP: 22
TIME:
summary.Biomass_GROUND_TOTAL:
summary.Biomass_GROUND_MAX:
summary.Biomass_GROUND_MIN:
-----------------------------------------------------------------------------------------
========================================================================================= 
BIOMASS VALITDATION STEP: 23
TIME:
summary.Biomass_GROUND_TOTAL:
summary.Biomass_GROUND_MAX:
summary.Biomass_GROUND_MIN:
-----------------------------------------------------------------------------------------
========================================================================================= 
BIOMASS VALITDATION STEP: 24
TIME:
summary.Biomass_GROUND_TOTAL:
summary.Biomass_GROUND_MAX:
summary.Biomass_GROUND_MIN:
-----------------------------------------------------------------------------------------
========================================================================================= 
BIOMASS VALITDATION STEP: 25
TIME:
summary.Biomass_GROUND_TOTAL:
summary.Biomass_GROUND_MAX:
summary.Biomass_GROUND_MIN:
-----------------------------------------------------------------------------------------
========================================================================================= 
BIOMASS VALITDATION STEP: 26
TIME:
summary.Biomass_GROUND_TOTAL:
summary.Biomass_GROUND_MAX:
summary.Biomass_GROUND_MIN:
-----------------------------------------------------------------------------------------
========================================================================================= 
BIOMASS VALITDATION STEP: 27
TIME:
summary.Biomass_GROUND_TOTAL:
summary.Biomass_GROUND_MAX:
summary.Biomass_GROUND_MIN:
-----------------------------------------------------------------------------------------
========================================================================================= 
BIOMASS VALITDATION STEP: 28
TIME:
summary.Biomass_GROUND_TOTAL:
summary.Biomass_GROUND_MAX:
summary.Biomass_GROUND_MIN:
-----------------------------------------------------------------------------------------
========================================================================================= 
BIOMASS VALITDATION STEP: 29
TIME:
summary.Biomass_GROUND_TOTAL:
summary.Biomass_GROUND_MAX:
summary.Biomass_GROUND_MIN:
-----------------------------------------------------------------------------------------
========================================================================================= 
BIOMASS VALITDATION STEP: 30
TIME:
summary.Biomass_GROUND_TOTAL:
summary.Biomass_GROUND_MAX:
summary.Biomass_GROUND_MIN:
-----------------------------------------------------------------------------------------
========================================================================================= 
BIOMASS VALITDATION STEP: 31
TIME:
summary.Biomass_GROUND_TOTAL:
summary.Biomass_GROUND_MAX:
summary.Biomass_GROUND_MIN:
-----------------------------------------------------------------------------------------
========================================================================================= 
BIOMASS VALITDATION STEP: 32
TIME:
summary.Biomass_GROUND_TOTAL:
summary.Biomass_GROUND_MAX:
summary.Biomass_GROUND_MIN:
-----------------------------------------------------------------------------------------
========================================================================================= 
BIOMASS VALITDATION STEP: 33
TIME:
summary.Biomass_GROUND_TOTAL:
summary.Biomass_GROUND_MAX:
summary.Biomass_GROUND_MIN:
-----------------------------------------------------------------------------------------
========================================================================================= 
BIOMASS VALITDATION STEP: 34
TIME:
summary.Biomass_GROUND_TOTAL:
summary.Biomass_GROUND_MAX:
summary.Biomass_GROUND_MIN:
-----------------------------------------------------------------------------------------
========================================================================================= 
BIOMASS VALITDATION STEP: 35
TIME:
summary.Biomass_GROUND_TOTAL:
summary.Biomass_GROUND_MAX:
summary.Biomass_GROUND_MIN:
-----------------------------------------------------------------------------------------
========================================================================================= 
BIOMASS VALITDATION STEP: 36
TIME:
summary.Biomass_GROUND_TOTAL:
summary.Biomass_GROUND_MAX:
summary.Biomass_GROUND_MIN:
-----------------------------------------------------------------------------------------
========================================================================================= 
BIOMASS VALITDATION STEP: 37
TIME:
summary.Biomass_GROUND_TOTAL:
summary.Biomass_GROUND_MAX:
summary.Biomass_GROUND_MIN:
-----------------------------------------------------------------------------------------
========================================================================================= 
BIOMASS VALITDATION STEP: 38
TIME:
summary.Biomass_GROUND_TOTAL:
summary.Biomass_GROUND_MAX:
summary.Biomass_GROUND_MIN:
-----------------------------------------------------------------------------------------
========================================================================================= 
BIOMASS VALITDATION STEP: 39
TIME:
summary.Biomass_GROUND_TOTAL:
summary.Biomass_GROUND_MAX:
summary.Biomass_GROUND_MIN:
-----------------------------------------------------------------------------------------
========================================================================================= 
BIOMASS VALITDATION STEP: 40
TIME:
summary.Biomass_GROUND_TOTAL:
summary.Biomass_GROUND_MAX:
summary.Biomass_GROUND_MIN:
-----------------------------------------------------------------------------------------
========================================================================================= 
BIOMASS VALITDATION STEP: 41
TIME:
summary.Biomass_GROUND_TOTAL:
summary.Biomass_GROUND_MAX:
summary.Biomass_GROUND_MIN:
-----------------------------------------------------------------------------------------
========================================================================================= 
BIOMASS VALITDATION STEP: 42
TIME:
summary.Biomass_GROUND_TOTAL:
summary.Biomass_GROUND_MAX:
summary.Biomass_GROUND_MIN:
-----------------------------------------------------------------------------------------
========================================================================================= 
BIOMASS VALITDATION STEP: 43
TIME:
summary.Biomass_GROUND_TOTAL:
summary.Biomass_GROUND_MAX:
summary.Biomass_GROUND_MIN:
-----------------------------------------------------------------------------------------
========================================================================================= 
BIOMASS VALITDATION STEP: 44
TIME:
summary.Biomass_GROUND_TOTAL:
summary.Biomass_GROUND_MAX:
summary.Biomass_GROUND_MIN:
-----------------------------------------------------------------------------------------
========================================================================================= 
BIOMASS VALITDATION STEP: 45
TIME:
summary.Biomass_GROUND_TOTAL:
summary.Biomass_GROUND_MAX:
summary.Biomass_GROUND_MIN:
-----------------------------------------------------------------------------------------
========================================================================================= 
BIOMASS VALITDATION STEP: 46
TIME:
summary.Biomass_GROUND_TOTAL:
summary.Biomass_GROUND_MAX:
summary.Biomass_GROUND_MIN:
-----------------------------------------------------------------------------------------
========================================================================================= 
BIOMASS VALITDATION STEP: 47
TIME:
summary.Biomass_GROUND_TOTAL:
summary.Biomass_GROUND_MAX:
summary.Biomass_GROUND_MIN:
-----------------------------------------------------------------------------------------
========================================================================================= 
BIOMASS VALITDATION STEP: 48
TIME:
summary.Biomass_GROUND_TOTAL:
summary.Biomass_GROUND_MAX:
summary.Biomass_GROUND_MIN:
-----------------------------------------------------------------------------------------
========================================================================================= 
BIOMASS VALITDATION STEP: 49
TIME:
summary.Biomass_GROUND_TOTAL:
summary.Biomass_GROUND_MAX:
summary.Biomass_GROUND_MIN:
-----------------------------------------------------------------------------------------
========================================================================================= 
BIOMASS VALITDATION STEP: 50
TIME:
summary.Biomass_GROUND_TOTAL:
summary.Biomass_GROUND_MAX:
summary.Biomass_GROUND_MIN:
-----------------------------------------------------------------------------------------
========================================================================================= 
BIOMASS VALITDATION STEP: 51
TIME:
summary.Biomass_GROUND_TOTAL:
summary.Biomass_GROUND_MAX:
summary.Biomass_GROUND_MIN:
-----------------------------------------------------------------------------------------
========================================================================================= 
BIOMASS VALITDATION STEP: 52
TIME:
summary.Biomass_GROUND_TOTAL:
summary.Biomass_GROUND_MAX:
summary.Biomass_GROUND_MIN:
-----------------------------------------------------------------------------------------
========================================================================================= 
BIOMASS VALITDATION STEP: 53
TIME:
summary.Biomass_GROUND_TOTAL:
summary.Biomass_GROUND_MAX:
summary.Biomass_GROUND_MIN:
-----------------------------------------------------------------------------------------
========================================================================================= 
BIOMASS VALITDATION STEP: 54
TIME:
summary.Biomass_GROUND_TOTAL:
summary.Biomass_GROUND_MAX:
summary.Biomass_GROUND_MIN:
-----------------------------------------------------------------------------------------
========================================================================================= 
BIOMASS VALITDATION STEP: 55
TIME:
summary.Biomass_GROUND_TOTAL:
summary.Biomass_GROUND_MAX:
summary.Biomass_GROUND_MIN:
-----------------------------------------------------------------------------------------
========================================================================================= 
BIOMASS VALITDATION STEP: 56
TIME:
summary.Biomass_GROUND_TOTAL:
summary.Biomass_GROUND_MAX:
summary.Biomass_GROUND_MIN:
-----------------------------------------------------------------------------------------
========================================================================================= 
BIOMASS VALITDATION STEP: 57
TIME:
summary.Biomass_GROUND_TOTAL:
summary.Biomass_GROUND_MAX:
summary.Biomass_GROUND_MIN:
-----------------------------------------------------------------------------------------
========================================================================================= 
BIOMASS VALITDATION STEP: 58
TIME:
summary.Biomass_GROUND_TOTAL:
summary.Biomass_GROUND_MAX:
summary.Biomass_GROUND_MIN:
-----------------------------------------------------------------------------------------
========================================================================================= 
BIOMASS VALITDATION STEP: 59
TIME:
summary.Biomass_GROUND_TOTAL:
summary.Biomass_GROUND_MAX:
summary.Biomass_GROUND_MIN:
-----------------------------------------------------------------------------------------
========================================================================================= 
BIOMASS VALITDATION STEP: 60
TIME:
summary.Biomass_GROUND_TOTAL:
summary.Biomass_GROUND_MAX:
summary.Biomass_GROUND_MIN:
-----------------------------------------------------------------------------------------
========================================================================================= 
BIOMASS VALITDATION STEP: 61
TIME:
summary.Biomass_GROUND_TOTAL:
summary.Biomass_GROUND_MAX:
summary.Biomass_GROUND_MIN:
-----------------------------------------------------------------------------------------
========================================================================================= 
BIOMASS VALITDATION STEP: 62
TIME:
summary.Biomass_GROUND_TOTAL:
summary.Biomass_GROUND_MAX:
summary.Biomass_GROUND_MIN:
-----------------------------------------------------------------------------------------
========================================================================================= 
BIOMASS VALITDATION STEP: 63
TIME:
summary.Biomass_GROUND_TOTAL:
summary.Biomass_GROUND_MAX:
summary.Biomass_GROUND_MIN:
-----------------------------------------------------------------------------------------
========================================================================================= 
BIOMASS VALITDATION STEP: 64
TIME:
summary.Biomass_GROUND_TOTAL:
summary.Biomass_GROUND_MAX:
summary.Biomass_GROUND_MIN:
-----------------------------------------------------------------------------------------
========================================================================================= 
BIOMASS VALITDATION STEP: 65
TIME:
summary.Biomass_GROUND_TOTAL:
summary.Biomass_GROUND_MAX:
summary.Biomass_GROUND_MIN:
-----------------------------------------------------------------------------------------
========================================================================================= 
BIOMASS VALITDATION STEP: 66
TIME:
summary.Biomass_GROUND_TOTAL:
summary.Biomass_GROUND_MAX:
summary.Biomass_GROUND_MIN:
-----------------------------------------------------------------------------------------
========================================================================================= 
BIOMASS VALITDATION STEP: 67
TIME:
summary.Biomass_GROUND_TOTAL:
summary.Biomass_GROUND_MAX:
summary.Biomass_GROUND_MIN:
-----------------------------------------------------------------------------------------
========================================================================================= 
BIOMASS VALITDATION STEP: 68
TIME:
summary.Biomass_GROUND_TOTAL:
summary.Biomass_GROUND_MAX:
summary.Biomass_GROUND_MIN:
-----------------------------------------------------------------------------------------
========================================================================================= 
BIOMASS VALITDATION STEP: 69
TIME:
summary.Biomass_GROUND_TOTAL:
summary.Biomass_GROUND_MAX:
summary.Biomass_GROUND_MIN:
-----------------------------------------------------------------------------------------
========================================================================================= 
BIOMASS VALITDATION STEP: 70
TIME:
summary.Biomass_GROUND_TOTAL:
summary.Biomass_GROUND_MAX:
summary.Biomass_GROUND_MIN:
-----------------------------------------------------------------------------------------
========================================================================================= 
BIOMASS VALITDATION STEP: 71
TIME:
summary.Biomass_GROUND_TOTAL:
summary.Biomass_GROUND_MAX:
summary.Biomass_GROUND_MIN:
-----------------------------------------------------------------------------------------
========================================================================================= 
BIOMASS VALITDATION STEP: 72
TIME:
summary.Biomass_GROUND_TOTAL:
summary.Biomass_GROUND_MAX:
summary.Biomass_GROUND_MIN:
-----------------------------------------------------------------------------------------
========================================================================================= 
BIOMASS VALITDATION STEP: 73
TIME:
summary.Biomass_GROUND_TOTAL:
summary.Biomass_GROUND_MAX:
summary.Biomass_GROUND_MIN:
-----------------------------------------------------------------------------------------
========================================================================================= 
BIOMASS VALITDATION STEP: 74
TIME:
summary.Biomass_GROUND_TOTAL:
summary.Biomass_GROUND_MAX:
summary.Biomass_GROUND_MIN:
-----------------------------------------------------------------------------------------
========================================================================================= 
BIOMASS VALITDATION STEP: 75
TIME:
summary.Biomass_GROUND_TOTAL:
summary.Biomass_GROUND_MAX:
summary.Biomass_GROUND_MIN:
-----------------------------------------------------------------------------------------
========================================================================================= 
BIOMASS VALITDATION STEP: 76
TIME:
summary.Biomass_GROUND_TOTAL:
summary.Biomass_GROUND_MAX:
summary.Biomass_GROUND_MIN:
-----------------------------------------------------------------------------------------
========================================================================================= 
BIOMASS VALITDATION STEP: 77
TIME:
summary.Biomass_GROUND_TOTAL:
summary.Biomass_GROUND_MAX:
summary.Biomass_GROUND_MIN:
-----------------------------------------------------------------------------------------
========================================================================================= 
BIOMASS VALITDATION STEP: 78
TIME:
summary.Biomass_GROUND_TOTAL:
summary.Biomass_GROUND_MAX:
summary.Biomass_GROUND_MIN:
-----------------------------------------------------------------------------------------
========================================================================================= 
BIOMASS VALITDATION STEP: 79
TIME:
summary.Biomass_GROUND_TOTAL:
summary.Biomass_GROUND_MAX:
summary.Biomass_GROUND_MIN:
-----------------------------------------------------------------------------------------
========================================================================================= 
BIOMASS VALITDATION STEP: 80
TIME:
summary.Biomass_GROUND_TOTAL:
summary.Biomass_GROUND_MAX:
summary.Biomass_GROUND_MIN:
-----------------------------------------------------------------------------------------
========================================================================================= 
BIOMASS VALITDATION STEP: 81
TIME:
summary.Biomass_GROUND_TOTAL:
summary.Biomass_GROUND_MAX:
summary.Biomass_GROUND_MIN:
-----------------------------------------------------------------------------------------
========================================================================================= 
BIOMASS VALITDATION STEP: 82
TIME:
summary.Biomass_GROUND_TOTAL:
summary.Biomass_GROUND_MAX:
summary.Biomass_GROUND_MIN:
-----------------------------------------------------------------------------------------
========================================================================================= 
BIOMASS VALITDATION STEP: 83
TIME:
summary.Biomass_GROUND_TOTAL:
summary.Biomass_GROUND_MAX:
summary.Biomass_GROUND_MIN:
-----------------------------------------------------------------------------------------
========================================================================================= 
BIOMASS VALITDATION STEP: 84
TIME:
summary.Biomass_GROUND_TOTAL:
summary.Biomass_GROUND_MAX:
summary.Biomass_GROUND_MIN:
-----------------------------------------------------------------------------------------
========================================================================================= 
BIOMASS VALITDATION STEP: 85
TIME:
summary.Biomass_GROUND_TOTAL:
summary.Biomass_GROUND_MAX:
summary.Biomass_GROUND_MIN:
-----------------------------------------------------------------------------------------
========================================================================================= 
BIOMASS VALITDATION STEP: 86
TIME:
summary.Biomass_GROUND_TOTAL:
summary.Biomass_GROUND_MAX:
summary.Biomass_GROUND_MIN:
-----------------------------------------------------------------------------------------
========================================================================================= 
BIOMASS VALITDATION STEP: 87
TIME:
summary.Biomass_GROUND_TOTAL:
summary.Biomass_GROUND_MAX:
summary.Biomass_GROUND_MIN:
-----------------------------------------------------------------------------------------
========================================================================================= 
BIOMASS VALITDATION STEP: 88
TIME:
summary.Biomass_GROUND_TOTAL:
summary.Biomass_GROUND_MAX:
summary.Biomass_GROUND_MIN:
-----------------------------------------------------------------------------------------
========================================================================================= 
BIOMASS VALITDATION STEP: 89
TIME:
summary.Biomass_GROUND_TOTAL:
summary.Biomass_GROUND_MAX:
summary.Biomass_GROUND_MIN:
-----------------------------------------------------------------------------------------
========================================================================================= 
BIOMASS VALITDATION STEP: 90
TIME:
summary.Biomass_GROUND_TOTAL:
summary.Biomass_GROUND_MAX:
summary.Biomass_GROUND_MIN:
-----------------------------------------------------------------------------------------
========================================================================================= 
BIOMASS VALITDATION STEP: 91
TIME:
summary.Biomass_GROUND_TOTAL:
summary.Biomass_GROUND_MAX:
summary.Biomass_GROUND_MIN:
-----------------------------------------------------------------------------------------
========================================================================================= 
BIOMASS VALITDATION STEP: 92
TIME:
summary.Biomass_GROUND_TOTAL:
summary.Biomass_GROUND_MAX:
summary.Biomass_GROUND_MIN:
-----------------------------------------------------------------------------------------
========================================================================================= 
BIOMASS VALITDATION STEP: 93
TIME:
summary.Biomass_GROUND_TOTAL:
summary.Biomass_GROUND_MAX:
summary.Biomass_GROUND_MIN:
-----------------------------------------------------------------------------------------
========================================================================================= 
BIOMASS VALITDATION STEP: 94
TIME:
summary.Biomass_GROUND_TOTAL:
summary.Biomass_GROUND_MAX:
summary.Biomass_GROUND_MIN:
-----------------------------------------------------------------------------------------
========================================================================================= 
BIOMASS VALITDATION STEP: 95
TIME:
summary.Biomass_GROUND_TOTAL:
summary.Biomass_GROUND_MAX:
summary.Biomass_GROUND_MIN:
-----------------------------------------------------------------------------------------
========================================================================================= 
BIOMASS VALITDATION STEP: 96
TIME:
summary.Biomass_GROUND_TOTAL:
summary.Biomass_GROUND_MAX:
summary.Biomass_GROUND_MIN:
-----------------------------------------------------------------------------------------
========================================================================================= 
BIOMASS VALITDATION STEP: 97
TIME:
summary.Biomass_GROUND_TOTAL:
summary.Biomass_GROUND_MAX:
summary.Biomass_GROUND_MIN:
-----------------------------------------------------------------------------------------
========================================================================================= 
BIOMASS VALITDATION STEP: 98
TIME:
summary.Biomass_GROUND_TOTAL:
summary.Biomass_GROUND_MAX:
summary.Biomass_GROUND_MIN:
-----------------------------------------------------------------------------------------
========================================================================================= 
BIOMASS VALITDATION STEP: 99
TIME:
summary.Biomass_GROUND_TOTAL:
summary.Biomass_GROUND_MAX:
summary.Biomass_GROUND_MIN:
-----------------------------------------------------------------------------------------
========================================================================================= 
BIOMASS VALITDATION STEP: 100
TIME:
summary.Biomass_GROUND_TOTAL:
summary.Biomass_GROUND_MAX:
summary.Biomass_GROUND_MIN:
-----------------------------------------------------------------------------------------
