100
0
0
20
100
0
0
0
20
0
20
20
50
20
100
50
100
20
20
50
50
0
20
100
0
0
50
50
100
20
20
50
20
0
100
0
100
100
50
100
100
20
0
50
50
100
100
100
100
0
100
0
20
0
0
100
50
0
50
20
50
100
20
50
0
50
20
20
0
50
100
100
20
0
0
100
50
100
50
50
20
0
0
0
0
0
0
0
0
0
0
0
0
0
0
0
0
0
0
0
0
0
0
0
0
0
0
0
0
0
0
0
0
0
0
0
0
0
0
0
0
0
0
0
0
0
0
0
0
0
0
0
0
0
0
0
0
0
0
0
0
0
0
0
0
0
0
0
0
0
0
0
0
0
0
0
0
0
0
0
0
0
10.73741824
0.0
0.0
0.564950498
2.82475249
0.0
0.0
0.0
2.147483648
0.0
0.050659032423828
0.050659032423828
0.12664758105957
0.050659032423828
0.25329516211914
0.12664758105957
0.25329516211914
0.564950498
0.564950498
0.12664758105957
0.12664758105957
0.0
0.050659032423828
0.25329516211914
0.0
0.0
1.412376245
1.412376245
0.25329516211914
0.050659032423828
0.050659032423828
0.12664758105957
0.050659032423828
0.0
0.25329516211914
0.0
2.82475249
0.25329516211914
0.12664758105957
0.25329516211914
0.25329516211914
0.050659032423828
0.0
0.12664758105957
1.412376245
2.82475249
0.25329516211914
0.25329516211914
0.25329516211914
0.0
0.25329516211914
0.0
0.050659032423828
0.0
0.0
0.25329516211914
0.12664758105957
0.0
0.12664758105957
0.050659032423828
0.12664758105957
0.25329516211914
0.564950498
1.412376245
0.0
0.12664758105957
0.050659032423828
0.050659032423828
0.0
0.12664758105957
0.25329516211914
2.82475249
2.147483648
0.0
0.0
2.82475249
1.412376245
2.82475249
1.412376245
1.412376245
2.147483648
24.532238880842
26.748832321684
13.213845400788
29.409719985788
38.276093749155
35.036918832155
27.707418010522
24.326754811313
18.785271209209
33.312897399946
41.070974442893
24.296812604997
37.167797028734
51.575654394206
48.336479477206
38.790385214732
32.424692103813
26.883208501709
30.178156456655
40.152826940443
36.57379177389
27.707418010522
42.115275375994
39.898681935152
52.089945859782
39.044530220023
33.503046617918
55.240404805023
68.539965450073
54.306539300624
45.440165537257
47.656758978099
34.357198333048
32.140604892206
32.820325391313
32.820325391313
73.738588075127
92.579632322282
76.472473709042
59.848022902729
56.523132741466
32.140604892206
34.357198333048
26.938981539655
26.938981539655
65.640650782627
87.806585191045
77.580770429463
60.956319623149
54.306539300624
37.682088494311
39.898681935152
35.71964005876
30.178156456655
46.459746285918
68.625680694336
57.631429461887
43.223572096415
34.357198333048
32.140604892206
48.76505569852
54.900544555469
43.81757735126
23.644033584709
34.727000788918
40.57840243426
45.351449565497
52.68095038713
53.449386857997
67.857244223469
73.342954787627
54.162050290918
12.5610663805
18.102549982604
23.953951627946
34.268482361288
44.922873344184
40.149826212946
49.016199976314
53.479329064314
39.839908169709
