---Stock validation step: 1
linearGrouwth:
CsRandom
totalStock:
maxStock:
minStock:
CsCentral
totalStock:
maxStock:
minStock:
------------------------------------------------------------------
---Stock validation step: 2
linearGrouwth:
CsRandom
totalStock:
maxStock:
minStock:
CsCentral
totalStock:
maxStock:
minStock:
------------------------------------------------------------------
---Stock validation step: 3
linearGrouwth:
CsRandom
totalStock:
maxStock:
minStock:
CsCentral
totalStock:
maxStock:
minStock:
------------------------------------------------------------------
---Stock validation step: 4
linearGrouwth:
CsRandom
totalStock:
maxStock:
minStock:
CsCentral
totalStock:
maxStock:
minStock:
------------------------------------------------------------------
---Stock validation step: 5
linearGrouwth:
CsRandom
totalStock:
maxStock:
minStock:
CsCentral
totalStock:
maxStock:
minStock:
------------------------------------------------------------------
---Stock validation step: 6
linearGrouwth:
CsRandom
totalStock:
maxStock:
minStock:
CsCentral
totalStock:
maxStock:
minStock:
------------------------------------------------------------------
---Stock validation step: 7
linearGrouwth:
CsRandom
totalStock:
maxStock:
minStock:
CsCentral
totalStock:
maxStock:
minStock:
------------------------------------------------------------------
---Stock validation step: 8
linearGrouwth:
CsRandom
totalStock:
maxStock:
minStock:
CsCentral
totalStock:
maxStock:
minStock:
------------------------------------------------------------------
---Stock validation step: 9
linearGrouwth:
CsRandom
totalStock:
maxStock:
minStock:
CsCentral
totalStock:
maxStock:
minStock:
------------------------------------------------------------------
---Stock validation step: 10
linearGrouwth:
CsRandom
totalStock:
maxStock:
minStock:
CsCentral
totalStock:
maxStock:
minStock:
------------------------------------------------------------------
---Stock validation step: 11
linearGrouwth:
CsRandom
totalStock:
maxStock:
minStock:
CsCentral
totalStock:
maxStock:
minStock:
------------------------------------------------------------------
---Stock validation step: 12
linearGrouwth:
CsRandom
totalStock:
maxStock:
minStock:
CsCentral
totalStock:
maxStock:
minStock:
------------------------------------------------------------------
---Stock validation step: 13
linearGrouwth:
CsRandom
totalStock:
maxStock:
minStock:
CsCentral
totalStock:
maxStock:
minStock:
------------------------------------------------------------------
---Stock validation step: 14
linearGrouwth:
CsRandom
totalStock:
maxStock:
minStock:
CsCentral
totalStock:
maxStock:
minStock:
------------------------------------------------------------------
---Stock validation step: 15
linearGrouwth:
CsRandom
totalStock:
maxStock:
minStock:
CsCentral
totalStock:
maxStock:
minStock:
------------------------------------------------------------------
---Stock validation step: 16
linearGrouwth:
CsRandom
totalStock:
maxStock:
minStock:
CsCentral
totalStock:
maxStock:
minStock:
------------------------------------------------------------------
---Stock validation step: 17
linearGrouwth:
CsRandom
totalStock:
maxStock:
minStock:
CsCentral
totalStock:
maxStock:
minStock:
------------------------------------------------------------------
---Stock validation step: 18
linearGrouwth:
CsRandom
totalStock:
maxStock:
minStock:
CsCentral
totalStock:
maxStock:
minStock:
------------------------------------------------------------------
---Stock validation step: 19
linearGrouwth:
CsRandom
totalStock:
maxStock:
minStock:
CsCentral
totalStock:
maxStock:
minStock:
------------------------------------------------------------------
---Stock validation step: 20
linearGrouwth:
CsRandom
totalStock:
maxStock:
minStock:
CsCentral
totalStock:
maxStock:
minStock:
------------------------------------------------------------------
---Stock validation step: 21
linearGrouwth:
CsRandom
totalStock:
maxStock:
minStock:
CsCentral
totalStock:
maxStock:
minStock:
------------------------------------------------------------------
---Stock validation step: 22
linearGrouwth:
CsRandom
totalStock:
maxStock:
minStock:
CsCentral
totalStock:
maxStock:
minStock:
------------------------------------------------------------------
---Stock validation step: 23
linearGrouwth:
CsRandom
totalStock:
maxStock:
minStock:
CsCentral
totalStock:
maxStock:
minStock:
------------------------------------------------------------------
---Stock validation step: 24
linearGrouwth:
CsRandom
totalStock:
maxStock:
minStock:
CsCentral
totalStock:
maxStock:
minStock:
------------------------------------------------------------------
---Stock validation step: 25
linearGrouwth:
CsRandom
totalStock:
maxStock:
minStock:
CsCentral
totalStock:
maxStock:
minStock:
------------------------------------------------------------------
---Stock validation step: 26
linearGrouwth:
CsRandom
totalStock:
maxStock:
minStock:
CsCentral
totalStock:
maxStock:
minStock:
------------------------------------------------------------------
---Stock validation step: 27
linearGrouwth:
CsRandom
totalStock:
maxStock:
minStock:
CsCentral
totalStock:
maxStock:
minStock:
------------------------------------------------------------------
---Stock validation step: 28
linearGrouwth:
CsRandom
totalStock:
maxStock:
minStock:
CsCentral
totalStock:
maxStock:
minStock:
------------------------------------------------------------------
---Stock validation step: 29
linearGrouwth:
CsRandom
totalStock:
maxStock:
minStock:
CsCentral
totalStock:
maxStock:
minStock:
------------------------------------------------------------------
---Stock validation step: 30
linearGrouwth:
CsRandom
totalStock:
maxStock:
minStock:
CsCentral
totalStock:
maxStock:
minStock:
------------------------------------------------------------------
---Stock validation step: 31
linearGrouwth:
CsRandom
totalStock:
maxStock:
minStock:
CsCentral
totalStock:
maxStock:
minStock:
------------------------------------------------------------------
---Stock validation step: 32
linearGrouwth:
CsRandom
totalStock:
maxStock:
minStock:
CsCentral
totalStock:
maxStock:
minStock:
------------------------------------------------------------------
---Stock validation step: 33
linearGrouwth:
CsRandom
totalStock:
maxStock:
minStock:
CsCentral
totalStock:
maxStock:
minStock:
------------------------------------------------------------------
---Stock validation step: 34
linearGrouwth:
CsRandom
totalStock:
maxStock:
minStock:
CsCentral
totalStock:
maxStock:
minStock:
------------------------------------------------------------------
---Stock validation step: 35
linearGrouwth:
CsRandom
totalStock:
maxStock:
minStock:
CsCentral
totalStock:
maxStock:
minStock:
------------------------------------------------------------------
---Stock validation step: 36
linearGrouwth:
CsRandom
totalStock:
maxStock:
minStock:
CsCentral
totalStock:
maxStock:
minStock:
------------------------------------------------------------------
---Stock validation step: 37
linearGrouwth:
CsRandom
totalStock:
maxStock:
minStock:
CsCentral
totalStock:
maxStock:
minStock:
------------------------------------------------------------------
---Stock validation step: 38
linearGrouwth:
CsRandom
totalStock:
maxStock:
minStock:
CsCentral
totalStock:
maxStock:
minStock:
------------------------------------------------------------------
---Stock validation step: 39
linearGrouwth:
CsRandom
totalStock:
maxStock:
minStock:
CsCentral
totalStock:
maxStock:
minStock:
------------------------------------------------------------------
---Stock validation step: 40
linearGrouwth:
CsRandom
totalStock:
maxStock:
minStock:
CsCentral
totalStock:
maxStock:
minStock:
------------------------------------------------------------------
---Stock validation step: 41
linearGrouwth:
CsRandom
totalStock:
maxStock:
minStock:
CsCentral
totalStock:
maxStock:
minStock:
------------------------------------------------------------------
---Stock validation step: 42
linearGrouwth:
CsRandom
totalStock:
maxStock:
minStock:
CsCentral
totalStock:
maxStock:
minStock:
------------------------------------------------------------------
---Stock validation step: 43
linearGrouwth:
CsRandom
totalStock:
maxStock:
minStock:
CsCentral
totalStock:
maxStock:
minStock:
------------------------------------------------------------------
---Stock validation step: 44
linearGrouwth:
CsRandom
totalStock:
maxStock:
minStock:
CsCentral
totalStock:
maxStock:
minStock:
------------------------------------------------------------------
---Stock validation step: 45
linearGrouwth:
CsRandom
totalStock:
maxStock:
minStock:
CsCentral
totalStock:
maxStock:
minStock:
------------------------------------------------------------------
---Stock validation step: 46
linearGrouwth:
CsRandom
totalStock:
maxStock:
minStock:
CsCentral
totalStock:
maxStock:
minStock:
------------------------------------------------------------------
---Stock validation step: 47
linearGrouwth:
CsRandom
totalStock:
maxStock:
minStock:
CsCentral
totalStock:
maxStock:
minStock:
------------------------------------------------------------------
---Stock validation step: 48
linearGrouwth:
CsRandom
totalStock:
maxStock:
minStock:
CsCentral
totalStock:
maxStock:
minStock:
------------------------------------------------------------------
---Stock validation step: 49
linearGrouwth:
CsRandom
totalStock:
maxStock:
minStock:
CsCentral
totalStock:
maxStock:
minStock:
------------------------------------------------------------------
---Stock validation step: 50
linearGrouwth:
CsRandom
totalStock:
maxStock:
minStock:
CsCentral
totalStock:
maxStock:
minStock:
------------------------------------------------------------------
---Stock validation step: 51
linearGrouwth:
CsRandom
totalStock:
maxStock:
minStock:
CsCentral
totalStock:
maxStock:
minStock:
------------------------------------------------------------------
---Stock validation step: 52
linearGrouwth:
CsRandom
totalStock:
maxStock:
minStock:
CsCentral
totalStock:
maxStock:
minStock:
------------------------------------------------------------------
---Stock validation step: 53
linearGrouwth:
CsRandom
totalStock:
maxStock:
minStock:
CsCentral
totalStock:
maxStock:
minStock:
------------------------------------------------------------------
---Stock validation step: 54
linearGrouwth:
CsRandom
totalStock:
maxStock:
minStock:
CsCentral
totalStock:
maxStock:
minStock:
------------------------------------------------------------------
---Stock validation step: 55
linearGrouwth:
CsRandom
totalStock:
maxStock:
minStock:
CsCentral
totalStock:
maxStock:
minStock:
------------------------------------------------------------------
---Stock validation step: 56
linearGrouwth:
CsRandom
totalStock:
maxStock:
minStock:
CsCentral
totalStock:
maxStock:
minStock:
------------------------------------------------------------------
---Stock validation step: 57
linearGrouwth:
CsRandom
totalStock:
maxStock:
minStock:
CsCentral
totalStock:
maxStock:
minStock:
------------------------------------------------------------------
---Stock validation step: 58
linearGrouwth:
CsRandom
totalStock:
maxStock:
minStock:
CsCentral
totalStock:
maxStock:
minStock:
------------------------------------------------------------------
---Stock validation step: 59
linearGrouwth:
CsRandom
totalStock:
maxStock:
minStock:
CsCentral
totalStock:
maxStock:
minStock:
------------------------------------------------------------------
---Stock validation step: 60
linearGrouwth:
CsRandom
totalStock:
maxStock:
minStock:
CsCentral
totalStock:
maxStock:
minStock:
------------------------------------------------------------------
---Stock validation step: 61
linearGrouwth:
CsRandom
totalStock:
maxStock:
minStock:
CsCentral
totalStock:
maxStock:
minStock:
------------------------------------------------------------------
---Stock validation step: 62
linearGrouwth:
CsRandom
totalStock:
maxStock:
minStock:
CsCentral
totalStock:
maxStock:
minStock:
------------------------------------------------------------------
---Stock validation step: 63
linearGrouwth:
CsRandom
totalStock:
maxStock:
minStock:
CsCentral
totalStock:
maxStock:
minStock:
------------------------------------------------------------------
---Stock validation step: 64
linearGrouwth:
CsRandom
totalStock:
maxStock:
minStock:
CsCentral
totalStock:
maxStock:
minStock:
------------------------------------------------------------------
---Stock validation step: 65
linearGrouwth:
CsRandom
totalStock:
maxStock:
minStock:
CsCentral
totalStock:
maxStock:
minStock:
------------------------------------------------------------------
---Stock validation step: 66
linearGrouwth:
CsRandom
totalStock:
maxStock:
minStock:
CsCentral
totalStock:
maxStock:
minStock:
------------------------------------------------------------------
---Stock validation step: 67
linearGrouwth:
CsRandom
totalStock:
maxStock:
minStock:
CsCentral
totalStock:
maxStock:
minStock:
------------------------------------------------------------------
---Stock validation step: 68
linearGrouwth:
CsRandom
totalStock:
maxStock:
minStock:
CsCentral
totalStock:
maxStock:
minStock:
------------------------------------------------------------------
---Stock validation step: 69
linearGrouwth:
CsRandom
totalStock:
maxStock:
minStock:
CsCentral
totalStock:
maxStock:
minStock:
------------------------------------------------------------------
---Stock validation step: 70
linearGrouwth:
CsRandom
totalStock:
maxStock:
minStock:
CsCentral
totalStock:
maxStock:
minStock:
------------------------------------------------------------------
---Stock validation step: 71
linearGrouwth:
CsRandom
totalStock:
maxStock:
minStock:
CsCentral
totalStock:
maxStock:
minStock:
------------------------------------------------------------------
---Stock validation step: 72
linearGrouwth:
CsRandom
totalStock:
maxStock:
minStock:
CsCentral
totalStock:
maxStock:
minStock:
------------------------------------------------------------------
---Stock validation step: 73
linearGrouwth:
CsRandom
totalStock:
maxStock:
minStock:
CsCentral
totalStock:
maxStock:
minStock:
------------------------------------------------------------------
---Stock validation step: 74
linearGrouwth:
CsRandom
totalStock:
maxStock:
minStock:
CsCentral
totalStock:
maxStock:
minStock:
------------------------------------------------------------------
---Stock validation step: 75
linearGrouwth:
CsRandom
totalStock:
maxStock:
minStock:
CsCentral
totalStock:
maxStock:
minStock:
------------------------------------------------------------------
---Stock validation step: 76
linearGrouwth:
CsRandom
totalStock:
maxStock:
minStock:
CsCentral
totalStock:
maxStock:
minStock:
------------------------------------------------------------------
---Stock validation step: 77
linearGrouwth:
CsRandom
totalStock:
maxStock:
minStock:
CsCentral
totalStock:
maxStock:
minStock:
------------------------------------------------------------------
---Stock validation step: 78
linearGrouwth:
CsRandom
totalStock:
maxStock:
minStock:
CsCentral
totalStock:
maxStock:
minStock:
------------------------------------------------------------------
---Stock validation step: 79
linearGrouwth:
CsRandom
totalStock:
maxStock:
minStock:
CsCentral
totalStock:
maxStock:
minStock:
------------------------------------------------------------------
---Stock validation step: 80
linearGrouwth:
CsRandom
totalStock:
maxStock:
minStock:
CsCentral
totalStock:
maxStock:
minStock:
------------------------------------------------------------------
---Stock validation step: 81
linearGrouwth:
CsRandom
totalStock:
maxStock:
minStock:
CsCentral
totalStock:
maxStock:
minStock:
------------------------------------------------------------------
---Stock validation step: 82
linearGrouwth:
CsRandom
totalStock:
maxStock:
minStock:
CsCentral
totalStock:
maxStock:
minStock:
------------------------------------------------------------------
---Stock validation step: 83
linearGrouwth:
CsRandom
totalStock:
maxStock:
minStock:
CsCentral
totalStock:
maxStock:
minStock:
------------------------------------------------------------------
---Stock validation step: 84
linearGrouwth:
CsRandom
totalStock:
maxStock:
minStock:
CsCentral
totalStock:
maxStock:
minStock:
------------------------------------------------------------------
---Stock validation step: 85
linearGrouwth:
CsRandom
totalStock:
maxStock:
minStock:
CsCentral
totalStock:
maxStock:
minStock:
------------------------------------------------------------------
---Stock validation step: 86
linearGrouwth:
CsRandom
totalStock:
maxStock:
minStock:
CsCentral
totalStock:
maxStock:
minStock:
------------------------------------------------------------------
---Stock validation step: 87
linearGrouwth:
CsRandom
totalStock:
maxStock:
minStock:
CsCentral
totalStock:
maxStock:
minStock:
------------------------------------------------------------------
---Stock validation step: 88
linearGrouwth:
CsRandom
totalStock:
maxStock:
minStock:
CsCentral
totalStock:
maxStock:
minStock:
------------------------------------------------------------------
---Stock validation step: 89
linearGrouwth:
CsRandom
totalStock:
maxStock:
minStock:
CsCentral
totalStock:
maxStock:
minStock:
------------------------------------------------------------------
---Stock validation step: 90
linearGrouwth:
CsRandom
totalStock:
maxStock:
minStock:
CsCentral
totalStock:
maxStock:
minStock:
------------------------------------------------------------------
---Stock validation step: 91
linearGrouwth:
CsRandom
totalStock:
maxStock:
minStock:
CsCentral
totalStock:
maxStock:
minStock:
------------------------------------------------------------------
---Stock validation step: 92
linearGrouwth:
CsRandom
totalStock:
maxStock:
minStock:
CsCentral
totalStock:
maxStock:
minStock:
------------------------------------------------------------------
---Stock validation step: 93
linearGrouwth:
CsRandom
totalStock:
maxStock:
minStock:
CsCentral
totalStock:
maxStock:
minStock:
------------------------------------------------------------------
---Stock validation step: 94
linearGrouwth:
CsRandom
totalStock:
maxStock:
minStock:
CsCentral
totalStock:
maxStock:
minStock:
------------------------------------------------------------------
---Stock validation step: 95
linearGrouwth:
CsRandom
totalStock:
maxStock:
minStock:
CsCentral
totalStock:
maxStock:
minStock:
------------------------------------------------------------------
---Stock validation step: 96
linearGrouwth:
CsRandom
totalStock:
maxStock:
minStock:
CsCentral
totalStock:
maxStock:
minStock:
------------------------------------------------------------------
---Stock validation step: 97
linearGrouwth:
CsRandom
totalStock:
maxStock:
minStock:
CsCentral
totalStock:
maxStock:
minStock:
------------------------------------------------------------------
---Stock validation step: 98
linearGrouwth:
CsRandom
totalStock:
maxStock:
minStock:
CsCentral
totalStock:
maxStock:
minStock:
------------------------------------------------------------------
---Stock validation step: 99
linearGrouwth:
CsRandom
totalStock:
maxStock:
minStock:
CsCentral
totalStock:
maxStock:
minStock:
------------------------------------------------------------------
---Stock validation step: 100
linearGrouwth:
CsRandom
totalStock:
maxStock:
minStock:
CsCentral
totalStock:
maxStock:
minStock:
------------------------------------------------------------------
---Stock validation step: 101
linearGrouwth:
CsRandom
totalStock:
maxStock:
minStock:
CsCentral
totalStock:
maxStock:
minStock:
------------------------------------------------------------------
---Stock validation step: 102
linearGrouwth:
CsRandom
totalStock:
maxStock:
minStock:
CsCentral
totalStock:
maxStock:
minStock:
------------------------------------------------------------------
---Stock validation step: 103
linearGrouwth:
CsRandom
totalStock:
maxStock:
minStock:
CsCentral
totalStock:
maxStock:
minStock:
------------------------------------------------------------------
---Stock validation step: 104
linearGrouwth:
CsRandom
totalStock:
maxStock:
minStock:
CsCentral
totalStock:
maxStock:
minStock:
------------------------------------------------------------------
---Stock validation step: 105
linearGrouwth:
CsRandom
totalStock:
maxStock:
minStock:
CsCentral
totalStock:
maxStock:
minStock:
------------------------------------------------------------------
---Stock validation step: 106
linearGrouwth:
CsRandom
totalStock:
maxStock:
minStock:
CsCentral
totalStock:
maxStock:
minStock:
------------------------------------------------------------------
---Stock validation step: 107
linearGrouwth:
CsRandom
totalStock:
maxStock:
minStock:
CsCentral
totalStock:
maxStock:
minStock:
------------------------------------------------------------------
---Stock validation step: 108
linearGrouwth:
CsRandom
totalStock:
maxStock:
minStock:
CsCentral
totalStock:
maxStock:
minStock:
------------------------------------------------------------------
---Stock validation step: 109
linearGrouwth:
CsRandom
totalStock:
maxStock:
minStock:
CsCentral
totalStock:
maxStock:
minStock:
------------------------------------------------------------------
---Stock validation step: 110
linearGrouwth:
CsRandom
totalStock:
maxStock:
minStock:
CsCentral
totalStock:
maxStock:
minStock:
------------------------------------------------------------------
---Stock validation step: 111
linearGrouwth:
CsRandom
totalStock:
maxStock:
minStock:
CsCentral
totalStock:
maxStock:
minStock:
------------------------------------------------------------------
---Stock validation step: 112
linearGrouwth:
CsRandom
totalStock:
maxStock:
minStock:
CsCentral
totalStock:
maxStock:
minStock:
------------------------------------------------------------------
---Stock validation step: 113
linearGrouwth:
CsRandom
totalStock:
maxStock:
minStock:
CsCentral
totalStock:
maxStock:
minStock:
------------------------------------------------------------------
---Stock validation step: 114
linearGrouwth:
CsRandom
totalStock:
maxStock:
minStock:
CsCentral
totalStock:
maxStock:
minStock:
------------------------------------------------------------------
---Stock validation step: 115
linearGrouwth:
CsRandom
totalStock:
maxStock:
minStock:
CsCentral
totalStock:
maxStock:
minStock:
------------------------------------------------------------------
---Stock validation step: 116
linearGrouwth:
CsRandom
totalStock:
maxStock:
minStock:
CsCentral
totalStock:
maxStock:
minStock:
------------------------------------------------------------------
---Stock validation step: 117
linearGrouwth:
CsRandom
totalStock:
maxStock:
minStock:
CsCentral
totalStock:
maxStock:
minStock:
------------------------------------------------------------------
---Stock validation step: 118
linearGrouwth:
CsRandom
totalStock:
maxStock:
minStock:
CsCentral
totalStock:
maxStock:
minStock:
------------------------------------------------------------------
---Stock validation step: 119
linearGrouwth:
CsRandom
totalStock:
maxStock:
minStock:
CsCentral
totalStock:
maxStock:
minStock:
------------------------------------------------------------------
---Stock validation step: 120
linearGrouwth:
CsRandom
totalStock:
maxStock:
minStock:
CsCentral
totalStock:
maxStock:
minStock:
------------------------------------------------------------------
---Stock validation step: 121
linearGrouwth:
CsRandom
totalStock:
maxStock:
minStock:
CsCentral
totalStock:
maxStock:
minStock:
------------------------------------------------------------------
---Stock validation step: 122
linearGrouwth:
CsRandom
totalStock:
maxStock:
minStock:
CsCentral
totalStock:
maxStock:
minStock:
------------------------------------------------------------------
---Stock validation step: 123
linearGrouwth:
CsRandom
totalStock:
maxStock:
minStock:
CsCentral
totalStock:
maxStock:
minStock:
------------------------------------------------------------------
---Stock validation step: 124
linearGrouwth:
CsRandom
totalStock:
maxStock:
minStock:
CsCentral
totalStock:
maxStock:
minStock:
------------------------------------------------------------------
---Stock validation step: 125
linearGrouwth:
CsRandom
totalStock:
maxStock:
minStock:
CsCentral
totalStock:
maxStock:
minStock:
------------------------------------------------------------------
---Stock validation step: 126
linearGrouwth:
CsRandom
totalStock:
maxStock:
minStock:
CsCentral
totalStock:
maxStock:
minStock:
------------------------------------------------------------------
---Stock validation step: 127
linearGrouwth:
CsRandom
totalStock:
maxStock:
minStock:
CsCentral
totalStock:
maxStock:
minStock:
------------------------------------------------------------------
---Stock validation step: 128
linearGrouwth:
CsRandom
totalStock:
maxStock:
minStock:
CsCentral
totalStock:
maxStock:
minStock:
------------------------------------------------------------------
---Stock validation step: 129
linearGrouwth:
CsRandom
totalStock:
maxStock:
minStock:
CsCentral
totalStock:
maxStock:
minStock:
------------------------------------------------------------------
---Stock validation step: 130
linearGrouwth:
CsRandom
totalStock:
maxStock:
minStock:
CsCentral
totalStock:
maxStock:
minStock:
------------------------------------------------------------------
---Stock validation step: 131
linearGrouwth:
CsRandom
totalStock:
maxStock:
minStock:
CsCentral
totalStock:
maxStock:
minStock:
------------------------------------------------------------------
---Stock validation step: 132
linearGrouwth:
CsRandom
totalStock:
maxStock:
minStock:
CsCentral
totalStock:
maxStock:
minStock:
------------------------------------------------------------------
---Stock validation step: 133
linearGrouwth:
CsRandom
totalStock:
maxStock:
minStock:
CsCentral
totalStock:
maxStock:
minStock:
------------------------------------------------------------------
---Stock validation step: 134
linearGrouwth:
CsRandom
totalStock:
maxStock:
minStock:
CsCentral
totalStock:
maxStock:
minStock:
------------------------------------------------------------------
---Stock validation step: 135
linearGrouwth:
CsRandom
totalStock:
maxStock:
minStock:
CsCentral
totalStock:
maxStock:
minStock:
------------------------------------------------------------------
---Stock validation step: 136
linearGrouwth:
CsRandom
totalStock:
maxStock:
minStock:
CsCentral
totalStock:
maxStock:
minStock:
------------------------------------------------------------------
---Stock validation step: 137
linearGrouwth:
CsRandom
totalStock:
maxStock:
minStock:
CsCentral
totalStock:
maxStock:
minStock:
------------------------------------------------------------------
---Stock validation step: 138
linearGrouwth:
CsRandom
totalStock:
maxStock:
minStock:
CsCentral
totalStock:
maxStock:
minStock:
------------------------------------------------------------------
---Stock validation step: 139
linearGrouwth:
CsRandom
totalStock:
maxStock:
minStock:
CsCentral
totalStock:
maxStock:
minStock:
------------------------------------------------------------------
---Stock validation step: 140
linearGrouwth:
CsRandom
totalStock:
maxStock:
minStock:
CsCentral
totalStock:
maxStock:
minStock:
------------------------------------------------------------------
---Stock validation step: 141
linearGrouwth:
CsRandom
totalStock:
maxStock:
minStock:
CsCentral
totalStock:
maxStock:
minStock:
------------------------------------------------------------------
---Stock validation step: 142
linearGrouwth:
CsRandom
totalStock:
maxStock:
minStock:
CsCentral
totalStock:
maxStock:
minStock:
------------------------------------------------------------------
---Stock validation step: 143
linearGrouwth:
CsRandom
totalStock:
maxStock:
minStock:
CsCentral
totalStock:
maxStock:
minStock:
------------------------------------------------------------------
---Stock validation step: 144
linearGrouwth:
CsRandom
totalStock:
maxStock:
minStock:
CsCentral
totalStock:
maxStock:
minStock:
------------------------------------------------------------------
---Stock validation step: 145
linearGrouwth:
CsRandom
totalStock:
maxStock:
minStock:
CsCentral
totalStock:
maxStock:
minStock:
------------------------------------------------------------------
---Stock validation step: 146
linearGrouwth:
CsRandom
totalStock:
maxStock:
minStock:
CsCentral
totalStock:
maxStock:
minStock:
------------------------------------------------------------------
---Stock validation step: 147
linearGrouwth:
CsRandom
totalStock:
maxStock:
minStock:
CsCentral
totalStock:
maxStock:
minStock:
------------------------------------------------------------------
---Stock validation step: 148
linearGrouwth:
CsRandom
totalStock:
maxStock:
minStock:
CsCentral
totalStock:
maxStock:
minStock:
------------------------------------------------------------------
---Stock validation step: 149
linearGrouwth:
CsRandom
totalStock:
maxStock:
minStock:
CsCentral
totalStock:
maxStock:
minStock:
------------------------------------------------------------------
---Stock validation step: 150
linearGrouwth:
CsRandom
totalStock:
maxStock:
minStock:
CsCentral
totalStock:
maxStock:
minStock:
------------------------------------------------------------------
---Stock validation step: 151
linearGrouwth:
CsRandom
totalStock:
maxStock:
minStock:
CsCentral
totalStock:
maxStock:
minStock:
------------------------------------------------------------------
---Stock validation step: 152
linearGrouwth:
CsRandom
totalStock:
maxStock:
minStock:
CsCentral
totalStock:
maxStock:
minStock:
------------------------------------------------------------------
---Stock validation step: 153
linearGrouwth:
CsRandom
totalStock:
maxStock:
minStock:
CsCentral
totalStock:
maxStock:
minStock:
------------------------------------------------------------------
---Stock validation step: 154
linearGrouwth:
CsRandom
totalStock:
maxStock:
minStock:
CsCentral
totalStock:
maxStock:
minStock:
------------------------------------------------------------------
---Stock validation step: 155
linearGrouwth:
CsRandom
totalStock:
maxStock:
minStock:
CsCentral
totalStock:
maxStock:
minStock:
------------------------------------------------------------------
---Stock validation step: 156
linearGrouwth:
CsRandom
totalStock:
maxStock:
minStock:
CsCentral
totalStock:
maxStock:
minStock:
------------------------------------------------------------------
---Stock validation step: 157
linearGrouwth:
CsRandom
totalStock:
maxStock:
minStock:
CsCentral
totalStock:
maxStock:
minStock:
------------------------------------------------------------------
---Stock validation step: 158
linearGrouwth:
CsRandom
totalStock:
maxStock:
minStock:
CsCentral
totalStock:
maxStock:
minStock:
------------------------------------------------------------------
---Stock validation step: 159
linearGrouwth:
CsRandom
totalStock:
maxStock:
minStock:
CsCentral
totalStock:
maxStock:
minStock:
------------------------------------------------------------------
---Stock validation step: 160
linearGrouwth:
CsRandom
totalStock:
maxStock:
minStock:
CsCentral
totalStock:
maxStock:
minStock:
------------------------------------------------------------------
---Stock validation step: 161
linearGrouwth:
CsRandom
totalStock:
maxStock:
minStock:
CsCentral
totalStock:
maxStock:
minStock:
------------------------------------------------------------------
---Stock validation step: 162
linearGrouwth:
CsRandom
totalStock:
maxStock:
minStock:
CsCentral
totalStock:
maxStock:
minStock:
------------------------------------------------------------------
---Stock validation step: 163
linearGrouwth:
CsRandom
totalStock:
maxStock:
minStock:
CsCentral
totalStock:
maxStock:
minStock:
------------------------------------------------------------------
---Stock validation step: 164
linearGrouwth:
CsRandom
totalStock:
maxStock:
minStock:
CsCentral
totalStock:
maxStock:
minStock:
------------------------------------------------------------------
---Stock validation step: 165
linearGrouwth:
CsRandom
totalStock:
maxStock:
minStock:
CsCentral
totalStock:
maxStock:
minStock:
------------------------------------------------------------------
---Stock validation step: 166
linearGrouwth:
CsRandom
totalStock:
maxStock:
minStock:
CsCentral
totalStock:
maxStock:
minStock:
------------------------------------------------------------------
---Stock validation step: 167
linearGrouwth:
CsRandom
totalStock:
maxStock:
minStock:
CsCentral
totalStock:
maxStock:
minStock:
------------------------------------------------------------------
---Stock validation step: 168
linearGrouwth:
CsRandom
totalStock:
maxStock:
minStock:
CsCentral
totalStock:
maxStock:
minStock:
------------------------------------------------------------------
---Stock validation step: 169
linearGrouwth:
CsRandom
totalStock:
maxStock:
minStock:
CsCentral
totalStock:
maxStock:
minStock:
------------------------------------------------------------------
---Stock validation step: 170
linearGrouwth:
CsRandom
totalStock:
maxStock:
minStock:
CsCentral
totalStock:
maxStock:
minStock:
------------------------------------------------------------------
---Stock validation step: 171
linearGrouwth:
CsRandom
totalStock:
maxStock:
minStock:
CsCentral
totalStock:
maxStock:
minStock:
------------------------------------------------------------------
---Stock validation step: 172
linearGrouwth:
CsRandom
totalStock:
maxStock:
minStock:
CsCentral
totalStock:
maxStock:
minStock:
------------------------------------------------------------------
---Stock validation step: 173
linearGrouwth:
CsRandom
totalStock:
maxStock:
minStock:
CsCentral
totalStock:
maxStock:
minStock:
------------------------------------------------------------------
---Stock validation step: 174
linearGrouwth:
CsRandom
totalStock:
maxStock:
minStock:
CsCentral
totalStock:
maxStock:
minStock:
------------------------------------------------------------------
---Stock validation step: 175
linearGrouwth:
CsRandom
totalStock:
maxStock:
minStock:
CsCentral
totalStock:
maxStock:
minStock:
------------------------------------------------------------------
---Stock validation step: 176
linearGrouwth:
CsRandom
totalStock:
maxStock:
minStock:
CsCentral
totalStock:
maxStock:
minStock:
------------------------------------------------------------------
---Stock validation step: 177
linearGrouwth:
CsRandom
totalStock:
maxStock:
minStock:
CsCentral
totalStock:
maxStock:
minStock:
------------------------------------------------------------------
---Stock validation step: 178
linearGrouwth:
CsRandom
totalStock:
maxStock:
minStock:
CsCentral
totalStock:
maxStock:
minStock:
------------------------------------------------------------------
---Stock validation step: 179
linearGrouwth:
CsRandom
totalStock:
maxStock:
minStock:
CsCentral
totalStock:
maxStock:
minStock:
------------------------------------------------------------------
---Stock validation step: 180
linearGrouwth:
CsRandom
totalStock:
maxStock:
minStock:
CsCentral
totalStock:
maxStock:
minStock:
------------------------------------------------------------------
---Stock validation step: 181
linearGrouwth:
CsRandom
totalStock:
maxStock:
minStock:
CsCentral
totalStock:
maxStock:
minStock:
------------------------------------------------------------------
---Stock validation step: 182
linearGrouwth:
CsRandom
totalStock:
maxStock:
minStock:
CsCentral
totalStock:
maxStock:
minStock:
------------------------------------------------------------------
---Stock validation step: 183
linearGrouwth:
CsRandom
totalStock:
maxStock:
minStock:
CsCentral
totalStock:
maxStock:
minStock:
------------------------------------------------------------------
---Stock validation step: 184
linearGrouwth:
CsRandom
totalStock:
maxStock:
minStock:
CsCentral
totalStock:
maxStock:
minStock:
------------------------------------------------------------------
---Stock validation step: 185
linearGrouwth:
CsRandom
totalStock:
maxStock:
minStock:
CsCentral
totalStock:
maxStock:
minStock:
------------------------------------------------------------------
---Stock validation step: 186
linearGrouwth:
CsRandom
totalStock:
maxStock:
minStock:
CsCentral
totalStock:
maxStock:
minStock:
------------------------------------------------------------------
---Stock validation step: 187
linearGrouwth:
CsRandom
totalStock:
maxStock:
minStock:
CsCentral
totalStock:
maxStock:
minStock:
------------------------------------------------------------------
---Stock validation step: 188
linearGrouwth:
CsRandom
totalStock:
maxStock:
minStock:
CsCentral
totalStock:
maxStock:
minStock:
------------------------------------------------------------------
---Stock validation step: 189
linearGrouwth:
CsRandom
totalStock:
maxStock:
minStock:
CsCentral
totalStock:
maxStock:
minStock:
------------------------------------------------------------------
---Stock validation step: 190
linearGrouwth:
CsRandom
totalStock:
maxStock:
minStock:
CsCentral
totalStock:
maxStock:
minStock:
------------------------------------------------------------------
---Stock validation step: 191
linearGrouwth:
CsRandom
totalStock:
maxStock:
minStock:
CsCentral
totalStock:
maxStock:
minStock:
------------------------------------------------------------------
---Stock validation step: 192
linearGrouwth:
CsRandom
totalStock:
maxStock:
minStock:
CsCentral
totalStock:
maxStock:
minStock:
------------------------------------------------------------------
---Stock validation step: 193
linearGrouwth:
CsRandom
totalStock:
maxStock:
minStock:
CsCentral
totalStock:
maxStock:
minStock:
------------------------------------------------------------------
---Stock validation step: 194
linearGrouwth:
CsRandom
totalStock:
maxStock:
minStock:
CsCentral
totalStock:
maxStock:
minStock:
------------------------------------------------------------------
---Stock validation step: 195
linearGrouwth:
CsRandom
totalStock:
maxStock:
minStock:
CsCentral
totalStock:
maxStock:
minStock:
------------------------------------------------------------------
---Stock validation step: 196
linearGrouwth:
CsRandom
totalStock:
maxStock:
minStock:
CsCentral
totalStock:
maxStock:
minStock:
------------------------------------------------------------------
---Stock validation step: 197
linearGrouwth:
CsRandom
totalStock:
maxStock:
minStock:
CsCentral
totalStock:
maxStock:
minStock:
------------------------------------------------------------------
---Stock validation step: 198
linearGrouwth:
CsRandom
totalStock:
maxStock:
minStock:
CsCentral
totalStock:
maxStock:
minStock:
------------------------------------------------------------------
---Stock validation step: 199
linearGrouwth:
CsRandom
totalStock:
maxStock:
minStock:
CsCentral
totalStock:
maxStock:
minStock:
------------------------------------------------------------------
---Stock validation step: 200
linearGrouwth:
CsRandom
totalStock:
maxStock:
minStock:
CsCentral
totalStock:
maxStock:
minStock:
------------------------------------------------------------------
---Stock validation step: 201
linearGrouwth:
CsRandom
totalStock:
maxStock:
minStock:
CsCentral
totalStock:
maxStock:
minStock:
------------------------------------------------------------------
---Stock validation step: 202
linearGrouwth:
CsRandom
totalStock:
maxStock:
minStock:
CsCentral
totalStock:
maxStock:
minStock:
------------------------------------------------------------------
---Stock validation step: 203
linearGrouwth:
CsRandom
totalStock:
maxStock:
minStock:
CsCentral
totalStock:
maxStock:
minStock:
------------------------------------------------------------------
---Stock validation step: 204
linearGrouwth:
CsRandom
totalStock:
maxStock:
minStock:
CsCentral
totalStock:
maxStock:
minStock:
------------------------------------------------------------------
---Stock validation step: 205
linearGrouwth:
CsRandom
totalStock:
maxStock:
minStock:
CsCentral
totalStock:
maxStock:
minStock:
------------------------------------------------------------------
---Stock validation step: 206
linearGrouwth:
CsRandom
totalStock:
maxStock:
minStock:
CsCentral
totalStock:
maxStock:
minStock:
------------------------------------------------------------------
---Stock validation step: 207
linearGrouwth:
CsRandom
totalStock:
maxStock:
minStock:
CsCentral
totalStock:
maxStock:
minStock:
------------------------------------------------------------------
---Stock validation step: 208
linearGrouwth:
CsRandom
totalStock:
maxStock:
minStock:
CsCentral
totalStock:
maxStock:
minStock:
------------------------------------------------------------------
---Stock validation step: 209
linearGrouwth:
CsRandom
totalStock:
maxStock:
minStock:
CsCentral
totalStock:
maxStock:
minStock:
------------------------------------------------------------------
---Stock validation step: 210
linearGrouwth:
CsRandom
totalStock:
maxStock:
minStock:
CsCentral
totalStock:
maxStock:
minStock:
------------------------------------------------------------------
---Stock validation step: 211
linearGrouwth:
CsRandom
totalStock:
maxStock:
minStock:
CsCentral
totalStock:
maxStock:
minStock:
------------------------------------------------------------------
---Stock validation step: 212
linearGrouwth:
CsRandom
totalStock:
maxStock:
minStock:
CsCentral
totalStock:
maxStock:
minStock:
------------------------------------------------------------------
---Stock validation step: 213
linearGrouwth:
CsRandom
totalStock:
maxStock:
minStock:
CsCentral
totalStock:
maxStock:
minStock:
------------------------------------------------------------------
---Stock validation step: 214
linearGrouwth:
CsRandom
totalStock:
maxStock:
minStock:
CsCentral
totalStock:
maxStock:
minStock:
------------------------------------------------------------------
---Stock validation step: 215
linearGrouwth:
CsRandom
totalStock:
maxStock:
minStock:
CsCentral
totalStock:
maxStock:
minStock:
------------------------------------------------------------------
---Stock validation step: 216
linearGrouwth:
CsRandom
totalStock:
maxStock:
minStock:
CsCentral
totalStock:
maxStock:
minStock:
------------------------------------------------------------------
---Stock validation step: 217
linearGrouwth:
CsRandom
totalStock:
maxStock:
minStock:
CsCentral
totalStock:
maxStock:
minStock:
------------------------------------------------------------------
---Stock validation step: 218
linearGrouwth:
CsRandom
totalStock:
maxStock:
minStock:
CsCentral
totalStock:
maxStock:
minStock:
------------------------------------------------------------------
---Stock validation step: 219
linearGrouwth:
CsRandom
totalStock:
maxStock:
minStock:
CsCentral
totalStock:
maxStock:
minStock:
------------------------------------------------------------------
---Stock validation step: 220
linearGrouwth:
CsRandom
totalStock:
maxStock:
minStock:
CsCentral
totalStock:
maxStock:
minStock:
------------------------------------------------------------------
---Stock validation step: 221
linearGrouwth:
CsRandom
totalStock:
maxStock:
minStock:
CsCentral
totalStock:
maxStock:
minStock:
------------------------------------------------------------------
---Stock validation step: 222
linearGrouwth:
CsRandom
totalStock:
maxStock:
minStock:
CsCentral
totalStock:
maxStock:
minStock:
------------------------------------------------------------------
---Stock validation step: 223
linearGrouwth:
CsRandom
totalStock:
maxStock:
minStock:
CsCentral
totalStock:
maxStock:
minStock:
------------------------------------------------------------------
---Stock validation step: 224
linearGrouwth:
CsRandom
totalStock:
maxStock:
minStock:
CsCentral
totalStock:
maxStock:
minStock:
------------------------------------------------------------------
---Stock validation step: 225
linearGrouwth:
CsRandom
totalStock:
maxStock:
minStock:
CsCentral
totalStock:
maxStock:
minStock:
------------------------------------------------------------------
---Stock validation step: 226
linearGrouwth:
CsRandom
totalStock:
maxStock:
minStock:
CsCentral
totalStock:
maxStock:
minStock:
------------------------------------------------------------------
---Stock validation step: 227
linearGrouwth:
CsRandom
totalStock:
maxStock:
minStock:
CsCentral
totalStock:
maxStock:
minStock:
------------------------------------------------------------------
---Stock validation step: 228
linearGrouwth:
CsRandom
totalStock:
maxStock:
minStock:
CsCentral
totalStock:
maxStock:
minStock:
------------------------------------------------------------------
---Stock validation step: 229
linearGrouwth:
CsRandom
totalStock:
maxStock:
minStock:
CsCentral
totalStock:
maxStock:
minStock:
------------------------------------------------------------------
---Stock validation step: 230
linearGrouwth:
CsRandom
totalStock:
maxStock:
minStock:
CsCentral
totalStock:
maxStock:
minStock:
------------------------------------------------------------------
---Stock validation step: 231
linearGrouwth:
CsRandom
totalStock:
maxStock:
minStock:
CsCentral
totalStock:
maxStock:
minStock:
------------------------------------------------------------------
---Stock validation step: 232
linearGrouwth:
CsRandom
totalStock:
maxStock:
minStock:
CsCentral
totalStock:
maxStock:
minStock:
------------------------------------------------------------------
---Stock validation step: 233
linearGrouwth:
CsRandom
totalStock:
maxStock:
minStock:
CsCentral
totalStock:
maxStock:
minStock:
------------------------------------------------------------------
---Stock validation step: 234
linearGrouwth:
CsRandom
totalStock:
maxStock:
minStock:
CsCentral
totalStock:
maxStock:
minStock:
------------------------------------------------------------------
---Stock validation step: 235
linearGrouwth:
CsRandom
totalStock:
maxStock:
minStock:
CsCentral
totalStock:
maxStock:
minStock:
------------------------------------------------------------------
---Stock validation step: 236
linearGrouwth:
CsRandom
totalStock:
maxStock:
minStock:
CsCentral
totalStock:
maxStock:
minStock:
------------------------------------------------------------------
---Stock validation step: 237
linearGrouwth:
CsRandom
totalStock:
maxStock:
minStock:
CsCentral
totalStock:
maxStock:
minStock:
------------------------------------------------------------------
---Stock validation step: 238
linearGrouwth:
CsRandom
totalStock:
maxStock:
minStock:
CsCentral
totalStock:
maxStock:
minStock:
------------------------------------------------------------------
---Stock validation step: 239
linearGrouwth:
CsRandom
totalStock:
maxStock:
minStock:
CsCentral
totalStock:
maxStock:
minStock:
------------------------------------------------------------------
---Stock validation step: 240
linearGrouwth:
CsRandom
totalStock:
maxStock:
minStock:
CsCentral
totalStock:
maxStock:
minStock:
------------------------------------------------------------------
---Stock validation step: 241
linearGrouwth:
CsRandom
totalStock:
maxStock:
minStock:
CsCentral
totalStock:
maxStock:
minStock:
------------------------------------------------------------------
---Stock validation step: 242
linearGrouwth:
CsRandom
totalStock:
maxStock:
minStock:
CsCentral
totalStock:
maxStock:
minStock:
------------------------------------------------------------------
---Stock validation step: 243
linearGrouwth:
CsRandom
totalStock:
maxStock:
minStock:
CsCentral
totalStock:
maxStock:
minStock:
------------------------------------------------------------------
---Stock validation step: 244
linearGrouwth:
CsRandom
totalStock:
maxStock:
minStock:
CsCentral
totalStock:
maxStock:
minStock:
------------------------------------------------------------------
---Stock validation step: 245
linearGrouwth:
CsRandom
totalStock:
maxStock:
minStock:
CsCentral
totalStock:
maxStock:
minStock:
------------------------------------------------------------------
---Stock validation step: 246
linearGrouwth:
CsRandom
totalStock:
maxStock:
minStock:
CsCentral
totalStock:
maxStock:
minStock:
------------------------------------------------------------------
---Stock validation step: 247
linearGrouwth:
CsRandom
totalStock:
maxStock:
minStock:
CsCentral
totalStock:
maxStock:
minStock:
------------------------------------------------------------------
---Stock validation step: 248
linearGrouwth:
CsRandom
totalStock:
maxStock:
minStock:
CsCentral
totalStock:
maxStock:
minStock:
------------------------------------------------------------------
---Stock validation step: 249
linearGrouwth:
CsRandom
totalStock:
maxStock:
minStock:
CsCentral
totalStock:
maxStock:
minStock:
------------------------------------------------------------------
---Stock validation step: 250
linearGrouwth:
CsRandom
totalStock:
maxStock:
minStock:
CsCentral
totalStock:
maxStock:
minStock:
------------------------------------------------------------------
---Stock validation step: 251
linearGrouwth:
CsRandom
totalStock:
maxStock:
minStock:
CsCentral
totalStock:
maxStock:
minStock:
------------------------------------------------------------------
---Stock validation step: 252
linearGrouwth:
CsRandom
totalStock:
maxStock:
minStock:
CsCentral
totalStock:
maxStock:
minStock:
------------------------------------------------------------------
---Stock validation step: 253
linearGrouwth:
CsRandom
totalStock:
maxStock:
minStock:
CsCentral
totalStock:
maxStock:
minStock:
------------------------------------------------------------------
---Stock validation step: 254
linearGrouwth:
CsRandom
totalStock:
maxStock:
minStock:
CsCentral
totalStock:
maxStock:
minStock:
------------------------------------------------------------------
---Stock validation step: 255
linearGrouwth:
CsRandom
totalStock:
maxStock:
minStock:
CsCentral
totalStock:
maxStock:
minStock:
------------------------------------------------------------------
---Stock validation step: 256
linearGrouwth:
CsRandom
totalStock:
maxStock:
minStock:
CsCentral
totalStock:
maxStock:
minStock:
------------------------------------------------------------------
---Stock validation step: 257
linearGrouwth:
CsRandom
totalStock:
maxStock:
minStock:
CsCentral
totalStock:
maxStock:
minStock:
------------------------------------------------------------------
---Stock validation step: 258
linearGrouwth:
CsRandom
totalStock:
maxStock:
minStock:
CsCentral
totalStock:
maxStock:
minStock:
------------------------------------------------------------------
---Stock validation step: 259
linearGrouwth:
CsRandom
totalStock:
maxStock:
minStock:
CsCentral
totalStock:
maxStock:
minStock:
------------------------------------------------------------------
---Stock validation step: 260
linearGrouwth:
CsRandom
totalStock:
maxStock:
minStock:
CsCentral
totalStock:
maxStock:
minStock:
------------------------------------------------------------------
---Stock validation step: 261
linearGrouwth:
CsRandom
totalStock:
maxStock:
minStock:
CsCentral
totalStock:
maxStock:
minStock:
------------------------------------------------------------------
---Stock validation step: 262
linearGrouwth:
CsRandom
totalStock:
maxStock:
minStock:
CsCentral
totalStock:
maxStock:
minStock:
------------------------------------------------------------------
---Stock validation step: 263
linearGrouwth:
CsRandom
totalStock:
maxStock:
minStock:
CsCentral
totalStock:
maxStock:
minStock:
------------------------------------------------------------------
---Stock validation step: 264
linearGrouwth:
CsRandom
totalStock:
maxStock:
minStock:
CsCentral
totalStock:
maxStock:
minStock:
------------------------------------------------------------------
---Stock validation step: 265
linearGrouwth:
CsRandom
totalStock:
maxStock:
minStock:
CsCentral
totalStock:
maxStock:
minStock:
------------------------------------------------------------------
---Stock validation step: 266
linearGrouwth:
CsRandom
totalStock:
maxStock:
minStock:
CsCentral
totalStock:
maxStock:
minStock:
------------------------------------------------------------------
---Stock validation step: 267
linearGrouwth:
CsRandom
totalStock:
maxStock:
minStock:
CsCentral
totalStock:
maxStock:
minStock:
------------------------------------------------------------------
---Stock validation step: 268
linearGrouwth:
CsRandom
totalStock:
maxStock:
minStock:
CsCentral
totalStock:
maxStock:
minStock:
------------------------------------------------------------------
---Stock validation step: 269
linearGrouwth:
CsRandom
totalStock:
maxStock:
minStock:
CsCentral
totalStock:
maxStock:
minStock:
------------------------------------------------------------------
---Stock validation step: 270
linearGrouwth:
CsRandom
totalStock:
maxStock:
minStock:
CsCentral
totalStock:
maxStock:
minStock:
------------------------------------------------------------------
---Stock validation step: 271
linearGrouwth:
CsRandom
totalStock:
maxStock:
minStock:
CsCentral
totalStock:
maxStock:
minStock:
------------------------------------------------------------------
---Stock validation step: 272
linearGrouwth:
CsRandom
totalStock:
maxStock:
minStock:
CsCentral
totalStock:
maxStock:
minStock:
------------------------------------------------------------------
---Stock validation step: 273
linearGrouwth:
CsRandom
totalStock:
maxStock:
minStock:
CsCentral
totalStock:
maxStock:
minStock:
------------------------------------------------------------------
---Stock validation step: 274
linearGrouwth:
CsRandom
totalStock:
maxStock:
minStock:
CsCentral
totalStock:
maxStock:
minStock:
------------------------------------------------------------------
---Stock validation step: 275
linearGrouwth:
CsRandom
totalStock:
maxStock:
minStock:
CsCentral
totalStock:
maxStock:
minStock:
------------------------------------------------------------------
---Stock validation step: 276
linearGrouwth:
CsRandom
totalStock:
maxStock:
minStock:
CsCentral
totalStock:
maxStock:
minStock:
------------------------------------------------------------------
---Stock validation step: 277
linearGrouwth:
CsRandom
totalStock:
maxStock:
minStock:
CsCentral
totalStock:
maxStock:
minStock:
------------------------------------------------------------------
---Stock validation step: 278
linearGrouwth:
CsRandom
totalStock:
maxStock:
minStock:
CsCentral
totalStock:
maxStock:
minStock:
------------------------------------------------------------------
---Stock validation step: 279
linearGrouwth:
CsRandom
totalStock:
maxStock:
minStock:
CsCentral
totalStock:
maxStock:
minStock:
------------------------------------------------------------------
---Stock validation step: 280
linearGrouwth:
CsRandom
totalStock:
maxStock:
minStock:
CsCentral
totalStock:
maxStock:
minStock:
------------------------------------------------------------------
---Stock validation step: 281
linearGrouwth:
CsRandom
totalStock:
maxStock:
minStock:
CsCentral
totalStock:
maxStock:
minStock:
------------------------------------------------------------------
---Stock validation step: 282
linearGrouwth:
CsRandom
totalStock:
maxStock:
minStock:
CsCentral
totalStock:
maxStock:
minStock:
------------------------------------------------------------------
---Stock validation step: 283
linearGrouwth:
CsRandom
totalStock:
maxStock:
minStock:
CsCentral
totalStock:
maxStock:
minStock:
------------------------------------------------------------------
---Stock validation step: 284
linearGrouwth:
CsRandom
totalStock:
maxStock:
minStock:
CsCentral
totalStock:
maxStock:
minStock:
------------------------------------------------------------------
---Stock validation step: 285
linearGrouwth:
CsRandom
totalStock:
maxStock:
minStock:
CsCentral
totalStock:
maxStock:
minStock:
------------------------------------------------------------------
---Stock validation step: 286
linearGrouwth:
CsRandom
totalStock:
maxStock:
minStock:
CsCentral
totalStock:
maxStock:
minStock:
------------------------------------------------------------------
---Stock validation step: 287
linearGrouwth:
CsRandom
totalStock:
maxStock:
minStock:
CsCentral
totalStock:
maxStock:
minStock:
------------------------------------------------------------------
---Stock validation step: 288
linearGrouwth:
CsRandom
totalStock:
maxStock:
minStock:
CsCentral
totalStock:
maxStock:
minStock:
------------------------------------------------------------------
---Stock validation step: 289
linearGrouwth:
CsRandom
totalStock:
maxStock:
minStock:
CsCentral
totalStock:
maxStock:
minStock:
------------------------------------------------------------------
---Stock validation step: 290
linearGrouwth:
CsRandom
totalStock:
maxStock:
minStock:
CsCentral
totalStock:
maxStock:
minStock:
------------------------------------------------------------------
---Stock validation step: 291
linearGrouwth:
CsRandom
totalStock:
maxStock:
minStock:
CsCentral
totalStock:
maxStock:
minStock:
------------------------------------------------------------------
---Stock validation step: 292
linearGrouwth:
CsRandom
totalStock:
maxStock:
minStock:
CsCentral
totalStock:
maxStock:
minStock:
------------------------------------------------------------------
---Stock validation step: 293
linearGrouwth:
CsRandom
totalStock:
maxStock:
minStock:
CsCentral
totalStock:
maxStock:
minStock:
------------------------------------------------------------------
---Stock validation step: 294
linearGrouwth:
CsRandom
totalStock:
maxStock:
minStock:
CsCentral
totalStock:
maxStock:
minStock:
------------------------------------------------------------------
---Stock validation step: 295
linearGrouwth:
CsRandom
totalStock:
maxStock:
minStock:
CsCentral
totalStock:
maxStock:
minStock:
------------------------------------------------------------------
---Stock validation step: 296
linearGrouwth:
CsRandom
totalStock:
maxStock:
minStock:
CsCentral
totalStock:
maxStock:
minStock:
------------------------------------------------------------------
---Stock validation step: 297
linearGrouwth:
CsRandom
totalStock:
maxStock:
minStock:
CsCentral
totalStock:
maxStock:
minStock:
------------------------------------------------------------------
---Stock validation step: 298
linearGrouwth:
CsRandom
totalStock:
maxStock:
minStock:
CsCentral
totalStock:
maxStock:
minStock:
------------------------------------------------------------------
---Stock validation step: 299
linearGrouwth:
CsRandom
totalStock:
maxStock:
minStock:
CsCentral
totalStock:
maxStock:
minStock:
------------------------------------------------------------------
---Stock validation step: 300
linearGrouwth:
CsRandom
totalStock:
maxStock:
minStock:
CsCentral
totalStock:
maxStock:
minStock:
------------------------------------------------------------------
---Stock validation step: 301
linearGrouwth:
CsRandom
totalStock:
maxStock:
minStock:
CsCentral
totalStock:
maxStock:
minStock:
------------------------------------------------------------------
---Stock validation step: 302
linearGrouwth:
CsRandom
totalStock:
maxStock:
minStock:
CsCentral
totalStock:
maxStock:
minStock:
------------------------------------------------------------------
---Stock validation step: 303
linearGrouwth:
CsRandom
totalStock:
maxStock:
minStock:
CsCentral
totalStock:
maxStock:
minStock:
------------------------------------------------------------------
---Stock validation step: 304
linearGrouwth:
CsRandom
totalStock:
maxStock:
minStock:
CsCentral
totalStock:
maxStock:
minStock:
------------------------------------------------------------------
---Stock validation step: 305
linearGrouwth:
CsRandom
totalStock:
maxStock:
minStock:
CsCentral
totalStock:
maxStock:
minStock:
------------------------------------------------------------------
---Stock validation step: 306
linearGrouwth:
CsRandom
totalStock:
maxStock:
minStock:
CsCentral
totalStock:
maxStock:
minStock:
------------------------------------------------------------------
---Stock validation step: 307
linearGrouwth:
CsRandom
totalStock:
maxStock:
minStock:
CsCentral
totalStock:
maxStock:
minStock:
------------------------------------------------------------------
---Stock validation step: 308
linearGrouwth:
CsRandom
totalStock:
maxStock:
minStock:
CsCentral
totalStock:
maxStock:
minStock:
------------------------------------------------------------------
---Stock validation step: 309
linearGrouwth:
CsRandom
totalStock:
maxStock:
minStock:
CsCentral
totalStock:
maxStock:
minStock:
------------------------------------------------------------------
---Stock validation step: 310
linearGrouwth:
CsRandom
totalStock:
maxStock:
minStock:
CsCentral
totalStock:
maxStock:
minStock:
------------------------------------------------------------------
---Stock validation step: 311
linearGrouwth:
CsRandom
totalStock:
maxStock:
minStock:
CsCentral
totalStock:
maxStock:
minStock:
------------------------------------------------------------------
---Stock validation step: 312
linearGrouwth:
CsRandom
totalStock:
maxStock:
minStock:
CsCentral
totalStock:
maxStock:
minStock:
------------------------------------------------------------------
---Stock validation step: 313
linearGrouwth:
CsRandom
totalStock:
maxStock:
minStock:
CsCentral
totalStock:
maxStock:
minStock:
------------------------------------------------------------------
---Stock validation step: 314
linearGrouwth:
CsRandom
totalStock:
maxStock:
minStock:
CsCentral
totalStock:
maxStock:
minStock:
------------------------------------------------------------------
---Stock validation step: 315
linearGrouwth:
CsRandom
totalStock:
maxStock:
minStock:
CsCentral
totalStock:
maxStock:
minStock:
------------------------------------------------------------------
---Stock validation step: 316
linearGrouwth:
CsRandom
totalStock:
maxStock:
minStock:
CsCentral
totalStock:
maxStock:
minStock:
------------------------------------------------------------------
---Stock validation step: 317
linearGrouwth:
CsRandom
totalStock:
maxStock:
minStock:
CsCentral
totalStock:
maxStock:
minStock:
------------------------------------------------------------------
---Stock validation step: 318
linearGrouwth:
CsRandom
totalStock:
maxStock:
minStock:
CsCentral
totalStock:
maxStock:
minStock:
------------------------------------------------------------------
---Stock validation step: 319
linearGrouwth:
CsRandom
totalStock:
maxStock:
minStock:
CsCentral
totalStock:
maxStock:
minStock:
------------------------------------------------------------------
---Stock validation step: 320
linearGrouwth:
CsRandom
totalStock:
maxStock:
minStock:
CsCentral
totalStock:
maxStock:
minStock:
------------------------------------------------------------------
---Stock validation step: 321
linearGrouwth:
CsRandom
totalStock:
maxStock:
minStock:
CsCentral
totalStock:
maxStock:
minStock:
------------------------------------------------------------------
---Stock validation step: 322
linearGrouwth:
CsRandom
totalStock:
maxStock:
minStock:
CsCentral
totalStock:
maxStock:
minStock:
------------------------------------------------------------------
---Stock validation step: 323
linearGrouwth:
CsRandom
totalStock:
maxStock:
minStock:
CsCentral
totalStock:
maxStock:
minStock:
------------------------------------------------------------------
---Stock validation step: 324
linearGrouwth:
CsRandom
totalStock:
maxStock:
minStock:
CsCentral
totalStock:
maxStock:
minStock:
------------------------------------------------------------------
---Stock validation step: 325
linearGrouwth:
CsRandom
totalStock:
maxStock:
minStock:
CsCentral
totalStock:
maxStock:
minStock:
------------------------------------------------------------------
---Stock validation step: 326
linearGrouwth:
CsRandom
totalStock:
maxStock:
minStock:
CsCentral
totalStock:
maxStock:
minStock:
------------------------------------------------------------------
---Stock validation step: 327
linearGrouwth:
CsRandom
totalStock:
maxStock:
minStock:
CsCentral
totalStock:
maxStock:
minStock:
------------------------------------------------------------------
---Stock validation step: 328
linearGrouwth:
CsRandom
totalStock:
maxStock:
minStock:
CsCentral
totalStock:
maxStock:
minStock:
------------------------------------------------------------------
---Stock validation step: 329
linearGrouwth:
CsRandom
totalStock:
maxStock:
minStock:
CsCentral
totalStock:
maxStock:
minStock:
------------------------------------------------------------------
---Stock validation step: 330
linearGrouwth:
CsRandom
totalStock:
maxStock:
minStock:
CsCentral
totalStock:
maxStock:
minStock:
------------------------------------------------------------------
---Stock validation step: 331
linearGrouwth:
CsRandom
totalStock:
maxStock:
minStock:
CsCentral
totalStock:
maxStock:
minStock:
------------------------------------------------------------------
---Stock validation step: 332
linearGrouwth:
CsRandom
totalStock:
maxStock:
minStock:
CsCentral
totalStock:
maxStock:
minStock:
------------------------------------------------------------------
---Stock validation step: 333
linearGrouwth:
CsRandom
totalStock:
maxStock:
minStock:
CsCentral
totalStock:
maxStock:
minStock:
------------------------------------------------------------------
---Stock validation step: 334
linearGrouwth:
CsRandom
totalStock:
maxStock:
minStock:
CsCentral
totalStock:
maxStock:
minStock:
------------------------------------------------------------------
---Stock validation step: 335
linearGrouwth:
CsRandom
totalStock:
maxStock:
minStock:
CsCentral
totalStock:
maxStock:
minStock:
------------------------------------------------------------------
---Stock validation step: 336
linearGrouwth:
CsRandom
totalStock:
maxStock:
minStock:
CsCentral
totalStock:
maxStock:
minStock:
------------------------------------------------------------------
---Stock validation step: 337
linearGrouwth:
CsRandom
totalStock:
maxStock:
minStock:
CsCentral
totalStock:
maxStock:
minStock:
------------------------------------------------------------------
---Stock validation step: 338
linearGrouwth:
CsRandom
totalStock:
maxStock:
minStock:
CsCentral
totalStock:
maxStock:
minStock:
------------------------------------------------------------------
---Stock validation step: 339
linearGrouwth:
CsRandom
totalStock:
maxStock:
minStock:
CsCentral
totalStock:
maxStock:
minStock:
------------------------------------------------------------------
---Stock validation step: 340
linearGrouwth:
CsRandom
totalStock:
maxStock:
minStock:
CsCentral
totalStock:
maxStock:
minStock:
------------------------------------------------------------------
---Stock validation step: 341
linearGrouwth:
CsRandom
totalStock:
maxStock:
minStock:
CsCentral
totalStock:
maxStock:
minStock:
------------------------------------------------------------------
---Stock validation step: 342
linearGrouwth:
CsRandom
totalStock:
maxStock:
minStock:
CsCentral
totalStock:
maxStock:
minStock:
------------------------------------------------------------------
---Stock validation step: 343
linearGrouwth:
CsRandom
totalStock:
maxStock:
minStock:
CsCentral
totalStock:
maxStock:
minStock:
------------------------------------------------------------------
---Stock validation step: 344
linearGrouwth:
CsRandom
totalStock:
maxStock:
minStock:
CsCentral
totalStock:
maxStock:
minStock:
------------------------------------------------------------------
---Stock validation step: 345
linearGrouwth:
CsRandom
totalStock:
maxStock:
minStock:
CsCentral
totalStock:
maxStock:
minStock:
------------------------------------------------------------------
---Stock validation step: 346
linearGrouwth:
CsRandom
totalStock:
maxStock:
minStock:
CsCentral
totalStock:
maxStock:
minStock:
------------------------------------------------------------------
---Stock validation step: 347
linearGrouwth:
CsRandom
totalStock:
maxStock:
minStock:
CsCentral
totalStock:
maxStock:
minStock:
------------------------------------------------------------------
---Stock validation step: 348
linearGrouwth:
CsRandom
totalStock:
maxStock:
minStock:
CsCentral
totalStock:
maxStock:
minStock:
------------------------------------------------------------------
---Stock validation step: 349
linearGrouwth:
CsRandom
totalStock:
maxStock:
minStock:
CsCentral
totalStock:
maxStock:
minStock:
------------------------------------------------------------------
---Stock validation step: 350
linearGrouwth:
CsRandom
totalStock:
maxStock:
minStock:
CsCentral
totalStock:
maxStock:
minStock:
------------------------------------------------------------------
---Stock validation step: 351
linearGrouwth:
CsRandom
totalStock:
maxStock:
minStock:
CsCentral
totalStock:
maxStock:
minStock:
------------------------------------------------------------------
---Stock validation step: 352
linearGrouwth:
CsRandom
totalStock:
maxStock:
minStock:
CsCentral
totalStock:
maxStock:
minStock:
------------------------------------------------------------------
---Stock validation step: 353
linearGrouwth:
CsRandom
totalStock:
maxStock:
minStock:
CsCentral
totalStock:
maxStock:
minStock:
------------------------------------------------------------------
---Stock validation step: 354
linearGrouwth:
CsRandom
totalStock:
maxStock:
minStock:
CsCentral
totalStock:
maxStock:
minStock:
------------------------------------------------------------------
---Stock validation step: 355
linearGrouwth:
CsRandom
totalStock:
maxStock:
minStock:
CsCentral
totalStock:
maxStock:
minStock:
------------------------------------------------------------------
---Stock validation step: 356
linearGrouwth:
CsRandom
totalStock:
maxStock:
minStock:
CsCentral
totalStock:
maxStock:
minStock:
------------------------------------------------------------------
---Stock validation step: 357
linearGrouwth:
CsRandom
totalStock:
maxStock:
minStock:
CsCentral
totalStock:
maxStock:
minStock:
------------------------------------------------------------------
---Stock validation step: 358
linearGrouwth:
CsRandom
totalStock:
maxStock:
minStock:
CsCentral
totalStock:
maxStock:
minStock:
------------------------------------------------------------------
---Stock validation step: 359
linearGrouwth:
CsRandom
totalStock:
maxStock:
minStock:
CsCentral
totalStock:
maxStock:
minStock:
------------------------------------------------------------------
---Stock validation step: 360
linearGrouwth:
CsRandom
totalStock:
maxStock:
minStock:
CsCentral
totalStock:
maxStock:
minStock:
------------------------------------------------------------------
---Stock validation step: 361
linearGrouwth:
CsRandom
totalStock:
maxStock:
minStock:
CsCentral
totalStock:
maxStock:
minStock:
------------------------------------------------------------------
---Stock validation step: 362
linearGrouwth:
CsRandom
totalStock:
maxStock:
minStock:
CsCentral
totalStock:
maxStock:
minStock:
------------------------------------------------------------------
---Stock validation step: 363
linearGrouwth:
CsRandom
totalStock:
maxStock:
minStock:
CsCentral
totalStock:
maxStock:
minStock:
------------------------------------------------------------------
---Stock validation step: 364
linearGrouwth:
CsRandom
totalStock:
maxStock:
minStock:
CsCentral
totalStock:
maxStock:
minStock:
------------------------------------------------------------------
---Stock validation step: 365
linearGrouwth:
CsRandom
totalStock:
maxStock:
minStock:
CsCentral
totalStock:
maxStock:
minStock:
------------------------------------------------------------------
---Stock validation step: 366
linearGrouwth:
CsRandom
totalStock:
maxStock:
minStock:
CsCentral
totalStock:
maxStock:
minStock:
------------------------------------------------------------------
---Stock validation step: 367
linearGrouwth:
CsRandom
totalStock:
maxStock:
minStock:
CsCentral
totalStock:
maxStock:
minStock:
------------------------------------------------------------------
---Stock validation step: 368
linearGrouwth:
CsRandom
totalStock:
maxStock:
minStock:
CsCentral
totalStock:
maxStock:
minStock:
------------------------------------------------------------------
---Stock validation step: 369
linearGrouwth:
CsRandom
totalStock:
maxStock:
minStock:
CsCentral
totalStock:
maxStock:
minStock:
------------------------------------------------------------------
---Stock validation step: 370
linearGrouwth:
CsRandom
totalStock:
maxStock:
minStock:
CsCentral
totalStock:
maxStock:
minStock:
------------------------------------------------------------------
---Stock validation step: 371
linearGrouwth:
CsRandom
totalStock:
maxStock:
minStock:
CsCentral
totalStock:
maxStock:
minStock:
------------------------------------------------------------------
---Stock validation step: 372
linearGrouwth:
CsRandom
totalStock:
maxStock:
minStock:
CsCentral
totalStock:
maxStock:
minStock:
------------------------------------------------------------------
---Stock validation step: 373
linearGrouwth:
CsRandom
totalStock:
maxStock:
minStock:
CsCentral
totalStock:
maxStock:
minStock:
------------------------------------------------------------------
---Stock validation step: 374
linearGrouwth:
CsRandom
totalStock:
maxStock:
minStock:
CsCentral
totalStock:
maxStock:
minStock:
------------------------------------------------------------------
---Stock validation step: 375
linearGrouwth:
CsRandom
totalStock:
maxStock:
minStock:
CsCentral
totalStock:
maxStock:
minStock:
------------------------------------------------------------------
---Stock validation step: 376
linearGrouwth:
CsRandom
totalStock:
maxStock:
minStock:
CsCentral
totalStock:
maxStock:
minStock:
------------------------------------------------------------------
---Stock validation step: 377
linearGrouwth:
CsRandom
totalStock:
maxStock:
minStock:
CsCentral
totalStock:
maxStock:
minStock:
------------------------------------------------------------------
---Stock validation step: 378
linearGrouwth:
CsRandom
totalStock:
maxStock:
minStock:
CsCentral
totalStock:
maxStock:
minStock:
------------------------------------------------------------------
---Stock validation step: 379
linearGrouwth:
CsRandom
totalStock:
maxStock:
minStock:
CsCentral
totalStock:
maxStock:
minStock:
------------------------------------------------------------------
---Stock validation step: 380
linearGrouwth:
CsRandom
totalStock:
maxStock:
minStock:
CsCentral
totalStock:
maxStock:
minStock:
------------------------------------------------------------------
---Stock validation step: 381
linearGrouwth:
CsRandom
totalStock:
maxStock:
minStock:
CsCentral
totalStock:
maxStock:
minStock:
------------------------------------------------------------------
---Stock validation step: 382
linearGrouwth:
CsRandom
totalStock:
maxStock:
minStock:
CsCentral
totalStock:
maxStock:
minStock:
------------------------------------------------------------------
---Stock validation step: 383
linearGrouwth:
CsRandom
totalStock:
maxStock:
minStock:
CsCentral
totalStock:
maxStock:
minStock:
------------------------------------------------------------------
---Stock validation step: 384
linearGrouwth:
CsRandom
totalStock:
maxStock:
minStock:
CsCentral
totalStock:
maxStock:
minStock:
------------------------------------------------------------------
---Stock validation step: 385
linearGrouwth:
CsRandom
totalStock:
maxStock:
minStock:
CsCentral
totalStock:
maxStock:
minStock:
------------------------------------------------------------------
---Stock validation step: 386
linearGrouwth:
CsRandom
totalStock:
maxStock:
minStock:
CsCentral
totalStock:
maxStock:
minStock:
------------------------------------------------------------------
---Stock validation step: 387
linearGrouwth:
CsRandom
totalStock:
maxStock:
minStock:
CsCentral
totalStock:
maxStock:
minStock:
------------------------------------------------------------------
---Stock validation step: 388
linearGrouwth:
CsRandom
totalStock:
maxStock:
minStock:
CsCentral
totalStock:
maxStock:
minStock:
------------------------------------------------------------------
---Stock validation step: 389
linearGrouwth:
CsRandom
totalStock:
maxStock:
minStock:
CsCentral
totalStock:
maxStock:
minStock:
------------------------------------------------------------------
---Stock validation step: 390
linearGrouwth:
CsRandom
totalStock:
maxStock:
minStock:
CsCentral
totalStock:
maxStock:
minStock:
------------------------------------------------------------------
---Stock validation step: 391
linearGrouwth:
CsRandom
totalStock:
maxStock:
minStock:
CsCentral
totalStock:
maxStock:
minStock:
------------------------------------------------------------------
---Stock validation step: 392
linearGrouwth:
CsRandom
totalStock:
maxStock:
minStock:
CsCentral
totalStock:
maxStock:
minStock:
------------------------------------------------------------------
---Stock validation step: 393
linearGrouwth:
CsRandom
totalStock:
maxStock:
minStock:
CsCentral
totalStock:
maxStock:
minStock:
------------------------------------------------------------------
---Stock validation step: 394
linearGrouwth:
CsRandom
totalStock:
maxStock:
minStock:
CsCentral
totalStock:
maxStock:
minStock:
------------------------------------------------------------------
---Stock validation step: 395
linearGrouwth:
CsRandom
totalStock:
maxStock:
minStock:
CsCentral
totalStock:
maxStock:
minStock:
------------------------------------------------------------------
---Stock validation step: 396
linearGrouwth:
CsRandom
totalStock:
maxStock:
minStock:
CsCentral
totalStock:
maxStock:
minStock:
------------------------------------------------------------------
---Stock validation step: 397
linearGrouwth:
CsRandom
totalStock:
maxStock:
minStock:
CsCentral
totalStock:
maxStock:
minStock:
------------------------------------------------------------------
---Stock validation step: 398
linearGrouwth:
CsRandom
totalStock:
maxStock:
minStock:
CsCentral
totalStock:
maxStock:
minStock:
------------------------------------------------------------------
---Stock validation step: 399
linearGrouwth:
CsRandom
totalStock:
maxStock:
minStock:
CsCentral
totalStock:
maxStock:
minStock:
------------------------------------------------------------------
---Stock validation step: 400
linearGrouwth:
CsRandom
totalStock:
maxStock:
minStock:
CsCentral
totalStock:
maxStock:
minStock:
------------------------------------------------------------------
