100
0
0
20
100
0
0
0
20
0
20
20
50
20
100
50
100
20
20
50
50
0
20
100
0
0
50
50
100
20
20
50
20
0
100
0
100
100
50
100
100
20
0
50
50
100
100
100
100
0
100
0
20
0
0
100
50
0
50
20
50
100
20
50
0
50
20
20
0
50
100
100
20
0
0
100
50
100
50
50
20
0
0
0
0
0
0
0
0
0
0
0
0
0
0
0
0
0
0
0
0
0
0
0
0
0
0
0
0
0
0
0
0
0
0
0
0
0
0
0
0
0
0
0
0
0
0
0
0
0
0
0
0
0
0
0
0
0
0
0
0
0
0
0
0
0
0
0
0
0
0
0
0
0
0
0
0
0
0
0
0
0
10.73741824
0.0
0.0
0.564950498
2.82475249
0.0
0.0
0.0
2.147483648
0.0
0.050659032423828
0.050659032423828
0.12664758105957
0.050659032423828
0.25329516211914
0.12664758105957
0.25329516211914
0.564950498
0.564950498
0.12664758105957
0.12664758105957
0.0
0.050659032423828
0.25329516211914
0.0
0.0
1.412376245
1.412376245
0.25329516211914
0.050659032423828
0.050659032423828
0.12664758105957
0.050659032423828
0.0
0.25329516211914
0.0
2.82475249
0.25329516211914
0.12664758105957
0.25329516211914
0.25329516211914
0.050659032423828
0.0
0.12664758105957
1.412376245
2.82475249
0.25329516211914
0.25329516211914
0.25329516211914
0.0
0.25329516211914
0.0
0.050659032423828
0.0
0.0
0.25329516211914
0.12664758105957
0.0
0.12664758105957
0.050659032423828
0.12664758105957
0.25329516211914
0.564950498
1.412376245
0.0
0.12664758105957
0.050659032423828
0.050659032423828
0.0
0.12664758105957
0.25329516211914
2.82475249
2.147483648
0.0
0.0
2.82475249
1.412376245
2.82475249
1.412376245
1.412376245
2.147483648
20.706789611915
25.608743023712
22.95490895989
26.043305859059
32.351558861199
32.248129441544
27.795354919638
25.762001058287
16.834055254896
30.197907570295
39.163615623636
34.558690818208
37.865137543549
44.542822785829
47.148563127202
42.354594699077
41.471895059029
26.756177493441
36.428994980649
49.226455389484
41.695143454382
40.760023667147
41.583936563358
42.995664940047
38.878093714142
40.791150494253
27.122157609062
48.889794302001
67.484550389062
55.73564843854
49.627064258847
42.854139856275
41.253266815667
35.976452377382
39.698346284373
26.521929719369
60.095072050841
83.246159099633
69.281163829518
59.232302502495
47.656758978099
41.006978655573
34.006147096633
37.420180803508
25.598349119018
58.641152880352
82.161672169285
69.413831825594
57.87771762198
45.68645369735
41.13012273562
38.060377822147
43.553575015773
29.884582130582
43.863990294909
63.396279442199
57.386801142774
51.851847959053
46.016456616709
46.79308334694
49.306244611501
56.968977489694
39.577757283345
29.324952846581
44.229481661921
44.958334555452
47.615662586485
48.912770556658
54.487087743615
60.491535988405
70.579814185682
49.452414198298
13.956586166224
22.457622819132
26.127147638493
32.592084820779
36.721506632028
41.680103418751
45.401957638828
51.758484598918
36.049424133591
